2025-10-24 08:16:10,751 [INFO] Activator:176 - 


2025-10-24 08:16:10,759 [INFO] Activator:177 - !SESSION log4j initialized
2025-10-24 08:16:16,722 [INFO] LogOutputStream:77 - [STDOUT_REDIRECT] 
2025-10-24 08:16:22,688 [INFO] ApplicationProperties:184 - Using Application install path: C:\ST\STM32CubeIDE_1.19.0\STM32CubeIDE\plugins\com.st.stm32cube.common.mx_6.15.0.202507011659
2025-10-24 08:16:22,704 [INFO] DbMcusXml:78 - Set database path to: C:\ST\STM32CubeIDE_1.19.0\STM32CubeIDE\plugins\com.st.stm32cube.common.mx_6.15.0.202507011659\\db\/mcu/
2025-10-24 08:16:22,704 [INFO] ApiDb:274 - Set plugin database path to: C:\ST\STM32CubeIDE_1.19.0\STM32CubeIDE\plugins\com.st.stm32cube.common.mx_6.15.0.202507011659\\db\/plugins/boardmanager/
2025-10-24 08:16:22,704 [WARN] ApiDb:259 - Overriding images path with different value:  => C:\ST\STM32CubeIDE_1.19.0\STM32CubeIDE\plugins\com.st.stm32cube.common.mx_6.15.0.202507011659\\db\/plugins/mcufinder/images/
2025-10-24 08:16:22,719 [INFO] ApiDb:250 - Set database path to: C:\Users\Abhishek\.stmcufinder\plugins\mcufinder//mcu/
2025-10-24 08:16:22,719 [INFO] DbMcusAds:125 - Set database path to: C:\Users\Abhishek\.stmcufinder\plugins\mcufinder//mcu/
2025-10-24 08:16:22,719 [INFO] CrossReferenceDbSqlite:203 - Set database path to: C:\Users\Abhishek\.stmcufinder\plugins\mcufinder//mcu/cs/
2025-10-24 08:16:22,877 [INFO] RulesReader:64 - Compatibility file has been processed (317 Rules)
2025-10-24 08:16:22,972 [INFO] DbMcusXml:78 - Set database path to: C:\ST\STM32CubeIDE_1.19.0\STM32CubeIDE\plugins\com.st.stm32cube.common.mx_6.15.0.202507011659\\db\/mcu/
2025-10-24 08:16:22,972 [INFO] ApiDb:274 - Set plugin database path to: C:\ST\STM32CubeIDE_1.19.0\STM32CubeIDE\plugins\com.st.stm32cube.common.mx_6.15.0.202507011659\\db\/plugins/boardmanager/
2025-10-24 08:16:22,972 [INFO] ApiDb:261 - Set plugin images path to: C:\ST\STM32CubeIDE_1.19.0\STM32CubeIDE\plugins\com.st.stm32cube.common.mx_6.15.0.202507011659\\db\/plugins/mcufinder/images/
2025-10-24 08:16:22,972 [WARN] DbFile:41 - Overriding database path with different value: C:\Users\Abhishek\.stmcufinder\plugins\mcufinder/ => C:\Users\Abhishek\.stmcufinder\plugins\mcufinder
2025-10-24 08:16:22,972 [INFO] ApiDb:250 - Set database path to: C:\Users\Abhishek\.stmcufinder\plugins\mcufinder//mcu/
2025-10-24 08:16:22,972 [WARN] DbFile:41 - Overriding database path with different value: C:\Users\Abhishek\.stmcufinder\plugins\mcufinder/ => C:\Users\Abhishek\.stmcufinder\plugins\mcufinder
2025-10-24 08:16:22,972 [INFO] DbMcusAds:125 - Set database path to: C:\Users\Abhishek\.stmcufinder\plugins\mcufinder//mcu/
2025-10-24 08:16:22,972 [WARN] DbFile:41 - Overriding database path with different value: C:\Users\Abhishek\.stmcufinder\plugins\mcufinder/ => C:\Users\Abhishek\.stmcufinder\plugins\mcufinder
2025-10-24 08:16:22,972 [WARN] DbFile:41 - Overriding database path with different value: C:\Users\Abhishek\.stmcufinder\plugins\mcufinder/ => C:\Users\Abhishek\.stmcufinder\plugins\mcufinder
2025-10-24 08:16:22,972 [INFO] CrossReferenceDbSqlite:203 - Set database path to: C:\Users\Abhishek\.stmcufinder\plugins\mcufinder//mcu/cs/
2025-10-24 08:16:23,084 [INFO] MainPanel:274 - HeapMemory: 268435456
2025-10-24 08:16:23,210 [INFO] DbMcusXml:78 - Set database path to: C:\ST\STM32CubeIDE_1.19.0\STM32CubeIDE\plugins\com.st.stm32cube.common.mx_6.15.0.202507011659\\db\/mcu/
2025-10-24 08:16:23,210 [INFO] ApiDb:274 - Set plugin database path to: C:\ST\STM32CubeIDE_1.19.0\STM32CubeIDE\plugins\com.st.stm32cube.common.mx_6.15.0.202507011659\\db\/plugins/boardmanager/
2025-10-24 08:16:23,210 [INFO] ApiDb:261 - Set plugin images path to: C:\ST\STM32CubeIDE_1.19.0\STM32CubeIDE\plugins\com.st.stm32cube.common.mx_6.15.0.202507011659\\db\/plugins/mcufinder/images/
2025-10-24 08:16:23,210 [WARN] DbFile:41 - Overriding database path with different value: C:\Users\Abhishek\.stmcufinder\plugins\mcufinder/ => C:\Users\Abhishek\.stmcufinder\plugins\mcufinder
2025-10-24 08:16:23,210 [INFO] ApiDb:250 - Set database path to: C:\Users\Abhishek\.stmcufinder\plugins\mcufinder//mcu/
2025-10-24 08:16:23,210 [WARN] DbFile:41 - Overriding database path with different value: C:\Users\Abhishek\.stmcufinder\plugins\mcufinder/ => C:\Users\Abhishek\.stmcufinder\plugins\mcufinder
2025-10-24 08:16:23,210 [INFO] DbMcusAds:125 - Set database path to: C:\Users\Abhishek\.stmcufinder\plugins\mcufinder//mcu/
2025-10-24 08:16:23,210 [WARN] DbFile:41 - Overriding database path with different value: C:\Users\Abhishek\.stmcufinder\plugins\mcufinder/ => C:\Users\Abhishek\.stmcufinder\plugins\mcufinder
2025-10-24 08:16:23,210 [WARN] DbFile:41 - Overriding database path with different value: C:\Users\Abhishek\.stmcufinder\plugins\mcufinder/ => C:\Users\Abhishek\.stmcufinder\plugins\mcufinder
2025-10-24 08:16:23,210 [INFO] CrossReferenceDbSqlite:203 - Set database path to: C:\Users\Abhishek\.stmcufinder\plugins\mcufinder//mcu/cs/
2025-10-24 08:16:23,246 [INFO] ApplicationProperties:184 - Using Application install path: C:\ST\STM32CubeIDE_1.19.0\STM32CubeIDE\plugins\com.st.stm32cube.common.mx_6.15.0.202507011659
2025-10-24 08:16:23,248 [INFO] PluginManage:196 - Search for loadable plugins [exclusion list=, ]
2025-10-24 08:16:23,248 [INFO] PluginManage:310 - Check plugin analytics
2025-10-24 08:16:28,540 [INFO] AnalyticsPlugin:253 - Accepted Software Licenses: 
2025-10-24 08:16:28,540 [INFO] AnalyticsPlugin:255 - Accepted CMSIS Pack Licenses: 
2025-10-24 08:16:28,540 [INFO] AnalyticsPlugin:257 - Accepted Firmware Licenses: FW.F4.1.28.0
2025-10-24 08:16:28,542 [INFO] PluginManage:359 - Loaded plugin analytics (category:tool,tabindex:-1)
2025-10-24 08:16:28,542 [INFO] PluginManage:310 - Check plugin cadmodel
2025-10-24 08:16:28,550 [INFO] CADModel:105 - Init CAD model plugin
2025-10-24 08:16:28,550 [INFO] PluginManage:359 - Loaded plugin cadmodel (category:power,tabindex:5)
2025-10-24 08:16:28,550 [INFO] PluginManage:310 - Check plugin clock
2025-10-24 08:16:28,556 [INFO] PluginManage:359 - Loaded plugin clock (category:base,tabindex:2)
2025-10-24 08:16:28,556 [INFO] PluginManage:310 - Check plugin ddr
2025-10-24 08:16:28,561 [INFO] PluginManage:359 - Loaded plugin ddr (category:tool,tabindex:6)
2025-10-24 08:16:28,561 [INFO] PluginManage:310 - Check plugin filemanager
2025-10-24 08:16:28,745 [INFO] PluginManage:359 - Loaded plugin filemanager (category:base,tabindex:10)
2025-10-24 08:16:28,745 [INFO] PluginManage:310 - Check plugin ipmanager
2025-10-24 08:16:28,754 [INFO] PluginManage:359 - Loaded plugin ipmanager (category:base,tabindex:5)
2025-10-24 08:16:28,754 [INFO] PluginManage:310 - Check plugin lpbam
2025-10-24 08:16:28,768 [INFO] PluginManage:359 - Loaded plugin lpbam (category:base,tabindex:0)
2025-10-24 08:16:28,768 [INFO] PluginManage:310 - Check plugin memorymap
2025-10-24 08:16:28,772 [INFO] PluginManage:359 - Loaded plugin memorymap (category:base,tabindex:4)
2025-10-24 08:16:28,784 [INFO] PluginManage:310 - Check plugin pinoutandconfiguration
2025-10-24 08:16:28,784 [INFO] PluginManage:359 - Loaded plugin pinoutandconfiguration (category:base,tabindex:1)
2025-10-24 08:16:28,784 [INFO] PluginManage:310 - Check plugin pinoutconfig
2025-10-24 08:16:28,891 [WARN] SupportedApi:132 - Cannot load RTOS API schema: s4s-elt-must-match.1: The content of 'definitions' must match (annotation?, (simpleType | complexType)?, (unique | key | keyref)*)). A problem was found starting at: attribute.
2025-10-24 08:16:29,045 [INFO] PluginManage:359 - Loaded plugin pinoutconfig (category:base,tabindex:0)
2025-10-24 08:16:29,045 [INFO] PluginManage:310 - Check plugin power
2025-10-24 08:16:29,055 [INFO] PluginManage:359 - Loaded plugin power (category:power,tabindex:4)
2025-10-24 08:16:29,055 [INFO] PluginManage:310 - Check plugin projectmanager
2025-10-24 08:16:29,084 [INFO] PluginManage:359 - Loaded plugin projectmanager (category:projectmanager,tabindex:4)
2025-10-24 08:16:29,084 [INFO] PluginManage:310 - Check plugin rif
2025-10-24 08:16:29,095 [INFO] PluginManage:359 - Loaded plugin rif (category:base,tabindex:3)
2025-10-24 08:16:29,095 [INFO] PluginManage:310 - Check plugin thirdparty
2025-10-24 08:16:29,275 [WARN] IntegrityCheckThread:84 - waiting for thirdparty lock release [integrity check]
2025-10-24 08:16:29,275 [INFO] IntegrityCheckThread:86 - entering critical section [integrity check]
2025-10-24 08:16:29,275 [INFO] PluginManage:359 - Loaded plugin thirdparty (category:base,tabindex:-1)
2025-10-24 08:16:29,275 [INFO] PluginManage:310 - Check plugin tools
2025-10-24 08:16:29,275 [INFO] ThirdPartyUpdaterWithRetryManager:70 - Updater plugin not ready yet. [1/15]
2025-10-24 08:16:29,275 [INFO] PluginManage:359 - Loaded plugin tools (category:base,tabindex:7)
2025-10-24 08:16:29,275 [INFO] PluginManage:310 - Check plugin tutovideos
2025-10-24 08:16:29,504 [INFO] PluginManage:359 - Loaded plugin tutovideos (category:base,tabindex:-1)
2025-10-24 08:16:29,504 [INFO] PluginManage:310 - Check plugin updater
2025-10-24 08:16:29,532 [INFO] PluginManage:359 - Loaded plugin updater (category:base,tabindex:12)
2025-10-24 08:16:29,532 [INFO] PluginManage:310 - Check plugin userauth
2025-10-24 08:16:29,535 [INFO] UserAuth:118 - Init User Auth plugin
2025-10-24 08:16:29,535 [INFO] PluginManage:359 - Loaded plugin userauth (category:base,tabindex:14)
2025-10-24 08:16:29,539 [INFO] PluginManage:283 - PluginManage : Loaded plugins [18]
2025-10-24 08:16:29,753 [INFO] PinOutPanel:1589 - setPackage(No Configuration,No Configuration)
2025-10-24 08:16:29,867 [INFO] CADModel:165 - CPN selected for project level
2025-10-24 08:16:29,867 [INFO] CADModel:114 - Register for checkConnection events
2025-10-24 08:16:29,891 [INFO] IPUIPlugin:80 - create IPUIPlugin
2025-10-24 08:16:29,893 [INFO] PluginManager:220 - loadIPPluginJar : add adc
2025-10-24 08:16:29,896 [INFO] IPUIPlugin:80 - create IPUIPlugin
2025-10-24 08:16:29,896 [INFO] PluginManager:220 - loadIPPluginJar : add aes
2025-10-24 08:16:29,899 [INFO] IPUIPlugin:80 - create IPUIPlugin
2025-10-24 08:16:29,899 [INFO] PluginManager:220 - loadIPPluginJar : add can
2025-10-24 08:16:29,901 [INFO] IPUIPlugin:80 - create IPUIPlugin
2025-10-24 08:16:29,901 [INFO] PluginManager:220 - loadIPPluginJar : add comp
2025-10-24 08:16:29,901 [INFO] IPUIPlugin:80 - create IPUIPlugin
2025-10-24 08:16:29,901 [INFO] PluginManager:220 - loadIPPluginJar : add cryp
2025-10-24 08:16:29,901 [INFO] IPUIPlugin:80 - create IPUIPlugin
2025-10-24 08:16:29,901 [INFO] PluginManager:220 - loadIPPluginJar : add ddr_ctrl_phy
2025-10-24 08:16:29,901 [INFO] IPUIPlugin:80 - create IPUIPlugin
2025-10-24 08:16:29,901 [INFO] PluginManager:220 - loadIPPluginJar : add dfsdm
2025-10-24 08:16:29,913 [INFO] IPUIPlugin:80 - create IPUIPlugin
2025-10-24 08:16:29,913 [INFO] PluginManager:220 - loadIPPluginJar : add dma
2025-10-24 08:16:29,913 [INFO] IPUIPlugin:80 - create IPUIPlugin
2025-10-24 08:16:29,913 [INFO] PluginManager:220 - loadIPPluginJar : add dma3
2025-10-24 08:16:29,922 [INFO] IPUIPlugin:80 - create IPUIPlugin
2025-10-24 08:16:29,924 [INFO] PluginManager:220 - loadIPPluginJar : add extmemmanager
2025-10-24 08:16:29,924 [INFO] IPUIPlugin:80 - create IPUIPlugin
2025-10-24 08:16:29,924 [INFO] PluginManager:220 - loadIPPluginJar : add fatfs
2025-10-24 08:16:29,930 [INFO] IPUIPlugin:80 - create IPUIPlugin
2025-10-24 08:16:29,930 [INFO] PluginManager:220 - loadIPPluginJar : add fmc
2025-10-24 08:16:29,936 [INFO] IPUIPlugin:80 - create IPUIPlugin
2025-10-24 08:16:29,936 [INFO] PluginManager:220 - loadIPPluginJar : add freertos
2025-10-24 08:16:29,936 [INFO] IPUIPlugin:80 - create IPUIPlugin
2025-10-24 08:16:29,936 [INFO] PluginManager:220 - loadIPPluginJar : add genericplugin
2025-10-24 08:16:29,938 [INFO] IPUIPlugin:80 - create IPUIPlugin
2025-10-24 08:16:29,940 [INFO] PluginManager:220 - loadIPPluginJar : add gfxmmu
2025-10-24 08:16:29,945 [INFO] IPUIPlugin:80 - create IPUIPlugin
2025-10-24 08:16:29,945 [INFO] PluginManager:220 - loadIPPluginJar : add gic
2025-10-24 08:16:29,949 [INFO] IPUIPlugin:80 - create IPUIPlugin
2025-10-24 08:16:29,949 [INFO] PluginManager:220 - loadIPPluginJar : add gpio
2025-10-24 08:16:29,952 [INFO] IPUIPlugin:80 - create IPUIPlugin
2025-10-24 08:16:29,952 [INFO] PluginManager:220 - loadIPPluginJar : add gtzc
2025-10-24 08:16:29,953 [INFO] IPUIPlugin:80 - create IPUIPlugin
2025-10-24 08:16:29,953 [INFO] PluginManager:220 - loadIPPluginJar : add hash
2025-10-24 08:16:29,958 [INFO] IPUIPlugin:80 - create IPUIPlugin
2025-10-24 08:16:29,958 [INFO] PluginManager:220 - loadIPPluginJar : add i2c
2025-10-24 08:16:29,959 [INFO] IPUIPlugin:80 - create IPUIPlugin
2025-10-24 08:16:29,959 [INFO] PluginManager:220 - loadIPPluginJar : add i2s
2025-10-24 08:16:29,963 [INFO] IPUIPlugin:80 - create IPUIPlugin
2025-10-24 08:16:29,965 [INFO] PluginManager:220 - loadIPPluginJar : add i3c
2025-10-24 08:16:29,967 [INFO] IPUIPlugin:80 - create IPUIPlugin
2025-10-24 08:16:29,967 [INFO] PluginManager:220 - loadIPPluginJar : add ipddr
2025-10-24 08:16:29,977 [INFO] IPUIPlugin:80 - create IPUIPlugin
2025-10-24 08:16:29,977 [INFO] PluginManager:220 - loadIPPluginJar : add linkedlist
2025-10-24 08:16:29,981 [INFO] IPUIPlugin:80 - create IPUIPlugin
2025-10-24 08:16:29,981 [INFO] PluginManager:220 - loadIPPluginJar : add lorawan
2025-10-24 08:16:29,985 [INFO] IPUIPlugin:80 - create IPUIPlugin
2025-10-24 08:16:29,985 [INFO] PluginManager:220 - loadIPPluginJar : add ltdc
2025-10-24 08:16:29,993 [INFO] IPUIPlugin:80 - create IPUIPlugin
2025-10-24 08:16:29,993 [INFO] PluginManager:220 - loadIPPluginJar : add mdma
2025-10-24 08:16:29,997 [INFO] IPUIPlugin:80 - create IPUIPlugin
2025-10-24 08:16:29,999 [INFO] PluginManager:220 - loadIPPluginJar : add nvic
2025-10-24 08:16:30,001 [INFO] IPUIPlugin:80 - create IPUIPlugin
2025-10-24 08:16:30,001 [INFO] PluginManager:220 - loadIPPluginJar : add opamp
2025-10-24 08:16:30,007 [INFO] IPUIPlugin:80 - create IPUIPlugin
2025-10-24 08:16:30,007 [INFO] PluginManager:220 - loadIPPluginJar : add openamp
2025-10-24 08:16:30,011 [INFO] IPUIPlugin:80 - create IPUIPlugin
2025-10-24 08:16:30,011 [INFO] PluginManager:220 - loadIPPluginJar : add pdm2pcm
2025-10-24 08:16:30,018 [INFO] IPUIPlugin:80 - create IPUIPlugin
2025-10-24 08:16:30,020 [INFO] PluginManager:220 - loadIPPluginJar : add plateformsettings
2025-10-24 08:16:30,022 [INFO] IPUIPlugin:80 - create IPUIPlugin
2025-10-24 08:16:30,022 [INFO] PluginManager:220 - loadIPPluginJar : add quadspi
2025-10-24 08:16:30,024 [INFO] IPUIPlugin:80 - create IPUIPlugin
2025-10-24 08:16:30,024 [INFO] PluginManager:220 - loadIPPluginJar : add radio
2025-10-24 08:16:30,030 [INFO] IPUIPlugin:80 - create IPUIPlugin
2025-10-24 08:16:30,030 [INFO] PluginManager:220 - loadIPPluginJar : add resmgrutility
2025-10-24 08:16:30,030 [INFO] IPUIPlugin:80 - create IPUIPlugin
2025-10-24 08:16:30,030 [INFO] PluginManager:220 - loadIPPluginJar : add sai
2025-10-24 08:16:30,038 [INFO] IPUIPlugin:80 - create IPUIPlugin
2025-10-24 08:16:30,038 [INFO] PluginManager:220 - loadIPPluginJar : add spi
2025-10-24 08:16:30,046 [INFO] IPUIPlugin:80 - create IPUIPlugin
2025-10-24 08:16:30,046 [INFO] PluginManager:220 - loadIPPluginJar : add stm32_wpan
2025-10-24 08:16:30,046 [INFO] IPUIPlugin:80 - create IPUIPlugin
2025-10-24 08:16:30,046 [INFO] PluginManager:220 - loadIPPluginJar : add tim
2025-10-24 08:16:30,054 [INFO] IPUIPlugin:80 - create IPUIPlugin
2025-10-24 08:16:30,054 [INFO] PluginManager:220 - loadIPPluginJar : add touchsensing
2025-10-24 08:16:30,058 [INFO] IPUIPlugin:80 - create IPUIPlugin
2025-10-24 08:16:30,058 [INFO] PluginManager:220 - loadIPPluginJar : add tracer_emb
2025-10-24 08:16:30,060 [INFO] IPUIPlugin:80 - create IPUIPlugin
2025-10-24 08:16:30,060 [INFO] PluginManager:220 - loadIPPluginJar : add ts
2025-10-24 08:16:30,062 [INFO] IPUIPlugin:80 - create IPUIPlugin
2025-10-24 08:16:30,062 [INFO] PluginManager:220 - loadIPPluginJar : add tsc
2025-10-24 08:16:30,064 [INFO] IPUIPlugin:80 - create IPUIPlugin
2025-10-24 08:16:30,064 [INFO] PluginManager:220 - loadIPPluginJar : add ucpd
2025-10-24 08:16:30,068 [INFO] IPUIPlugin:80 - create IPUIPlugin
2025-10-24 08:16:30,068 [INFO] PluginManager:220 - loadIPPluginJar : add usart
2025-10-24 08:16:30,070 [INFO] IPUIPlugin:80 - create IPUIPlugin
2025-10-24 08:16:30,070 [INFO] PluginManager:220 - loadIPPluginJar : add usbx
2025-10-24 08:16:30,218 [FATAL] Updater:351 - Updater called before beeing initialized
2025-10-24 08:16:30,250 [INFO] RulesReader:64 - Compatibility file has been processed (317 Rules)
2025-10-24 08:16:30,268 [INFO] RulesReader:64 - Compatibility file has been processed (317 Rules)
2025-10-24 08:16:30,268 [INFO] CADModel:165 - CPN selected for project level
2025-10-24 08:16:30,268 [INFO] CADModel:114 - Register for checkConnection events
2025-10-24 08:16:30,268 [FATAL] Updater:351 - Updater called before beeing initialized
2025-10-24 08:16:30,268 [ERROR] CADModel:125 - Updater not yet initialized, retry later 
2025-10-24 08:16:30,478 [FATAL] Updater:351 - Updater called before beeing initialized
2025-10-24 08:16:30,482 [INFO] CADModel:165 - CPN selected for project level
2025-10-24 08:16:30,482 [INFO] CADModel:114 - Register for checkConnection events
2025-10-24 08:16:30,482 [FATAL] Updater:351 - Updater called before beeing initialized
2025-10-24 08:16:30,482 [ERROR] CADModel:125 - Updater not yet initialized, retry later 
2025-10-24 08:16:30,489 [FATAL] Updater:351 - Updater called before beeing initialized
2025-10-24 08:16:30,656 [FATAL] Updater:351 - Updater called before beeing initialized
2025-10-24 08:16:30,656 [INFO] DbMcusAds:53 - JSON generation date=Thu Oct 02 15:06:05 IST 2025 (1759397765645)
2025-10-24 08:16:30,656 [FATAL] Updater:351 - Updater called before beeing initialized
2025-10-24 08:16:30,695 [WARN] DetailPanel:346 - Failed to get advertising image, set to default
2025-10-24 08:16:30,815 [FATAL] Updater:351 - Updater called before beeing initialized
2025-10-24 08:16:30,823 [FATAL] Updater:351 - Updater called before beeing initialized
2025-10-24 08:16:30,823 [FATAL] Updater:351 - Updater called before beeing initialized
2025-10-24 08:16:30,823 [WARN] DetailPanel:346 - Failed to get advertising image, set to default
2025-10-24 08:16:30,827 [FATAL] Updater:351 - Updater called before beeing initialized
2025-10-24 08:16:30,884 [ERROR] Updater:1198 - MainUpdater not yet initialized. External WinMGr cannot be set.
2025-10-24 08:16:30,901 [INFO] Updater:1134 - Updater Version found : 6.15.0
2025-10-24 08:16:30,931 [INFO] ApplicationProperties:184 - Using Application install path: C:\ST\STM32CubeIDE_1.19.0\STM32CubeIDE\plugins\com.st.stm32cube.common.mx_6.15.0.202507011659
2025-10-24 08:16:32,286 [INFO] ThirdPartyUpdaterWithRetryManager:70 - Updater plugin not ready yet. [2/15]
2025-10-24 08:16:32,556 [ERROR] LogOutputStream:75 - [STDERR_REDIRECT] Oct 24, 2025 8:16:32 AM java.util.prefs.WindowsPreferences <init>
2025-10-24 08:16:32,563 [ERROR] LogOutputStream:75 - [STDERR_REDIRECT] WARNING: Could not open/create prefs root node Software\JavaSoft\Prefs at root 0xffffffff80000002. Windows RegCreateKeyEx(...) returned error code 5.
2025-10-24 08:16:32,566 [ERROR] LogOutputStream:75 - [STDERR_REDIRECT] 
2025-10-24 08:16:32,904 [INFO] MainUpdater:2872 - connection check result : 10
2025-10-24 08:16:32,904 [INFO] MainUpdater:289 - Updater Check For Update Now.
2025-10-24 08:16:32,904 [INFO] MicroXplorer:498 - Change Database Version : DB.6.0.150
2025-10-24 08:16:32,921 [INFO] McuFinderGlobals:63 - Set McuFinder mode to 2 (CubeIDE integrated)
2025-10-24 08:16:32,921 [INFO] UserAuth:171 - activating auth plugin
2025-10-24 08:16:32,928 [INFO] UserAuth:487 - Internet connection configuration mode: 1
2025-10-24 08:16:32,951 [INFO] JxBrowserEngine:152 - Initiate JxBrowser Engine with user profile folder
2025-10-24 08:16:33,109 [INFO] CheckServerUpdateThread:120 - End of CheckServer Thread
2025-10-24 08:16:33,627 [INFO] WebApp:169 - Instantiating new browser for Auth
2025-10-24 08:16:34,408 [INFO] WebApp:463 - Apply proxy settings
2025-10-24 08:16:34,415 [INFO] WebApp:548 - Chromium requires no authentication
2025-10-24 08:16:34,419 [INFO] WebApp:491 - Direct internet connection detected
2025-10-24 08:16:34,463 [INFO] WebApp:900 - Register for checkConnection events
2025-10-24 08:16:34,463 [INFO] WebApp:463 - Apply proxy settings
2025-10-24 08:16:34,463 [INFO] WebApp:548 - Chromium requires no authentication
2025-10-24 08:16:34,463 [INFO] WebApp:491 - Direct internet connection detected
2025-10-24 08:16:34,654 [INFO] WebApp:225 - Starting web application
2025-10-24 08:16:34,654 [INFO] WebApp:593 - Web application path used C:\ST\STM32CubeIDE_1.19.0\STM32CubeIDE\plugins\com.st.stm32cube.common.mx_6.15.0.202507011659\db\plugins\mcufinder\reactClient1\index.html
2025-10-24 08:16:34,795 [INFO] WebApp:191 - Connection restablished
2025-10-24 08:16:35,547 [WARN] PackLoader:240 - Cannot read IP mode file for STMicroelectronics.FP-SNS-MOTENVWB1.1.4.0
2025-10-24 08:16:35,562 [WARN] PackLoader:240 - Cannot read IP mode file for STMicroelectronics.FP-ATR-ASTRA1.2.0.2
2025-10-24 08:16:35,578 [WARN] PackLoader:240 - Cannot read IP mode file for STMicroelectronics.X-CUBE-SMBUS.2.1.0
2025-10-24 08:16:35,585 [WARN] PackLoader:240 - Cannot read IP mode file for STMicroelectronics.X-CUBE-ST60.1.0.0
2025-10-24 08:16:35,626 [WARN] PackLoader:240 - Cannot read IP mode file for STMicroelectronics.X-CUBE-AZRTOS-F7.1.1.0
2025-10-24 08:16:35,639 [WARN] PackLoader:240 - Cannot read IP mode file for Cesanta.I-CUBE-Mongoose.7.19.0
2025-10-24 08:16:35,652 [WARN] PackLoader:240 - Cannot read IP mode file for WES.I-CUBE-Cesium.1.4.0
2025-10-24 08:16:35,687 [WARN] PackLoader:240 - Cannot read IP mode file for Infineon.AIROC-Wi-Fi-Bluetooth-STM32.1.7.1
2025-10-24 08:16:35,708 [WARN] PackLoader:240 - Cannot read IP mode file for STMicroelectronics.X-CUBE-AZRTOS-H7.3.4.0
2025-10-24 08:16:35,719 [WARN] PackLoader:240 - Cannot read IP mode file for STMicroelectronics.X-CUBE-DISPLAY.3.0.0
2025-10-24 08:16:35,729 [WARN] PackLoader:240 - Cannot read IP mode file for STMicroelectronics.X-CUBE-NFC10.1.0.0
2025-10-24 08:16:35,738 [WARN] PackLoader:240 - Cannot read IP mode file for STMicroelectronics.X-CUBE-ST60.1.1.0
2025-10-24 08:16:35,747 [WARN] PackLoader:240 - Cannot read IP mode file for emotas.I-CUBE-CANOPEN.1.3.0
2025-10-24 08:16:35,755 [WARN] PackLoader:240 - Cannot read IP mode file for STMicroelectronics.FP-SNS-STBOX1.2.1.0
2025-10-24 08:16:35,760 [WARN] PackLoader:240 - Cannot read IP mode file for STMicroelectronics.FP-SNS-SMARTAG2.1.2.0
2025-10-24 08:16:35,766 [WARN] PackLoader:240 - Cannot read IP mode file for STMicroelectronics.FP-SNS-FLIGHT1.5.1.0
2025-10-24 08:16:35,773 [INFO] LogOutputStream:77 - [STDOUT_REDIRECT] 1 : Invalid condition id : UX_CORESTACK_Condition cause : null
2025-10-24 08:16:35,773 [INFO] LogOutputStream:77 - [STDOUT_REDIRECT] 1 : Invalid condition id : UX_CORESTACK_Condition cause : null
2025-10-24 08:16:35,775 [INFO] LogOutputStream:77 - [STDOUT_REDIRECT] 1 : Invalid condition id : UX_CORESTACK_Condition cause : null
2025-10-24 08:16:35,776 [INFO] LogOutputStream:77 - [STDOUT_REDIRECT] 1 : Invalid condition id : UX_CORESTACK_Condition cause : null
2025-10-24 08:16:35,777 [INFO] LogOutputStream:77 - [STDOUT_REDIRECT] 1 : Invalid condition id : UX_CORESTACK_Condition cause : null
2025-10-24 08:16:35,793 [WARN] PackLoader:240 - Cannot read IP mode file for STMicroelectronics.X-CUBE-AZRTOS-WL.2.0.0
2025-10-24 08:16:35,804 [WARN] PackLoader:240 - Cannot read IP mode file for STMicroelectronics.FP-SNS-MOTENV1.5.0.0
2025-10-24 08:16:35,812 [WARN] PackLoader:240 - Cannot read IP mode file for STMicroelectronics.X-CUBE-BLE2.3.3.0
2025-10-24 08:16:35,823 [WARN] PackLoader:240 - Cannot read IP mode file for STMicroelectronics.X-CUBE-NFC9.1.0.0
2025-10-24 08:16:35,835 [WARN] PackLoader:240 - Cannot read IP mode file for wolfSSL.I-CUBE-wolfSSL.5.8.2
2025-10-24 08:16:35,840 [WARN] PackLoader:240 - Cannot read IP mode file for STMicroelectronics.X-CUBE-BLE1.7.1.0
2025-10-24 08:16:35,847 [WARN] PackLoader:240 - Cannot read IP mode file for wolfSSL.I-CUBE-wolfMQTT.1.19.2
2025-10-24 08:16:35,852 [WARN] PackLoader:240 - Cannot read IP mode file for STMicroelectronics.X-CUBE-EEPRMA1.5.2.0
2025-10-24 08:16:35,859 [WARN] PackLoader:240 - Cannot read IP mode file for STMicroelectronics.X-CUBE-ST67W61.1.1.0
2025-10-24 08:16:35,874 [WARN] PackLoader:240 - Cannot read IP mode file for STMicroelectronics.X-CUBE-AZRTOS-G0.1.1.0
2025-10-24 08:16:35,882 [WARN] PackLoader:240 - Cannot read IP mode file for STMicroelectronics.X-CUBE-SAFEA1.1.2.2
2025-10-24 08:16:35,889 [WARN] PackLoader:240 - Cannot read IP mode file for STMicroelectronics.X-CUBE-NFC4.3.0.0
2025-10-24 08:16:35,901 [WARN] PackLoader:240 - Cannot read IP mode file for EmbeddedOffice.I-CUBE-FS-RTOS.1.0.1
2025-10-24 08:16:35,906 [WARN] PackLoader:240 - Cannot read IP mode file for STMicroelectronics.X-CUBE-WB05N.2.0.0
2025-10-24 08:16:35,909 [WARN] PackLoader:240 - Cannot read IP mode file for wolfSSL.I-CUBE-wolfTPM.3.8.0
2025-10-24 08:16:35,915 [WARN] PackLoader:240 - Cannot read IP mode file for STMicroelectronics.X-CUBE-TCPP.4.2.0
2025-10-24 08:16:35,921 [WARN] PackLoader:240 - Cannot read IP mode file for RealThread.X-CUBE-RT-Thread_Nano.4.1.1
2025-10-24 08:16:35,925 [WARN] PackLoader:240 - Cannot read IP mode file for STMicroelectronics.FP-ATR-SIGFOX1.3.2.0
2025-10-24 08:16:35,930 [WARN] PackLoader:240 - Cannot read IP mode file for ITTIA_DB.I-CUBE-ITTIADB.8.9.0
2025-10-24 08:16:35,936 [WARN] PackLoader:240 - Cannot read IP mode file for STMicroelectronics.X-CUBE-ST67W61.1.0.0
2025-10-24 08:16:35,941 [WARN] PackLoader:240 - Cannot read IP mode file for STMicroelectronics.X-CUBE-AI.10.2.0
2025-10-24 08:16:35,962 [WARN] PackLoader:240 - Cannot read IP mode file for SEGGER.I-CUBE-embOS.1.3.1
2025-10-24 08:16:35,999 [WARN] PackLoader:240 - Cannot read IP mode file for STMicroelectronics.X-CUBE-ALGOBUILD.1.4.0
2025-10-24 08:16:36,058 [WARN] PackLoader:240 - Cannot read IP mode file for STMicroelectronics.X-CUBE-MEMS1.11.3.0
2025-10-24 08:16:36,300 [WARN] PackLoader:240 - Cannot read IP mode file for STMicroelectronics.X-CUBE-PM33A1.1.0.0
2025-10-24 08:16:36,322 [WARN] PackLoader:240 - Cannot read IP mode file for STMicroelectronics.X-CUBE-AZRTOS-F4.1.1.0
2025-10-24 08:16:36,327 [WARN] PackLoader:240 - Cannot read IP mode file for STMicroelectronics.X-CUBE-ISPU.2.1.0
2025-10-24 08:16:36,340 [WARN] PackLoader:240 - Cannot read IP mode file for STMicroelectronics.X-CUBE-IPS.3.2.0
2025-10-24 08:16:36,350 [WARN] PackLoader:240 - Cannot read IP mode file for STMicroelectronics.X-CUBE-NFC12.1.0.0
2025-10-24 08:16:36,364 [WARN] PackLoader:240 - Cannot read IP mode file for STMicroelectronics.X-CUBE-AZRTOS-L5.2.0.0
2025-10-24 08:16:36,370 [WARN] PackLoader:240 - Cannot read IP mode file for STMicroelectronics.X-CUBE-NFC6.3.1.0
2025-10-24 08:16:36,375 [WARN] PackLoader:240 - Cannot read IP mode file for STMicroelectronics.X-CUBE-FREERTOS.1.3.1
2025-10-24 08:16:36,382 [WARN] PackLoader:240 - Cannot read IP mode file for STMicroelectronics.X-CUBE-TOUCHGFX.4.26.0
2025-10-24 08:16:36,388 [WARN] PackLoader:240 - Cannot read IP mode file for STMicroelectronics.FP-SNS-STAIOTCFT.1.0.0
2025-10-24 08:16:36,398 [WARN] PackLoader:240 - Cannot read IP mode file for STMicroelectronics.X-CUBE-DPower.1.3.0
2025-10-24 08:16:36,414 [WARN] ConditionMgr:438 - getConditionDescription Invalid condition id : LAN8742 Phy interface Condition cause : null
2025-10-24 08:16:36,415 [WARN] PackLoader:240 - Cannot read IP mode file for STMicroelectronics.X-CUBE-AZRTOS-L4.2.0.0
2025-10-24 08:16:36,416 [WARN] ConditionMgr:1044 - genDependencies : Invalid condition id : LAN8742 Phy interface Condition cause : null
2025-10-24 08:16:36,417 [WARN] ConditionMgr:1044 - genDependencies : Invalid condition id : LAN8742 Phy interface Condition cause : null
2025-10-24 08:16:36,417 [WARN] ConditionMgr:1044 - genDependencies : Invalid condition id : LAN8742 Phy interface Condition cause : null
2025-10-24 08:16:36,426 [WARN] PackLoader:240 - Cannot read IP mode file for STMicroelectronics.X-CUBE-SFXS2LP1.4.0.0
2025-10-24 08:16:36,438 [WARN] PackLoader:240 - Cannot read IP mode file for STMicroelectronics.X-CUBE-BLEMGR.4.1.0
2025-10-24 08:16:36,454 [WARN] ConditionMgr:438 - getConditionDescription Invalid condition id : UX DEVICE CLASS RTOS Condition cause : null
2025-10-24 08:16:36,454 [WARN] ConditionMgr:438 - getConditionDescription Invalid condition id : UX DEVICE CLASS RTOS Condition cause : null
2025-10-24 08:16:36,456 [WARN] PackLoader:240 - Cannot read IP mode file for STMicroelectronics.X-CUBE-AZRTOS-WB.2.0.0
2025-10-24 08:16:36,457 [WARN] ConditionMgr:1044 - genDependencies : Invalid condition id : UX DEVICE CLASS RTOS Condition cause : null
2025-10-24 08:16:36,457 [WARN] ConditionMgr:1044 - genDependencies : Invalid condition id : UX DEVICE CLASS RTOS Condition cause : null
2025-10-24 08:16:36,457 [WARN] ConditionMgr:1044 - genDependencies : Invalid condition id : UX DEVICE CLASS RTOS Condition cause : null
2025-10-24 08:16:36,457 [WARN] ConditionMgr:1044 - genDependencies : Invalid condition id : UX DEVICE CLASS RTOS Condition cause : null
2025-10-24 08:16:36,457 [WARN] ConditionMgr:1044 - genDependencies : Invalid condition id : UX DEVICE CLASS RTOS Condition cause : null
2025-10-24 08:16:36,465 [WARN] PackLoader:240 - Cannot read IP mode file for STMicroelectronics.X-CUBE-GNSS1.7.0.1
2025-10-24 08:16:36,471 [WARN] ConditionMgr:438 - getConditionDescription Invalid condition id : Cortex-A Device cause : null
2025-10-24 08:16:36,490 [WARN] ConditionMgr:1044 - genDependencies : Invalid condition id : Cortex-A Device cause : null
2025-10-24 08:16:36,490 [WARN] ConditionMgr:1044 - genDependencies : Invalid condition id : Cortex-A Device cause : null
2025-10-24 08:16:36,490 [WARN] ConditionMgr:1044 - genDependencies : Invalid condition id : Cortex-A Device cause : null
2025-10-24 08:16:36,504 [WARN] PackLoader:240 - Cannot read IP mode file for STMicroelectronics.X-CUBE-SUBG2.5.0.0
2025-10-24 08:16:36,524 [WARN] PackLoader:240 - Cannot read IP mode file for STMicroelectronics.X-CUBE-AZRTOS-H7RS.1.1.0
2025-10-24 08:16:36,537 [WARN] PackLoader:240 - Cannot read IP mode file for STMicroelectronics.X-CUBE-AZRTOS-G4.2.0.0
2025-10-24 08:16:36,542 [WARN] PackLoader:240 - Cannot read IP mode file for wolfSSL.I-CUBE-wolfSSH.1.4.20
2025-10-24 08:16:36,548 [WARN] PackLoader:240 - Cannot read IP mode file for STMicroelectronics.X-CUBE-NFC7.2.0.0
2025-10-24 08:16:36,552 [WARN] PackLoader:240 - Cannot read IP mode file for STMicroelectronics.X-CUBE-ALS.1.0.2
2025-10-24 08:16:36,558 [WARN] PackLoader:240 - Cannot read IP mode file for STMicroelectronics.X-CUBE-STSE01.1.0.0
2025-10-24 08:16:36,571 [WARN] PackLoader:240 - Cannot read IP mode file for STMicroelectronics.X-CUBE-TOF1.3.4.3
2025-10-24 08:16:36,583 [INFO] ThirdParty:978 - Integrity check success = true
2025-10-24 08:16:36,583 [INFO] IntegrityCheckThread:100 - exiting critical section [integrity check]
2025-10-24 08:16:36,583 [INFO] IntegrityCheckThread:103 - End integrity checks thread
2025-10-24 08:17:30,941 [ERROR] LogOutputStream:75 - [STDERR_REDIRECT] 
2025-10-24 08:17:30,944 [ERROR] LogOutputStream:75 - [STDERR_REDIRECT] 
