2025-10-10 00:09:12,711 [INFO] MainUpdater:2872 - connection check result : 10
2025-10-10 00:09:12,966 [INFO] McuFinderGlobals:76 - Set McuFinderConnectedMode to true
2025-10-10 00:09:12,974 [INFO] MultiScanPanel:200 - Auto-refresh data requested => check proxy status ongoing
2025-10-10 00:09:12,976 [INFO] FinderPluginLoader:96 - Searching for filters in installed packs
2025-10-10 00:09:14,786 [INFO] LoadUrlFilesThread:185 - End of LoadServerUrlFiles without Thread
2025-10-10 00:09:14,786 [INFO] DetailPanel:341 - Set advertising image to C:/Users/Abhishek/STM32Cube/Repository/\en.mcu-finder-stm32n6dk.jpg
2025-10-10 00:09:19,648 [INFO] MultiScanPanel:200 - Auto-refresh data requested => check proxy status ongoing
2025-10-10 00:09:19,800 [INFO] LoadUrlFilesThread:185 - End of LoadServerUrlFiles without Thread
2025-10-10 00:09:19,801 [INFO] DetailPanel:341 - Set advertising image to C:/Users/Abhishek/STM32Cube/Repository/\en.mcu-finder-stm32n6dk.jpg
2025-10-10 00:09:41,515 [INFO] MainUpdater:2872 - connection check result : 10
2025-10-10 00:09:41,515 [INFO] MainUpdater:2872 - connection check result : 10
2025-10-10 00:09:41,592 [INFO] MicroXplorer:468 - Change Database Path : 
2025-10-10 00:09:41,593 [INFO] MicroXplorer:498 - Change Database Version : DB.6.0.150
2025-10-10 00:09:41,660 [ERROR] ProjectManagerView:395 - 
java.lang.NullPointerException: Cannot invoke "javax.swing.JTextField.getText()" because the return value of "java.util.List.get(int)" is null
	at com.st.microxplorer.plugins.projectmanager.gui.ProjectChoiceTab$9.caretUpdate(ProjectChoiceTab.java:2706) ~[filemanager.jar:?]
	at javax.swing.text.JTextComponent.fireCaretUpdate(JTextComponent.java:408) ~[?:?]
	at javax.swing.text.JTextComponent$MutableCaretEvent.fire(JTextComponent.java:4484) ~[?:?]
	at javax.swing.text.JTextComponent$MutableCaretEvent.stateChanged(JTextComponent.java:4506) ~[?:?]
	at javax.swing.text.DefaultCaret.fireStateChanged(DefaultCaret.java:857) ~[?:?]
	at javax.swing.text.DefaultCaret.changeCaretPosition(DefaultCaret.java:1343) ~[?:?]
	at javax.swing.text.DefaultCaret.handleSetDot(DefaultCaret.java:1242) ~[?:?]
	at javax.swing.text.DefaultCaret.setDot(DefaultCaret.java:1223) ~[?:?]
	at javax.swing.text.DefaultCaret$Handler.insertUpdate(DefaultCaret.java:1819) ~[?:?]
	at javax.swing.text.AbstractDocument.fireInsertUpdate(AbstractDocument.java:227) ~[?:?]
	at javax.swing.text.AbstractDocument.handleInsertString(AbstractDocument.java:781) ~[?:?]
	at javax.swing.text.AbstractDocument.insertString(AbstractDocument.java:740) ~[?:?]
	at javax.swing.text.PlainDocument.insertString(PlainDocument.java:131) ~[?:?]
	at javax.swing.text.AbstractDocument.replace(AbstractDocument.java:699) ~[?:?]
	at javax.swing.text.JTextComponent.setText(JTextComponent.java:1725) ~[?:?]
	at com.st.microxplorer.plugins.projectmanager.gui.ProjectChoiceTab.createHeapStackFields(ProjectChoiceTab.java:993) ~[filemanager.jar:?]
	at com.st.microxplorer.plugins.projectmanager.gui.ProjectChoiceTab.buildLinkSettingsPanel(ProjectChoiceTab.java:3813) ~[filemanager.jar:?]
	at com.st.microxplorer.plugins.projectmanager.gui.ProjectChoiceTab.defineWindowsFields(ProjectChoiceTab.java:1987) ~[filemanager.jar:?]
	at com.st.microxplorer.plugins.projectmanager.gui.ProjectChoiceTab.updateSettings(ProjectChoiceTab.java:558) ~[filemanager.jar:?]
	at com.st.microxplorer.plugins.projectmanager.gui.ProjectSettingsPanel.UpdateDialog(ProjectSettingsPanel.java:247) ~[filemanager.jar:?]
	at com.st.microxplorer.plugins.projectmanager.ProjectManagerView.propertyChange(ProjectManagerView.java:392) ~[filemanager.jar:?]
	at java.beans.PropertyChangeSupport.fire(PropertyChangeSupport.java:343) ~[?:?]
	at java.beans.PropertyChangeSupport.firePropertyChange(PropertyChangeSupport.java:335) ~[?:?]
	at java.beans.PropertyChangeSupport.firePropertyChange(PropertyChangeSupport.java:268) ~[?:?]
	at com.st.microxplorer.util.MXPropertyChangeSupport.firePropertyChange(MXPropertyChangeSupport.java:54) ~[STM32CubeMX.jar:?]
	at com.st.microxplorer.mxsystem.MxSystem.closeConfig(MxSystem.java:899) ~[STM32CubeMX.jar:?]
	at com.st.microxplorer.maingui.MainPanel.closeConfig(MainPanel.java:792) ~[STM32CubeMX.jar:?]
	at com.st.microxplorer.plugins.filemanager.engine.OpenFileManager.loadConfigurationFile(OpenFileManager.java:288) ~[filemanager.jar:?]
	at com.st.microxplorer.plugins.filemanager.engine.MainFileManager.userLoadConfig(MainFileManager.java:364) ~[filemanager.jar:?]
	at com.st.microxplorer.plugins.filemanager.FileManagerView.getSpecificTask(FileManagerView.java:268) ~[filemanager.jar:?]
	at com.st.stm32cube.common.mx.editor.CubeMxEditor.getMxTabbedPaneInstance(CubeMxEditor.java:1191) ~[com.st.stm32cube.common.mx_6.15.0.202507011659/:?]
	at com.st.stm32cube.common.mx.editor.CubeMxEditor$12$1.createSwingComponent(CubeMxEditor.java:1068) ~[com.st.stm32cube.common.mx_6.15.0.202507011659/:?]
	at com.st.stm32cube.common.mx.oss.core.awtswtbridge.EmbeddedSwingComposite.doComponentCreation(EmbeddedSwingComposite.java:492) ~[com.st.stm32cube.common.mx.oss_6.15.0.202507011659/:?]
	at com.st.stm32cube.common.mx.oss.core.awtswtbridge.EmbeddedSwingComposite$4.run(EmbeddedSwingComposite.java:291) ~[com.st.stm32cube.common.mx.oss_6.15.0.202507011659/:?]
	at com.st.stm32cube.common.mx.oss.core.awtswtbridge.AwtEnvironment$2.run(AwtEnvironment.java:166) ~[com.st.stm32cube.common.mx.oss_6.15.0.202507011659/:?]
	at java.awt.event.InvocationEvent.dispatch(InvocationEvent.java:318) ~[?:?]
	at java.awt.EventQueue.dispatchEventImpl(EventQueue.java:773) ~[?:?]
	at java.awt.EventQueue$4.run(EventQueue.java:720) ~[?:?]
	at java.awt.EventQueue$4.run(EventQueue.java:714) ~[?:?]
	at java.security.AccessController.doPrivileged(AccessController.java:400) ~[?:?]
	at java.security.ProtectionDomain$JavaSecurityAccessImpl.doIntersectionPrivilege(ProtectionDomain.java:87) ~[?:?]
	at java.awt.EventQueue.dispatchEvent(EventQueue.java:742) ~[?:?]
	at java.awt.EventDispatchThread.pumpOneEventForFilters(EventDispatchThread.java:203) ~[?:?]
	at java.awt.EventDispatchThread.pumpEventsForFilter(EventDispatchThread.java:124) ~[?:?]
	at java.awt.EventDispatchThread.pumpEventsForHierarchy(EventDispatchThread.java:113) ~[?:?]
	at java.awt.EventDispatchThread.pumpEvents(EventDispatchThread.java:109) ~[?:?]
	at java.awt.EventDispatchThread.pumpEvents(EventDispatchThread.java:101) ~[?:?]
	at java.awt.EventDispatchThread.run(EventDispatchThread.java:90) ~[?:?]
2025-10-10 00:09:41,672 [WARN] ThirdParty:871 - waiting for thirdparty lock release [close project]
2025-10-10 00:09:41,672 [INFO] ThirdParty:873 - entering critical section [close project]
2025-10-10 00:09:41,673 [INFO] ThirdParty:883 - exiting critical section [close project]
2025-10-10 00:09:41,677 [INFO] PinOutPanel:1589 - setPackage(No Configuration,No Configuration)
2025-10-10 00:09:41,692 [WARN] IpParametersView:155 - Warning: This peripheral hasn't parameters
2025-10-10 00:09:41,705 [WARN] MainPanel:289 - <html><b><center>Warning: This peripheral has no parameters to be configured<br></b></html>
2025-10-10 00:09:41,710 [INFO] UtilMem:75 - Begin LoadConfig() Used Memory: 422332704 Bytes (919601152)
2025-10-10 00:09:41,712 [INFO] OpenFileManager:355 - Change cursor
2025-10-10 00:09:41,755 [INFO] RulesReader:64 - Compatibility file has been processed (317 Rules)
2025-10-10 00:09:41,763 [INFO] ProjectFactory:514 - No CPN specified for board NUCLEO-F411RE => set CPN to STM32F411RET6
2025-10-10 00:09:41,763 [INFO] Mcu:2029 - Initializing MCU STM32F411R(C-E)Tx STM32F411RETx STM32F411RET6
2025-10-10 00:09:43,224 [INFO] Context:786 - Trying to add GPIOservice into a context  which must be forbidden
2025-10-10 00:09:43,622 [INFO] Rule:233 - rule 117617 - U5Cobra4M][GTZC] default value MPCBB3 and MPCBB5 - Not Secured memory - MPCBB1 is applicable
2025-10-10 00:09:43,622 [INFO] Rule:233 - rule 117617 - U5Cobra4M][GTZC] default value MPCBB3 and MPCBB5 - Not Secured memory - MPCBB1 is applicable
2025-10-10 00:09:43,622 [INFO] Rule:233 - rule 117617 - U5Cobra4M][GTZC] default value MPCBB3 and MPCBB5 - Not Secured memory - MPCBB2 is applicable
2025-10-10 00:09:43,622 [INFO] Rule:233 - rule 117617 - U5Cobra4M][GTZC] default value MPCBB3 and MPCBB5 - Not Secured memory - MPCBB2 is applicable
2025-10-10 00:09:43,622 [INFO] Rule:233 - rule 117617 - U5Cobra4M][GTZC] default value MPCBB3 and MPCBB5 - Not Secured memory - MPCBB3 is applicable
2025-10-10 00:09:43,623 [INFO] Rule:233 - rule 117617 - U5Cobra4M][GTZC] default value MPCBB3 and MPCBB5 - Not Secured memory - MPCBB3 is applicable
2025-10-10 00:09:43,623 [INFO] Rule:233 - rule 117617 - U5Cobra4M][GTZC] default value MPCBB3 and MPCBB5 - Not Secured memory - MPCBB4 is applicable
2025-10-10 00:09:43,623 [INFO] Rule:233 - rule 117617 - U5Cobra4M][GTZC] default value MPCBB3 and MPCBB5 - Not Secured memory - MPCBB4 is applicable
2025-10-10 00:09:43,623 [INFO] Rule:233 - rule 117617 - U5Cobra4M][GTZC] default value MPCBB3 and MPCBB5 - Secured memory - MPCBB1 is applicable
2025-10-10 00:09:43,623 [INFO] Rule:233 - rule 117617 - U5Cobra4M][GTZC] default value MPCBB3 and MPCBB5 - Secured memory - MPCBB2 is applicable
2025-10-10 00:09:43,623 [INFO] Rule:233 - rule 117617 - U5Cobra4M][GTZC] default value MPCBB3 and MPCBB5 - Secured memory - MPCBB3 is applicable
2025-10-10 00:09:43,624 [INFO] Rule:233 - rule 117617 - U5Cobra4M][GTZC] default value MPCBB3 and MPCBB5 - Secured memory - MPCBB4 is applicable
2025-10-10 00:09:43,624 [INFO] Rule:233 - rule 117617 - U5Cobra4M][GTZC] default value MPCBB3 and MPCBB5 - Privileged memory - MPCBB1 is applicable
2025-10-10 00:09:43,624 [INFO] Rule:233 - rule 117617 - U5Cobra4M][GTZC] default value MPCBB3 and MPCBB5 - Privileged memory - MPCBB2 is applicable
2025-10-10 00:09:43,624 [INFO] Rule:233 - rule 117617 - U5Cobra4M][GTZC] default value MPCBB3 and MPCBB5 - Privileged memory - MPCBB3 is applicable
2025-10-10 00:09:43,624 [INFO] Rule:233 - rule 117617 - U5Cobra4M][GTZC] default value MPCBB3 and MPCBB5 - Privileged memory - MPCBB4 is applicable
2025-10-10 00:09:43,624 [INFO] Rule:233 - rule 117617 - U5Cobra4M][GTZC] default value MPCBB3 and MPCBB5 - Not Privileged memory - MPCBB1 is applicable
2025-10-10 00:09:43,624 [INFO] Rule:233 - rule 117617 - U5Cobra4M][GTZC] default value MPCBB3 and MPCBB5 - Not Privileged memory - MPCBB2 is applicable
2025-10-10 00:09:43,624 [INFO] Rule:233 - rule 117617 - U5Cobra4M][GTZC] default value MPCBB3 and MPCBB5 - Not Privileged memory - MPCBB3 is applicable
2025-10-10 00:09:43,624 [INFO] Rule:233 - rule 117617 - U5Cobra4M][GTZC] default value MPCBB3 and MPCBB5 - Not Privileged memory - MPCBB4 is applicable
2025-10-10 00:09:43,624 [INFO] Rule:233 - rule 117617 - U5Cobra4M][GTZC] default value MPCBB3 and MPCBB5 - Privileged memory - MPCBB1 is applicable
2025-10-10 00:09:43,624 [INFO] Rule:233 - rule 117617 - U5Cobra4M][GTZC] default value MPCBB3 and MPCBB5 - Privileged memory - MPCBB2 is applicable
2025-10-10 00:09:43,624 [INFO] Rule:233 - rule 117617 - U5Cobra4M][GTZC] default value MPCBB3 and MPCBB5 - Privileged memory - MPCBB3 is applicable
2025-10-10 00:09:43,624 [INFO] Rule:233 - rule 117617 - U5Cobra4M][GTZC] default value MPCBB3 and MPCBB5 - Privileged memory - MPCBB4 is applicable
2025-10-10 00:09:43,624 [INFO] Rule:233 - rule 117617 - U5Cobra4M][GTZC] default value MPCBB3 and MPCBB5 - Privileged memory - MPCBB1 is applicable
2025-10-10 00:09:43,624 [INFO] Rule:233 - rule 117617 - U5Cobra4M][GTZC] default value MPCBB3 and MPCBB5 - Privileged memory - MPCBB2 is applicable
2025-10-10 00:09:43,624 [INFO] Rule:233 - rule 117617 - U5Cobra4M][GTZC] default value MPCBB3 and MPCBB5 - Privileged memory - MPCBB3 is applicable
2025-10-10 00:09:43,625 [INFO] Rule:233 - rule 117617 - U5Cobra4M][GTZC] default value MPCBB3 and MPCBB5 - Privileged memory - MPCBB4 is applicable
2025-10-10 00:09:43,625 [INFO] Rule:233 - rule 117617 - U5Cobra4M][GTZC] default value MPCBB3 and MPCBB5 - Not Privileged memory - MPCBB1 is applicable
2025-10-10 00:09:43,625 [INFO] Rule:233 - rule 117617 - U5Cobra4M][GTZC] default value MPCBB3 and MPCBB5 - Not Privileged memory - MPCBB2 is applicable
2025-10-10 00:09:43,625 [INFO] Rule:233 - rule 117617 - U5Cobra4M][GTZC] default value MPCBB3 and MPCBB5 - Not Privileged memory - MPCBB3 is applicable
2025-10-10 00:09:43,625 [INFO] Rule:233 - rule 117617 - U5Cobra4M][GTZC] default value MPCBB3 and MPCBB5 - Not Privileged memory - MPCBB4 is applicable
2025-10-10 00:09:43,625 [INFO] Rule:233 - rule 117617 - U5Cobra4M][GTZC] default value MPCBB3 and MPCBB5 - Privileged memory - MPCBB1 is applicable
2025-10-10 00:09:43,625 [INFO] Rule:233 - rule 117617 - U5Cobra4M][GTZC] default value MPCBB3 and MPCBB5 - Privileged memory - MPCBB2 is applicable
2025-10-10 00:09:43,625 [INFO] Rule:233 - rule 117617 - U5Cobra4M][GTZC] default value MPCBB3 and MPCBB5 - Privileged memory - MPCBB3 is applicable
2025-10-10 00:09:43,625 [INFO] Rule:233 - rule 117617 - U5Cobra4M][GTZC] default value MPCBB3 and MPCBB5 - Privileged memory - MPCBB4 is applicable
2025-10-10 00:09:43,625 [INFO] Rule:233 - rule Rename SubGHz_Phy SUBGHZ_APPLICATION SUBGHZ_PINGPONG to SUBGHZ_ADV_APPLICATION is applicable
2025-10-10 00:09:43,626 [INFO] Rule:233 - rule Rename Enabled to IBEACON is applicable
2025-10-10 00:09:43,626 [INFO] Rule:233 - rule GTZC_S instance for project manager is applicable
2025-10-10 00:09:43,626 [INFO] Rule:233 - rule GTZC_S instance for context M33S is applicable
2025-10-10 00:09:43,626 [INFO] Rule:233 - rule GTZC_S instance value for IP GTZC is applicable
2025-10-10 00:09:43,626 [INFO] Rule:233 - rule GTZC_S instance for mcu.IP is applicable
2025-10-10 00:09:43,626 [INFO] Rule:233 - rule GTZC_S instance for VP is applicable
2025-10-10 00:09:43,626 [INFO] Rule:233 - rule GTZC_S instance for signal is applicable
2025-10-10 00:09:43,626 [INFO] Rule:233 - rule GTZC_S instance for mcu.Pin is applicable
2025-10-10 00:09:43,626 [INFO] Rule:233 - rule GTZC_S instance for VP is applicable
2025-10-10 00:09:43,626 [INFO] Rule:233 - rule GTZC_S instance for signal is applicable
2025-10-10 00:09:43,626 [INFO] Rule:233 - rule GTZC_S instance for mcu is applicable
2025-10-10 00:09:43,626 [INFO] Rule:233 - rule GTZC_S instance for mcu.Pin is applicable
2025-10-10 00:09:43,626 [INFO] Rule:233 - rule GTZC_S instance value for IP GTZC is applicable
2025-10-10 00:09:43,626 [INFO] Rule:233 - rule GTZC_S instance for project manager is applicable
2025-10-10 00:09:43,626 [INFO] Rule:233 - rule GTZC_S instance for context M33S is applicable
2025-10-10 00:09:43,626 [INFO] Rule:233 - rule GTZC_S instance for VP is applicable
2025-10-10 00:09:43,626 [INFO] Rule:233 - rule GTZC_S instance for signal is applicable
2025-10-10 00:09:43,626 [INFO] Rule:233 - rule SPDIFRX instance for mcu is applicable
2025-10-10 00:09:43,626 [INFO] Rule:233 - rule Rename Tracer Mode is applicable
2025-10-10 00:09:43,628 [INFO] Rule:233 - rule SPDIFRX instance value for IP SPDIFRX is applicable
2025-10-10 00:09:43,628 [INFO] Rule:233 - rule SPDIFRX instance for signal is applicable
2025-10-10 00:09:43,628 [INFO] Rule:233 - rule SPDIFRX instance for project manager is applicable
2025-10-10 00:09:43,628 [INFO] Rule:233 - rule SPDIFRX instance for project manager is applicable
2025-10-10 00:09:43,628 [INFO] Rule:233 - rule ADC Scan  fix with FW F7 is applicable
2025-10-10 00:09:43,628 [INFO] Rule:233 - rule ADC Scan  fix with FW F7 is applicable
2025-10-10 00:09:43,628 [INFO] Rule:233 - rule WakeUp0 Mode is applicable
2025-10-10 00:09:43,628 [INFO] Rule:233 - rule WakeUp0 SIGNAL is applicable
2025-10-10 00:09:43,628 [INFO] Rule:233 - rule WakeUp1 Mode is applicable
2025-10-10 00:09:43,628 [INFO] Rule:233 - rule WakeUp1 SIGNAL is applicable
2025-10-10 00:09:43,628 [INFO] Rule:233 - rule WakeUp2 Mode is applicable
2025-10-10 00:09:43,628 [INFO] Rule:233 - rule WakeUp2 SIGNAL is applicable
2025-10-10 00:09:43,628 [INFO] Rule:233 - rule WakeUp4 Mode is applicable
2025-10-10 00:09:43,628 [INFO] Rule:233 - rule WakeUp4 SIGNAL is applicable
2025-10-10 00:09:43,628 [INFO] Rule:233 - rule WakeUp5 Mode is applicable
2025-10-10 00:09:43,628 [INFO] Rule:233 - rule WakeUp5 SIGNAL is applicable
2025-10-10 00:09:43,628 [INFO] Rule:233 - rule Add RTC Activate Clock Source is applicable
2025-10-10 00:09:43,628 [INFO] Rule:233 - rule Add RTC Activate Calendar 1 is applicable
2025-10-10 00:09:43,628 [INFO] Rule:233 - rule Add RTC Activate Calendar 2 is applicable
2025-10-10 00:09:43,628 [INFO] Rule:233 - rule Add RTC Activate Calendar 3 is applicable
2025-10-10 00:09:43,628 [INFO] Rule:233 - rule UART/USART TX Mode is applicable
2025-10-10 00:09:43,628 [INFO] Rule:233 - rule UART/USART RX Mode is applicable
2025-10-10 00:09:43,628 [INFO] Rule:233 - rule UART/USART RX TX Mode is applicable
2025-10-10 00:09:43,628 [INFO] Rule:233 - rule UART/USART PARITY NONE is applicable
2025-10-10 00:09:43,628 [INFO] Rule:233 - rule UART/USART PARITY EVEN is applicable
2025-10-10 00:09:43,628 [INFO] Rule:233 - rule UART/USART PARITY ODD is applicable
2025-10-10 00:09:43,628 [INFO] Rule:233 - rule USART StopBits 1 is applicable
2025-10-10 00:09:43,628 [INFO] Rule:233 - rule USART StopBits 2 is applicable
2025-10-10 00:09:43,629 [INFO] Rule:233 - rule USART StopBits 1.5 is applicable
2025-10-10 00:09:43,629 [INFO] Rule:233 - rule USART StopBits 0.5 is applicable
2025-10-10 00:09:43,629 [INFO] Rule:233 - rule UART/USART WORD LENGTH 7 is applicable
2025-10-10 00:09:43,629 [INFO] Rule:233 - rule UART/USART WORD LENGTH 8 is applicable
2025-10-10 00:09:43,629 [INFO] Rule:233 - rule UART/USART WORD LENGTH 9 is applicable
2025-10-10 00:09:43,629 [INFO] Rule:233 - rule Rename FMC NAND NCE signal is applicable
2025-10-10 00:09:43,629 [INFO] Rule:233 - rule Rename FMC NAND INT signal is applicable
2025-10-10 00:09:43,629 [INFO] Rule:233 - rule Change Default Value for LSE Drive Capability for WB family is applicable
2025-10-10 00:09:43,629 [INFO] Rule:233 - rule Change Default Value for ADC Clock Prescaler G0 family is applicable
2025-10-10 00:09:43,629 [INFO] Rule:233 - rule Change Default Value for ADC ExternalTrigConv L4 family is applicable
2025-10-10 00:09:43,629 [INFO] Rule:233 - rule Change Default Value for ADC ExternalTrigInjecConv L4 family is applicable
2025-10-10 00:09:43,629 [INFO] Rule:233 - rule Change Default Value for ADC ExternalTrigConv F3 family is applicable
2025-10-10 00:09:43,629 [INFO] Rule:233 - rule Change Default Value for ADC ExternalTrigInjecConv F3 family is applicable
2025-10-10 00:09:43,629 [INFO] Rule:233 - rule Change Default Value for ADC ExternalTrigConv Goldfish serie is applicable
2025-10-10 00:09:43,629 [INFO] Rule:233 - rule Change Default Value for ADC ExternalTrigInjecConv Goldfish serie is applicable
2025-10-10 00:09:43,629 [INFO] Rule:233 - rule Change Default Value for ADC ExternalTrigConv L0 family is applicable
2025-10-10 00:09:43,629 [INFO] Rule:233 - rule Change Default Value for ADC ExternalTrigConv F0 family is applicable
2025-10-10 00:09:43,629 [INFO] Rule:233 - rule Change Default Value for ADC ExternalTrigConvn L1 family is applicable
2025-10-10 00:09:43,629 [INFO] Rule:233 - rule Change Default Value for ADC ExternalTrigInjecConv L1 family is applicable
2025-10-10 00:09:43,629 [INFO] Rule:233 - rule Change Default Value for ADC ExternalTrigConv F1 family is applicable
2025-10-10 00:09:43,629 [INFO] Rule:233 - rule Change Default Value for ADC ExternalTrigInjecConv F1 family is applicable
2025-10-10 00:09:43,629 [INFO] Rule:233 - rule Change Default Value for ADC ExternalTrigConv F7 family is applicable
2025-10-10 00:09:43,630 [INFO] Rule:233 - rule Change Default Value for ADC ExternalTrigInjecConv F7 family is applicable
2025-10-10 00:09:43,630 [INFO] Rule:233 - rule Change Default Value for ADC ExternalTrigConv F4 and F2 family is applicable
2025-10-10 00:09:43,630 [INFO] Rule:233 - rule Change Default Value for ADC ExternalTrigInjecConv F4 and F2 family is applicable
2025-10-10 00:09:43,630 [INFO] Rule:233 - rule ADC SamplingTime fix with FW L0  is applicable
2025-10-10 00:09:43,630 [INFO] Rule:233 - rule ADC SamplingTime fix with FW L0  is applicable
2025-10-10 00:09:43,630 [INFO] Rule:233 - rule ADC SamplingTime fix with FW L0 is applicable
2025-10-10 00:09:43,630 [INFO] Rule:233 - rule ADC SamplingTime fix with FW L0 is applicable
2025-10-10 00:09:43,630 [INFO] Rule:233 - rule ADC SamplingTime fix with FW L0  is applicable
2025-10-10 00:09:43,630 [INFO] Rule:233 - rule ADC SamplingTime fix with FW L0 is applicable
2025-10-10 00:09:43,630 [INFO] Rule:233 - rule Rename USB_OE Signal is applicable
2025-10-10 00:09:43,630 [INFO] Rule:233 - rule Rename Activate_OE Mode is applicable
2025-10-10 00:09:43,630 [INFO] Rule:233 - rule Rename DIE462/DIE415 pin PC14/OSC32_IN -> PC14-OSC32_IN (PC14) is applicable
2025-10-10 00:09:43,630 [INFO] Rule:233 - rule Rename DIE462/DIE415 pin PC15/OSC32_OUT -> PC15-OSC32_OUT (PC15) is applicable
2025-10-10 00:09:43,630 [INFO] Rule:233 - rule Rename DIE462/DIE415 pin PH0/OSC_IN -> PH0-OSC_IN (PH0) is applicable
2025-10-10 00:09:43,630 [INFO] Rule:233 - rule Rename DIE462/DIE415 pin PH1/OSC_OUT -> PH1-OSC_OUT (PH1) is applicable
2025-10-10 00:09:43,630 [INFO] Rule:233 - rule Rename DIE462 pin PA13 -> PA13 (JTMS/SWDIO) is applicable
2025-10-10 00:09:43,630 [INFO] Rule:233 - rule Rename DIE415 pin PA13 -> PA13 (JTMS/SWDIO) is applicable
2025-10-10 00:09:43,630 [INFO] Rule:233 - rule Rename DIE462 pin PA14 -> PA14 (JTCK/SWCLK) is applicable
2025-10-10 00:09:43,630 [INFO] Rule:233 - rule Rename DIE415 pin PA14 -> PA14 (JTCK/SWCLK) is applicable
2025-10-10 00:09:43,630 [INFO] Rule:233 - rule Rename DIE462/DIE415 pin PA15 -> PA15 (JTDI) is applicable
2025-10-10 00:09:43,630 [INFO] Rule:233 - rule Rename DIE462 pin PB3 -> PB3 (JTD0/TRACESWO) is applicable
2025-10-10 00:09:43,630 [INFO] Rule:233 - rule Rename DIE415 pin PB3 -> PB3 (JTD0-TRACESWO) is applicable
2025-10-10 00:09:43,630 [INFO] Rule:233 - rule Rename DIE462/DIE415 pin PB4 -> PB4 (NJTRST) is applicable
2025-10-10 00:09:43,630 [INFO] Rule:233 - rule Rename DIE462 pin PH3/BOOT0 -> PH3-BOOT0 (BOOT0) is applicable
2025-10-10 00:09:43,630 [INFO] Rule:233 - rule Rename CRYP DataEncryptionTypesList to Algorithm is applicable
2025-10-10 00:09:43,630 [INFO] Rule:233 - rule Rename AES DataEncryptionTypesList to Algorithm is applicable
2025-10-10 00:09:43,630 [INFO] Rule:233 - rule Rename TDESECB to CRYP_TDES_ECB is applicable
2025-10-10 00:09:43,631 [INFO] Rule:233 - rule Rename TDESCBC to CRYP_TDES_CBC is applicable
2025-10-10 00:09:43,631 [INFO] Rule:233 - rule Rename DESECB to CRYP_DES_ECB is applicable
2025-10-10 00:09:43,631 [INFO] Rule:233 - rule Rename DESCBC to CRYP_DES_CBC is applicable
2025-10-10 00:09:43,631 [INFO] Rule:233 - rule Rename AESECB to CRYP_AES_ECB is applicable
2025-10-10 00:09:43,631 [INFO] Rule:233 - rule Rename AESCBC to CRYP_AES_CBC is applicable
2025-10-10 00:09:43,631 [INFO] Rule:233 - rule Rename AESCTR to CRYP_AES_CTR is applicable
2025-10-10 00:09:43,631 [INFO] Rule:233 - rule Rename AESGCM to CRYP_AES_GCM is applicable
2025-10-10 00:09:43,631 [INFO] Rule:233 - rule Rename AESCCM to CRYP_AES_CCM is applicable
2025-10-10 00:09:43,631 [INFO] Rule:233 - rule Rename CAN TimeSeg1 to BS1 is applicable
2025-10-10 00:09:43,631 [INFO] Rule:233 - rule Rename CAN TimeSeg2 to BS2 is applicable
2025-10-10 00:09:43,631 [INFO] Rule:233 - rule Rename CAN SyncJumpWidth to SJW is applicable
2025-10-10 00:09:43,631 [INFO] Rule:233 - rule TimeTriggeredMode to TTCM is applicable
2025-10-10 00:09:43,631 [INFO] Rule:233 - rule Rename CAN AutoBusOff to ABOM is applicable
2025-10-10 00:09:43,631 [INFO] Rule:233 - rule Rename CAN AutoWakeUp to AWUM is applicable
2025-10-10 00:09:43,631 [INFO] Rule:233 - rule Rename CAN AutoRetransmission to NART is applicable
2025-10-10 00:09:43,631 [INFO] Rule:233 - rule Rename CAN ReceiveFifoLocked to RFLM is applicable
2025-10-10 00:09:43,631 [INFO] Rule:233 - rule Rename CAN TransmitFifoPriority to TXFP is applicable
2025-10-10 00:09:43,631 [INFO] Rule:233 - rule Rename HRTIMER HRTIM_OUTPUTFAULTLEVEL_HIGH in HRTIMER HRTIM_OUTPUTFAULTLEVEL_HIGHZ is applicable
2025-10-10 00:09:43,631 [INFO] Rule:233 - rule Rename TIMER TIM_CLEARINPUTSOURCE_OCREFCLR in  TIMER TIM_CLEARINPUTSOURCE_NONE for F7 family is applicable
2025-10-10 00:09:43,631 [INFO] Rule:233 - rule FDCAN_R1 - Rename FDCAN mode Master into Classic is applicable
2025-10-10 00:09:43,631 [INFO] Rule:233 - rule FDCAN_R2 - Rename FDCAN mode Slave into Classic is applicable
2025-10-10 00:09:43,631 [INFO] Rule:233 - rule FDCAN1_R3 - if PA10.Mode=FullDuplex, add Pin PA12 is applicable
2025-10-10 00:09:43,631 [INFO] Rule:233 - rule FDCAN1_R3 - if PA9.Mode=FullDuplex, add Pin PA11 is applicable
2025-10-10 00:09:43,631 [INFO] Rule:233 - rule FDCAN1_R3 - Alternatepin_1 - if PE1.Mode=FullDuplex, add Pin PB9 is applicable
2025-10-10 00:09:43,631 [INFO] Rule:233 - rule FDCAN1_R3 - Alternatepin_1 - if PE0.Mode=FullDuplex, add Pin PB8 is applicable
2025-10-10 00:09:43,631 [INFO] Rule:233 - rule FDCAN1_R3 - Alternatepin_2 - if PD5.Mode=FullDuplex, add Pin PD1 is applicable
2025-10-10 00:09:43,631 [INFO] Rule:233 - rule FDCAN1_R3 - Alternatepin_2 - if PD4.Mode=FullDuplex, add Pin PD0 is applicable
2025-10-10 00:09:43,631 [INFO] Rule:233 - rule FDCAN1_R4 - Rename Mode FullDuplex into Enable FDCAN_TXFD for pin PA10 is applicable
2025-10-10 00:09:43,631 [INFO] Rule:233 - rule FDCAN1_R4 - Rename Mode FullDuplex into Enable FDCAN_TXFD for pin PA9 is applicable
2025-10-10 00:09:43,631 [INFO] Rule:233 - rule FDCAN1_R4 - Alternatepin_1 - Rename Mode FullDuplex into Enable FDCAN_TXFD for pin PE1 is applicable
2025-10-10 00:09:43,631 [INFO] Rule:233 - rule FDCAN1_R4 - Alternatepin_1 - Rename Mode FullDuplex into Enable FDCAN_TXFD for pin PE0 is applicable
2025-10-10 00:09:43,631 [INFO] Rule:233 - rule FDCAN1_R4 - Alternatepin_2 - Rename Mode FullDuplex into Enable FDCAN_TXFD for pin PD5 is applicable
2025-10-10 00:09:43,631 [INFO] Rule:233 - rule FDCAN1_R4 - Alternatepin_2 - Rename Mode FullDuplex into Enable FDCAN_TXFD for pin PD4 is applicable
2025-10-10 00:09:43,631 [INFO] Rule:233 - rule FDCAN2_R3 - if PD10.Mode=FullDuplex, add Pin PB13 is applicable
2025-10-10 00:09:43,631 [INFO] Rule:233 - rule FDCAN2_R3 - if PD9.Mode=FullDuplex, add Pin PB12 is applicable
2025-10-10 00:09:43,631 [INFO] Rule:233 - rule FDCAN2_R3 - Alternatepin_1 - if PB7.Mode=FullDuplex, add Pin PB6 is applicable
2025-10-10 00:09:43,633 [INFO] Rule:233 - rule FDCAN2_R3 - Alternatepin_1 - if PD9.Mode=FullDuplex, add Pin PB12 is applicable
2025-10-10 00:09:43,633 [INFO] Rule:233 - rule FDCAN2_R4 - Rename Mode FullDuplex into Enable FDCAN_TXFD for pin PD10 is applicable
2025-10-10 00:09:43,633 [INFO] Rule:233 - rule FDCAN2_R4 - Rename Mode FullDuplex into Enable FDCAN_TXFD for pin PD9 is applicable
2025-10-10 00:09:43,634 [INFO] Rule:233 - rule FDCAN2_R4 - Alternatepin_1 - Rename Mode FullDuplex into Enable FDCAN_TXFD for pin PB7 is applicable
2025-10-10 00:09:43,634 [INFO] Rule:233 - rule FDCAN2_R4 - Alternatepin_1 - Rename Mode FullDuplex into Enable FDCAN_TXFD for pin PD6 is applicable
2025-10-10 00:09:43,634 [INFO] Rule:233 - rule USART TxPinLevelInvertParam Mode is applicable
2025-10-10 00:09:43,634 [INFO] Rule:233 - rule USART RxPinLevelInvertParam Mode is applicable
2025-10-10 00:09:43,634 [INFO] Rule:233 - rule USART DataInvertParam Mode is applicable
2025-10-10 00:09:43,634 [INFO] Rule:233 - rule USART SwapParam Mode is applicable
2025-10-10 00:09:43,634 [INFO] Rule:233 - rule USART OverrunDisableParam Mode is applicable
2025-10-10 00:09:43,634 [INFO] Rule:233 - rule USART DMADisableonRxErrorParam Mode is applicable
2025-10-10 00:09:43,634 [INFO] Rule:233 - rule USART MSBFirstParam Mode is applicable
2025-10-10 00:09:43,634 [INFO] Rule:233 - rule Update MwName for USB_DEVICE is applicable
2025-10-10 00:09:43,634 [INFO] Rule:233 - rule Change PWR_Regulator_Voltage_Scale Default Value for RCC  H7 family is applicable
2025-10-10 00:09:43,634 [INFO] Rule:233 - rule UART/USART IPParameter rename Prescaler parameter to ClockPrescaler is applicable
2025-10-10 00:09:43,636 [INFO] Rule:233 - rule UART/USART Prescaler rename Prescaler parameter to ClockPrescaler is applicable
2025-10-10 00:09:43,636 [INFO] Rule:233 - rule TIM1CLockSelection is applicable
2025-10-10 00:09:43,636 [INFO] Rule:233 - rule TIM15CLockSelection is applicable
2025-10-10 00:09:43,636 [INFO] Rule:233 - rule align RCC SDMMC3CLockSelection default value on MP1 is applicable
2025-10-10 00:09:43,636 [INFO] Rule:233 - rule align RCC SDMMC12CLockSelection default value on MP1 is applicable
2025-10-10 00:09:43,636 [INFO] Rule:233 - rule align RCC QSPICLockSelection default value on MP1 is applicable
2025-10-10 00:09:43,636 [INFO] Rule:233 - rule align RCC QSPICLockSelection default value on MP1 is applicable
2025-10-10 00:09:43,636 [INFO] Rule:233 - rule align RCC SPI6CLockSelection default value on MP1 is applicable
2025-10-10 00:09:43,636 [INFO] Rule:233 - rule align RCC LPTIM23CLockSelection default value on MP1 is applicable
2025-10-10 00:09:43,636 [INFO] Rule:233 - rule align RCC LPTIM1CLockSelection default value on MP1 is applicable
2025-10-10 00:09:43,636 [INFO] Rule:233 - rule align RCC USART1CLockSelection default value on MP1 is applicable
2025-10-10 00:09:43,636 [INFO] Rule:233 - rule align RCC USART24CLockSelection default value on MP1 is applicable
2025-10-10 00:09:43,637 [INFO] Rule:233 - rule align RCC USART6CLockSelection default value on MP1 is applicable
2025-10-10 00:09:43,637 [INFO] Rule:233 - rule align RCC UART78CLockSelection default value on MP1 is applicable
2025-10-10 00:09:43,637 [INFO] Rule:233 - rule align RCC USART35CLockSelection default value on MP1 is applicable
2025-10-10 00:09:43,637 [INFO] Rule:233 - rule align RCC SPI45CLockSelection default value on MP1 is applicable
2025-10-10 00:09:43,637 [INFO] Rule:233 - rule align RCC I2C46CLockSelection BCLK value on MP1 is applicable
2025-10-10 00:09:43,637 [INFO] Rule:233 - rule align RCC SPI45CLockSelection default value on MP1 is applicable
2025-10-10 00:09:43,637 [INFO] Rule:233 - rule align RCC I2C12CLockSelection default value on MP1 is applicable
2025-10-10 00:09:43,637 [INFO] Rule:233 - rule align RCC I2C35CLockSelection default value on MP1 is applicable
2025-10-10 00:09:43,637 [INFO] Rule:233 - rule align RCC LPTIM45CLockSelection default value on MP1 is applicable
2025-10-10 00:09:43,637 [INFO] Rule:233 - rule Rename DCMI PIXCK signal is applicable
2025-10-10 00:09:43,637 [INFO] Rule:233 - rule Change Default Value for I2C46CLockSelection MP1 family is applicable
2025-10-10 00:09:43,637 [INFO] Rule:233 - rule Change Default Value for UART for G4, G0 and WB families is applicable
2025-10-10 00:09:43,637 [INFO] Rule:233 - rule Change Default Value for USART for G4, G0 and WB families is applicable
2025-10-10 00:09:43,637 [INFO] Rule:233 - rule Change Default Value for USART for G4 family is applicable
2025-10-10 00:09:43,637 [INFO] Rule:233 - rule Change USART1CLockSelection refparam name for MP1 is applicable
2025-10-10 00:09:43,637 [INFO] Rule:233 - rule Change USART2CLockSelection refparam name for MP1 is applicable
2025-10-10 00:09:43,637 [INFO] Rule:233 - rule Change USART3CLockSelection refparam name for MP1 is applicable
2025-10-10 00:09:43,637 [INFO] Rule:233 - rule Change UART4CLockSelection refparam name for MP1 is applicable
2025-10-10 00:09:43,637 [INFO] Rule:233 - rule Change UART5CLockSelection refparam name for MP1 is applicable
2025-10-10 00:09:43,637 [INFO] Rule:233 - rule Change LPUART1CLockSelection refparam name for MP1 is applicable
2025-10-10 00:09:43,637 [INFO] Rule:233 - rule Change LPTIM1CLockSelection refparam name for MP1 is applicable
2025-10-10 00:09:43,638 [INFO] Rule:233 - rule Change LPTIM2CLockSelection refparam name for MP1 is applicable
2025-10-10 00:09:43,638 [INFO] Rule:233 - rule Change RCC_MCO1Source refparam name for MP1 is applicable
2025-10-10 00:09:43,638 [INFO] Rule:233 - rule Change LSCOSource1 refparam name for MP1 is applicable
2025-10-10 00:09:43,638 [INFO] Rule:233 - rule Change SMPSCLockSelection refparam name for MP1 is applicable
2025-10-10 00:09:43,638 [INFO] Rule:233 - rule Change LPTIM3CLockSelection refparam name for MP1 is applicable
2025-10-10 00:09:43,638 [INFO] Rule:233 - rule Change MPCBB* Default Template Mode to Parameters is applicable
2025-10-10 00:09:43,638 [INFO] Rule:233 - rule Change MPCWM* or MPCBB* Secure Mode to Parameters is applicable
2025-10-10 00:09:43,638 [INFO] Rule:233 - rule Change MPCWM* or MPCBB* No Secure Mode to Parameters is applicable
2025-10-10 00:09:43,638 [INFO] Rule:233 - rule Change TZSC IP Secure Mode to Parameters is applicable
2025-10-10 00:09:43,638 [INFO] Rule:233 - rule Change TZSC IP No Secure Mode to Parameters is applicable
2025-10-10 00:09:43,638 [INFO] Rule:233 - rule Change TZSC IP Privilege Mode to Parameters is applicable
2025-10-10 00:09:43,638 [INFO] Rule:233 - rule Change TZSC IP No Privilege Mode to Parameters is applicable
2025-10-10 00:09:43,638 [INFO] Rule:233 - rule Change TZIC IT Secure Mode to Parameters is applicable
2025-10-10 00:09:43,638 [INFO] Rule:233 - rule Change TZIC IT No Secure Mode to Parameters is applicable
2025-10-10 00:09:43,638 [INFO] Rule:233 - rule Add MPCBB1_NonSecureArea_Start_Address value with referenced to MPCBB1_NonSecureArea_Start value is applicable
2025-10-10 00:09:43,638 [INFO] Rule:233 - rule Add MPCBB2_NonSecureArea_Start_Address value with referenced to MPCBB2_NonSecureArea_Start value is applicable
2025-10-10 00:09:43,638 [INFO] Rule:233 - rule Add MPCWM1_NonSecureArea*_Start_Address value with referenced to MPCWM1_NonSecureArea*_Start value is applicable
2025-10-10 00:09:43,638 [INFO] Rule:233 - rule Add MPCWM2_NonSecureArea*_Start_Address value with referenced to MPCWM2_NonSecureArea*_Start value is applicable
2025-10-10 00:09:43,638 [INFO] Rule:233 - rule Add MPCWM3_NonSecureArea_Start_Address value with referenced to MPCWM3_NonSecureArea_Start value is applicable
2025-10-10 00:09:43,638 [INFO] Rule:233 - rule Change Default Value for PLL1UserDefinedConfig is applicable
2025-10-10 00:09:43,638 [INFO] Rule:233 - rule Change GPIO_PuPd Default Value for USART in async mode is applicable
2025-10-10 00:09:43,638 [INFO] Rule:233 - rule Change SMPSDivider Default Value is applicable
2025-10-10 00:09:43,638 [INFO] Rule:233 - rule OPAMP is applicable
2025-10-10 00:09:43,638 [INFO] Rule:233 - rule LPUART IPParameter rename Prescaler parameter to ClockPrescaler for STM32H7 is applicable
2025-10-10 00:09:43,638 [INFO] Rule:233 - rule LPUART IPParameter rename Prescaler parameter to ClockPrescaler for STM32H7 is applicable
2025-10-10 00:09:43,638 [INFO] Rule:233 - rule LPUART IPParameter rename Prescaler parameter to ClockPrescaler for STM32WB is applicable
2025-10-10 00:09:43,638 [INFO] Rule:233 - rule LPUART IPParameter rename Prescaler parameter to ClockPrescaler for STM32WB is applicable
2025-10-10 00:09:43,638 [INFO] Rule:233 - rule LPUART IPParameter rename Prescaler parameter to ClockPrescaler for STM32G4 is applicable
2025-10-10 00:09:43,638 [INFO] Rule:233 - rule LPUART IPParameter rename Prescaler parameter to ClockPrescaler for STM32G4 is applicable
2025-10-10 00:09:43,638 [INFO] Rule:233 - rule LPUART IPParameter rename Prescaler parameter to ClockPrescaler for STM32L5 is applicable
2025-10-10 00:09:43,638 [INFO] Rule:233 - rule LPUART IPParameter rename Prescaler parameter to ClockPrescaler for STM32L5 is applicable
2025-10-10 00:09:43,638 [INFO] Rule:233 - rule LPUART IPParameter rename Prescaler parameter to ClockPrescaler for STM32G4 is applicable
2025-10-10 00:09:43,638 [INFO] Rule:233 - rule LPUART IPParameter rename Prescaler parameter to ClockPrescaler for STM32G4 is applicable
2025-10-10 00:09:43,639 [INFO] Rule:233 - rule USB device lib V2.5.3 for L0 rename USBD_SUPPORT_USER_STRING parameter to USBD_SUPPORT_USER_STRING_DESC4 is applicable
2025-10-10 00:09:43,639 [INFO] Rule:233 - rule I2SCLockSelection clock entry align is applicable
2025-10-10 00:09:43,639 [INFO] Rule:233 - rule Assign TIMx context if used as SYS timebase is applicable
2025-10-10 00:09:43,639 [INFO] Rule:233 - rule Change GPIO_Pu Default Value for I2C is applicable
2025-10-10 00:09:43,639 [INFO] Rule:233 - rule Change GPIO_Pu Default Value for SMBus is applicable
2025-10-10 00:09:43,639 [INFO] Rule:233 - rule change FDCAN default value is applicable
2025-10-10 00:09:43,639 [INFO] Rule:233 - rule Change mode sai is applicable
2025-10-10 00:09:43,639 [INFO] Rule:233 - rule **Change sai mode is applicable
2025-10-10 00:09:43,639 [INFO] Rule:233 - rule Rename STM32WPAN CFG_BLE_IRK to CFG_BLE_IR is applicable
2025-10-10 00:09:43,639 [INFO] Rule:233 - rule Rename STM32WPAN CFG_BLE_ERK to CFG_BLE_ER is applicable
2025-10-10 00:09:43,639 [INFO] Rule:233 - rule Rename STM32WPAN CFG_BLE_IRK_HEX to CFG_BLE_IR_HEX is applicable
2025-10-10 00:09:43,639 [INFO] Rule:233 - rule Rename STM32WPAN CFG_BLE_ERK_HEX to CFG_BLE_ER_HEX is applicable
2025-10-10 00:09:43,639 [INFO] Rule:233 - rule Adapt Old IOC before rework replace old CORTEX_M33/CORTEX_M55 attributes by the new one. is applicable
2025-10-10 00:09:43,639 [INFO] Rule:233 - rule Rename parametre of RCC RCC_APBDBG_DIV2 to RCC_TIMPRES_DIV2 is applicable
2025-10-10 00:09:43,639 [INFO] Rule:233 - rule Rename DIE493 pin PA10 [PA12] -> PA10 is applicable
2025-10-10 00:09:43,639 [INFO] Rule:233 - rule Rename DIE493 pin PA9 [PA11] -> PA9 is applicable
2025-10-10 00:09:43,639 [INFO] Rule:233 - rule Rename DIE492 PartNumber CPN STM32WBA5MJGHx -> STM32WBA5MMGHx is applicable
2025-10-10 00:09:43,639 [INFO] Rule:233 - rule Rename DIE492 PartNumber  Name STM32WBA5MJGHx -> STM32WBA5MMGHx is applicable
2025-10-10 00:09:43,639 [INFO] Rule:233 - rule Rename DIE492 PartNumber UserName STM32WBA5MJGHx -> STM32WBA5MMGHx is applicable
2025-10-10 00:09:43,639 [INFO] Rule:233 - rule Rename DIE492 PartNumber DeviceId STM32WBA5MJGHx -> STM32WBA5MMGHx is applicable
2025-10-10 00:09:43,639 [INFO] Rule:233 - rule Adapt Old IOC CSI. is applicable
2025-10-10 00:09:43,639 [INFO] Rule:233 - rule Adapt Old IOC DCMIPP. is applicable
2025-10-10 00:09:43,639 [INFO] Rule:233 - rule Adapt Old IOC DCMIPP Mode Parallel. is applicable
2025-10-10 00:09:43,639 [INFO] Rule:233 - rule Adapt Old IOC LTDC. is applicable
2025-10-10 00:09:43,639 [INFO] Rule:233 - rule Rename STM32MP2 RIF Peripheral LTDC RIF.RISUP.LTDC_L0L1.Privilege -> RIF.RISUP.LTDC_L1L2.Privilege is applicable
2025-10-10 00:09:43,639 [INFO] Rule:233 - rule Rename STM32MP2 RIF Peripheral LTDC RIF.RISUP.LTDC_L0L1.Privilege -> RIF.RISUP.LTDC_L1L2.Privilege is applicable
2025-10-10 00:09:43,639 [INFO] Rule:233 - rule Rename STM32MP2 RIF Peripheral LTDC RIF.RISUP.LTDC_L0L1.Lock -> RIF.RISUP.LTDC_L1L2.Lock is applicable
2025-10-10 00:09:43,639 [INFO] Rule:233 - rule Rename STM32MP2 RIF Peripheral LTDC RIF.RISUP.LTDC_L2.Lock -> RIF.RISUP.LTDC_L3.Lock is applicable
2025-10-10 00:09:43,639 [INFO] Rule:233 - rule Adapt the old IOC example for updating the SYS when it is misconfigured. is applicable
2025-10-10 00:09:43,639 [INFO] Rule:233 - rule Rename STM32C09 Mcu.Package LQFP64 -> LQFP48 is applicable
2025-10-10 00:09:43,639 [INFO] Rule:233 - rule Adapt the old IOC example for updating the SYS when it is misconfigured. is applicable
2025-10-10 00:09:43,639 [INFO] Rule:233 - rule Adapt the old IOC example for updating the SYS when it is misconfigured. is applicable
2025-10-10 00:09:43,649 [INFO] DbConfProperties:307 - Apply Compatibility (53/282 Rules)
2025-10-10 00:09:43,681 [INFO] ImportTextPane:234 - (OptionalMessage_ERROR) Unable to find key (Mcu.ThirdPartyNb) in loaded IOC file
2025-10-10 00:09:43,681 [INFO] ImportTextPane:234 - (OptionalMessage_ERROR) Pin12 (VP_RIF_VS_RIF1) cannot be retrieved for this MCU
2025-10-10 00:09:43,745 [INFO] RtosManager:558 - Registered RTOS mode: class=CMSIS, group=RTOS, mode=CMSIS_V1, owner=FREERTOS
2025-10-10 00:09:43,745 [INFO] RtosManager:558 - Registered RTOS mode: class=CMSIS, group=RTOS2, mode=CMSIS_V2, owner=FREERTOS
2025-10-10 00:09:43,745 [INFO] RtosManager:558 - Registered RTOS mode: class=RTOS, group=Core, mode=CMSIS_V1, owner=FREERTOS
2025-10-10 00:09:43,745 [INFO] RtosManager:558 - Registered RTOS mode: class=RTOS, group=Core, mode=CMSIS_V2, owner=FREERTOS
2025-10-10 00:09:43,745 [WARN] ModelIntegratedComponent:184 - Missing modes for component STMicroelectronics:FreeRTOS:0.0.1:STMicroelectronics:RTOS:FreeRTOS:Core:::10.2.0:
2025-10-10 00:09:43,758 [WARN] ModelIntegratedComponent:182 - Modes not found for component STMicroelectronics:USB_HOST:1.0.0:STMicroelectronics:USB::USB Host:Audio HS::1.0:USB_HOST_1_0_RESTRICTED_HS
2025-10-10 00:09:43,758 [WARN] ModelIntegratedComponent:188 - Modes not found for component STMicroelectronics:USB_HOST:1.0.0:STMicroelectronics:USB::USB Host:Audio HS::1.0:USB_HOST_1_0_RESTRICTED_HS
2025-10-10 00:09:43,758 [WARN] ModelIntegratedComponent:182 - Modes not found for component STMicroelectronics:USB_HOST:1.0.0:STMicroelectronics:USB::USB Host:CDC HS::1.0:USB_HOST_1_0_RESTRICTED_HS
2025-10-10 00:09:43,758 [WARN] ModelIntegratedComponent:188 - Modes not found for component STMicroelectronics:USB_HOST:1.0.0:STMicroelectronics:USB::USB Host:CDC HS::1.0:USB_HOST_1_0_RESTRICTED_HS
2025-10-10 00:09:43,758 [WARN] ModelIntegratedComponent:182 - Modes not found for component STMicroelectronics:USB_HOST:1.0.0:STMicroelectronics:USB::USB Host:MSC HS::1.0:USB_HOST_1_0_RESTRICTED_HS
2025-10-10 00:09:43,758 [WARN] ModelIntegratedComponent:188 - Modes not found for component STMicroelectronics:USB_HOST:1.0.0:STMicroelectronics:USB::USB Host:MSC HS::1.0:USB_HOST_1_0_RESTRICTED_HS
2025-10-10 00:09:43,758 [WARN] ModelIntegratedComponent:182 - Modes not found for component STMicroelectronics:USB_HOST:1.0.0:STMicroelectronics:USB::USB Host:HID HS::1.0:USB_HOST_1_0_RESTRICTED_HS
2025-10-10 00:09:43,758 [WARN] ModelIntegratedComponent:188 - Modes not found for component STMicroelectronics:USB_HOST:1.0.0:STMicroelectronics:USB::USB Host:HID HS::1.0:USB_HOST_1_0_RESTRICTED_HS
2025-10-10 00:09:43,758 [WARN] ModelIntegratedComponent:182 - Modes not found for component STMicroelectronics:USB_HOST:1.0.0:STMicroelectronics:USB::USB Host:MTP HS::1.0:USB_HOST_1_0_RESTRICTED_HS
2025-10-10 00:09:43,758 [WARN] ModelIntegratedComponent:188 - Modes not found for component STMicroelectronics:USB_HOST:1.0.0:STMicroelectronics:USB::USB Host:MTP HS::1.0:USB_HOST_1_0_RESTRICTED_HS
2025-10-10 00:09:43,769 [WARN] ModelIntegratedComponent:63 - No mode defined for component null
2025-10-10 00:09:43,769 [WARN] ModelIntegratedComponent:63 - No mode defined for component null
2025-10-10 00:09:43,769 [WARN] ModelIntegratedComponent:63 - No mode defined for component null
2025-10-10 00:09:43,769 [WARN] ModelIntegratedComponent:63 - No mode defined for component null
2025-10-10 00:09:43,769 [WARN] ModelIntegratedComponent:63 - No mode defined for component null
2025-10-10 00:09:43,769 [WARN] ModelIntegratedComponent:63 - No mode defined for component null
2025-10-10 00:09:43,769 [WARN] ModelIntegratedComponent:63 - No mode defined for component null
2025-10-10 00:09:43,769 [WARN] ModelIntegratedComponent:63 - No mode defined for component null
2025-10-10 00:09:43,769 [WARN] ModelIntegratedComponent:63 - No mode defined for component null
2025-10-10 00:09:43,769 [WARN] ModelIntegratedComponent:63 - No mode defined for component null
2025-10-10 00:09:43,769 [WARN] ModelIntegratedComponent:63 - No mode defined for component null
2025-10-10 00:09:43,769 [WARN] ModelIntegratedComponent:63 - No mode defined for component null
2025-10-10 00:09:43,769 [WARN] ModelIntegratedComponent:63 - No mode defined for component null
2025-10-10 00:09:43,769 [WARN] ModelIntegratedComponent:63 - No mode defined for component null
2025-10-10 00:09:43,769 [WARN] ModelIntegratedComponent:63 - No mode defined for component null
2025-10-10 00:09:43,769 [WARN] ModelIntegratedComponent:63 - No mode defined for component null
2025-10-10 00:09:43,769 [WARN] ModelIntegratedComponent:63 - No mode defined for component null
2025-10-10 00:09:43,769 [WARN] ModelIntegratedComponent:63 - No mode defined for component null
2025-10-10 00:09:43,769 [WARN] ModelIntegratedComponent:63 - No mode defined for component null
2025-10-10 00:09:43,769 [WARN] ModelIntegratedComponent:63 - No mode defined for component null
2025-10-10 00:09:43,769 [WARN] ModelIntegratedComponent:63 - No mode defined for component null
2025-10-10 00:09:43,769 [WARN] ModelIntegratedComponent:63 - No mode defined for component null
2025-10-10 00:09:43,770 [WARN] ModelIntegratedComponent:63 - No mode defined for component null
2025-10-10 00:09:43,770 [WARN] ModelIntegratedComponent:63 - No mode defined for component null
2025-10-10 00:09:43,770 [WARN] ModelIntegratedComponent:63 - No mode defined for component null
2025-10-10 00:09:43,770 [WARN] ModelIntegratedComponent:63 - No mode defined for component null
2025-10-10 00:09:43,770 [WARN] ModelIntegratedComponent:63 - No mode defined for component null
2025-10-10 00:09:43,770 [WARN] ModelIntegratedComponent:63 - No mode defined for component null
2025-10-10 00:09:43,770 [WARN] ModelIntegratedComponent:63 - No mode defined for component null
2025-10-10 00:09:43,770 [WARN] ModelIntegratedComponent:63 - No mode defined for component null
2025-10-10 00:09:43,770 [WARN] ModelIntegratedComponent:63 - No mode defined for component null
2025-10-10 00:09:43,770 [WARN] ModelIntegratedComponent:63 - No mode defined for component null
2025-10-10 00:09:43,770 [WARN] ModelIntegratedComponent:63 - No mode defined for component null
2025-10-10 00:09:43,770 [WARN] ModelIntegratedComponent:63 - No mode defined for component null
2025-10-10 00:09:43,770 [WARN] ModelIntegratedComponent:63 - No mode defined for component null
2025-10-10 00:09:43,770 [WARN] ModelPack:524 - Component already loaded: STMicroelectronics:HAL Drivers:0.0.0:STMicroelectronics:Device:STMicro_Driver:XSPI:HAL::0.0.1:HAL_XSPI
2025-10-10 00:09:44,152 [WARN] ModelIntegratedComponent:182 - Modes not found for component STMicroelectronics:USB_DEVICE:1.0.0:STMicroelectronics:USB::USB Device:Audio HS::1.0:USB_DEVICE_1_0_RESTRICTED_HS
2025-10-10 00:09:44,152 [WARN] ModelIntegratedComponent:188 - Modes not found for component STMicroelectronics:USB_DEVICE:1.0.0:STMicroelectronics:USB::USB Device:Audio HS::1.0:USB_DEVICE_1_0_RESTRICTED_HS
2025-10-10 00:09:44,152 [WARN] ModelIntegratedComponent:182 - Modes not found for component STMicroelectronics:USB_DEVICE:1.0.0:STMicroelectronics:USB::USB Device:CDC HS::1.0:USB_DEVICE_1_0_RESTRICTED_HS
2025-10-10 00:09:44,152 [WARN] ModelIntegratedComponent:188 - Modes not found for component STMicroelectronics:USB_DEVICE:1.0.0:STMicroelectronics:USB::USB Device:CDC HS::1.0:USB_DEVICE_1_0_RESTRICTED_HS
2025-10-10 00:09:44,152 [WARN] ModelIntegratedComponent:182 - Modes not found for component STMicroelectronics:USB_DEVICE:1.0.0:STMicroelectronics:USB::USB Device:DFU HS::1.0:USB_DEVICE_1_0_RESTRICTED_HS
2025-10-10 00:09:44,152 [WARN] ModelIntegratedComponent:188 - Modes not found for component STMicroelectronics:USB_DEVICE:1.0.0:STMicroelectronics:USB::USB Device:DFU HS::1.0:USB_DEVICE_1_0_RESTRICTED_HS
2025-10-10 00:09:44,152 [WARN] ModelIntegratedComponent:182 - Modes not found for component STMicroelectronics:USB_DEVICE:1.0.0:STMicroelectronics:USB::USB Device:HID HS::1.0:USB_DEVICE_1_0_RESTRICTED_HS
2025-10-10 00:09:44,152 [WARN] ModelIntegratedComponent:188 - Modes not found for component STMicroelectronics:USB_DEVICE:1.0.0:STMicroelectronics:USB::USB Device:HID HS::1.0:USB_DEVICE_1_0_RESTRICTED_HS
2025-10-10 00:09:44,152 [WARN] ModelIntegratedComponent:182 - Modes not found for component STMicroelectronics:USB_DEVICE:1.0.0:STMicroelectronics:USB::USB Device:Custom HID HS::1.0:USB_DEVICE_1_0_RESTRICTED_HS
2025-10-10 00:09:44,152 [WARN] ModelIntegratedComponent:188 - Modes not found for component STMicroelectronics:USB_DEVICE:1.0.0:STMicroelectronics:USB::USB Device:Custom HID HS::1.0:USB_DEVICE_1_0_RESTRICTED_HS
2025-10-10 00:09:44,152 [WARN] ModelIntegratedComponent:182 - Modes not found for component STMicroelectronics:USB_DEVICE:1.0.0:STMicroelectronics:USB::USB Device:MSC HS::1.0:USB_DEVICE_1_0_RESTRICTED_HS
2025-10-10 00:09:44,152 [WARN] ModelIntegratedComponent:188 - Modes not found for component STMicroelectronics:USB_DEVICE:1.0.0:STMicroelectronics:USB::USB Device:MSC HS::1.0:USB_DEVICE_1_0_RESTRICTED_HS
2025-10-10 00:09:44,175 [INFO] ThirdPartyModel:298 - Start build external matchings
2025-10-10 00:09:45,046 [INFO] ThirdPartyModel:316 - End build external matchings
2025-10-10 00:09:45,091 [INFO] ImportTextPane:234 - (OptionalMessage_ERROR) IP (RCC) : Parameter (48MHZClocksFreq_Value) has invalid value (84000000)
2025-10-10 00:09:45,092 [INFO] ImportTextPane:234 - (OptionalMessage_ERROR) IP (RCC) : Parameter (FLatency) has Id (AdvancedSettings) currently not set
2025-10-10 00:09:45,093 [INFO] ImportTextPane:234 - (OptionalMessage_ERROR) IP (RCC) : Parameter (RTCHSEDivFreq_Value) has invalid value (4000000)
2025-10-10 00:09:45,389 [INFO] UtilMem:75 - End LoadConfig() Used Memory: 621732016 Bytes (919601152)
2025-10-10 00:09:45,422 [WARN] ThirdParty:833 - waiting for thirdparty lock release [change project]
2025-10-10 00:09:45,422 [INFO] ThirdParty:835 - entering critical section [change project]
2025-10-10 00:09:45,422 [INFO] ThirdParty:1030 - CMSIS Pack Vendor :STMicroelectronics X-CUBE-PM33A1 1.0.0
2025-10-10 00:09:45,422 [INFO] ThirdParty:1030 - CMSIS Pack Vendor :STMicroelectronics USBPD 4.1
2025-10-10 00:09:45,422 [INFO] ThirdParty:1030 - CMSIS Pack Vendor :STMicroelectronics X-CUBE-NFC9 1.0.0
2025-10-10 00:09:45,422 [INFO] ThirdParty:1030 - CMSIS Pack Vendor :STMicroelectronics USB_HOST 2.0.0
2025-10-10 00:09:45,422 [INFO] ThirdParty:1030 - CMSIS Pack Vendor :STMicroelectronics FP-SNS-MOTENVWB1 1.4.0
2025-10-10 00:09:45,422 [INFO] ThirdParty:1030 - CMSIS Pack Vendor :STMicroelectronics X-CUBE-AZRTOS-F4 1.1.0
2025-10-10 00:09:45,422 [INFO] ThirdParty:1030 - CMSIS Pack Vendor :STMicroelectronics LIBJPEG 8.0.0
2025-10-10 00:09:45,422 [INFO] ThirdParty:1030 - CMSIS Pack Vendor :STMicroelectronics FP-ATR-ASTRA1 2.0.2
2025-10-10 00:09:45,422 [INFO] ThirdParty:1030 - CMSIS Pack Vendor :wolfSSL I-CUBE-wolfSSL 5.8.2
2025-10-10 00:09:45,422 [INFO] ThirdParty:1030 - CMSIS Pack Vendor :STMicroelectronics X-CUBE-BLE1 7.1.0
2025-10-10 00:09:45,422 [INFO] ThirdParty:1030 - CMSIS Pack Vendor :STMicroelectronics X-CUBE-SMBUS 2.1.0
2025-10-10 00:09:45,422 [INFO] ThirdParty:1030 - CMSIS Pack Vendor :wolfSSL I-CUBE-wolfMQTT 1.19.2
2025-10-10 00:09:45,422 [INFO] ThirdParty:1030 - CMSIS Pack Vendor :STMicroelectronics USB_DEVICE 3.0.0
2025-10-10 00:09:45,422 [INFO] ThirdParty:1030 - CMSIS Pack Vendor :STMicroelectronics X-CUBE-ISPU 2.1.0
2025-10-10 00:09:45,422 [INFO] ThirdParty:1030 - CMSIS Pack Vendor :STMicroelectronics X-CUBE-EEPRMA1 5.2.0
2025-10-10 00:09:45,422 [INFO] ThirdParty:1030 - CMSIS Pack Vendor :STMicroelectronics X-CUBE-IPS 3.2.0
2025-10-10 00:09:45,422 [INFO] ThirdParty:1030 - CMSIS Pack Vendor :STMicroelectronics X-CUBE-BLEMGR 4.1.0
2025-10-10 00:09:45,422 [INFO] ThirdParty:1030 - CMSIS Pack Vendor :STMicroelectronics X-CUBE-AZRTOS-WB 2.0.0
2025-10-10 00:09:45,422 [INFO] ThirdParty:1030 - CMSIS Pack Vendor :STMicroelectronics X-CUBE-ST60 1.0.0
2025-10-10 00:09:45,423 [INFO] ThirdParty:1030 - CMSIS Pack Vendor :STMicroelectronics X-CUBE-GNSS1 7.0.1
2025-10-10 00:09:45,423 [INFO] ThirdParty:1030 - CMSIS Pack Vendor :STMicroelectronics X-CUBE-NFC12 1.0.0
2025-10-10 00:09:45,423 [INFO] ThirdParty:1030 - CMSIS Pack Vendor :STMicroelectronics X-CUBE-AZRTOS-F7 1.1.0
2025-10-10 00:09:45,423 [INFO] ThirdParty:1030 - CMSIS Pack Vendor :STMicroelectronics X-CUBE-AZRTOS-L5 2.0.0
2025-10-10 00:09:45,423 [INFO] ThirdParty:1030 - CMSIS Pack Vendor :STMicroelectronics USB_DEVICE 2.0.0
2025-10-10 00:09:45,423 [INFO] ThirdParty:1030 - CMSIS Pack Vendor :STMicroelectronics X-CUBE-NFC6 3.1.0
2025-10-10 00:09:45,423 [INFO] ThirdParty:1030 - CMSIS Pack Vendor :Cesanta I-CUBE-Mongoose 7.19.0
2025-10-10 00:09:45,423 [INFO] ThirdParty:1030 - CMSIS Pack Vendor :quantropi X-CUBE-qispace-sdk-base 2.1.0
2025-10-10 00:09:45,423 [INFO] ThirdParty:1030 - CMSIS Pack Vendor :STMicroelectronics FreeRTOS 0.0.1
2025-10-10 00:09:45,423 [INFO] ThirdParty:1030 - CMSIS Pack Vendor :STMicroelectronics X-CUBE-AZRTOS-G0 1.1.0
2025-10-10 00:09:45,423 [INFO] ThirdParty:1030 - CMSIS Pack Vendor :STMicroelectronics X-CUBE-SAFEA1 1.2.2
2025-10-10 00:09:45,423 [INFO] ThirdParty:1030 - CMSIS Pack Vendor :STMicroelectronics X-CUBE-NFC4 3.0.0
2025-10-10 00:09:45,423 [INFO] ThirdParty:1030 - CMSIS Pack Vendor :STMicroelectronics X-CUBE-SUBG2 5.0.0
2025-10-10 00:09:45,423 [INFO] ThirdParty:1030 - CMSIS Pack Vendor :STMicroelectronics X-CUBE-AZRTOS-H7RS 1.1.0
2025-10-10 00:09:45,423 [INFO] ThirdParty:1030 - CMSIS Pack Vendor :STMicroelectronics STM32_WPAN 1.0.0
2025-10-10 00:09:45,423 [INFO] ThirdParty:1030 - CMSIS Pack Vendor :EmbeddedOffice I-CUBE-FS-RTOS 1.0.1
2025-10-10 00:09:45,423 [INFO] ThirdParty:1030 - CMSIS Pack Vendor :STMicroelectronics lwIP 2.0.3
2025-10-10 00:09:45,423 [INFO] ThirdParty:1030 - CMSIS Pack Vendor :WES I-CUBE-Cesium 1.4.0
2025-10-10 00:09:45,423 [INFO] ThirdParty:1030 - CMSIS Pack Vendor :STMicroelectronics USB_HOST 1.0.0
2025-10-10 00:09:45,423 [INFO] ThirdParty:1030 - CMSIS Pack Vendor :Infineon AIROC-Wi-Fi-Bluetooth-STM32 1.7.1
2025-10-10 00:09:45,423 [INFO] ThirdParty:1030 - CMSIS Pack Vendor :STMicroelectronics X-CUBE-AZRTOS-G4 2.0.0
2025-10-10 00:09:45,423 [INFO] ThirdParty:1030 - CMSIS Pack Vendor :STMicroelectronics X-CUBE-WB05N 2.0.0
2025-10-10 00:09:45,423 [INFO] ThirdParty:1030 - CMSIS Pack Vendor :STMicroelectronics PDM2PCM 3.1.0
2025-10-10 00:09:45,423 [INFO] ThirdParty:1030 - CMSIS Pack Vendor :STMicroelectronics PDM2PCM 3.3.0
2025-10-10 00:09:45,423 [INFO] ThirdParty:1030 - CMSIS Pack Vendor :wolfSSL I-CUBE-wolfTPM 3.8.0
2025-10-10 00:09:45,423 [INFO] ThirdParty:1030 - CMSIS Pack Vendor :STMicroelectronics X-CUBE-AZRTOS-H7 3.4.0
2025-10-10 00:09:45,423 [INFO] ThirdParty:1030 - CMSIS Pack Vendor :STMicroelectronics X-CUBE-DISPLAY 3.0.0
2025-10-10 00:09:45,423 [INFO] ThirdParty:1030 - CMSIS Pack Vendor :wolfSSL I-CUBE-wolfSSH 1.4.20
2025-10-10 00:09:45,423 [INFO] ThirdParty:1030 - CMSIS Pack Vendor :STMicroelectronics X-CUBE-NFC7 2.0.0
2025-10-10 00:09:45,423 [INFO] ThirdParty:1030 - CMSIS Pack Vendor :STMicroelectronics X-CUBE-TCPP 4.2.0
2025-10-10 00:09:45,423 [INFO] ThirdParty:1030 - CMSIS Pack Vendor :RealThread X-CUBE-RT-Thread_Nano 4.1.1
2025-10-10 00:09:45,423 [INFO] ThirdParty:1030 - CMSIS Pack Vendor :STMicroelectronics FP-ATR-SIGFOX1 3.2.0
2025-10-10 00:09:45,423 [INFO] ThirdParty:1030 - CMSIS Pack Vendor :STMicroelectronics X-CUBE-NFC10 1.0.0
2025-10-10 00:09:45,424 [INFO] ThirdParty:1030 - CMSIS Pack Vendor :STMicroelectronics X-CUBE-FREERTOS 1.3.1
2025-10-10 00:09:45,424 [INFO] ThirdParty:1030 - CMSIS Pack Vendor :STMicroelectronics HAL Drivers 0.0.0
2025-10-10 00:09:45,424 [INFO] ThirdParty:1030 - CMSIS Pack Vendor :STMicroelectronics MBEDTLS 2.16.2
2025-10-10 00:09:45,424 [INFO] ThirdParty:1030 - CMSIS Pack Vendor :STMicroelectronics X-CUBE-ALS 1.0.2
2025-10-10 00:09:45,424 [INFO] ThirdParty:1030 - CMSIS Pack Vendor :emotas I-CUBE-CANOPEN 1.3.0
2025-10-10 00:09:45,424 [INFO] ThirdParty:1030 - CMSIS Pack Vendor :STMicroelectronics MBEDTLS 2.14.1
2025-10-10 00:09:45,424 [INFO] ThirdParty:1030 - CMSIS Pack Vendor :ITTIA_DB I-CUBE-ITTIADB 8.9.0
2025-10-10 00:09:45,424 [INFO] ThirdParty:1030 - CMSIS Pack Vendor :STMicroelectronics X-CUBE-TOUCHGFX 4.26.0
2025-10-10 00:09:45,424 [INFO] ThirdParty:1030 - CMSIS Pack Vendor :STMicroelectronics X-CUBE-STSE01 1.0.0
2025-10-10 00:09:45,424 [INFO] ThirdParty:1030 - CMSIS Pack Vendor :STMicroelectronics X-CUBE-ST67W61 1.0.0
2025-10-10 00:09:45,424 [INFO] ThirdParty:1030 - CMSIS Pack Vendor :STMicroelectronics FP-SNS-STBOX1 2.1.0
2025-10-10 00:09:45,424 [INFO] ThirdParty:1030 - CMSIS Pack Vendor :STMicroelectronics X-CUBE-AI 10.2.0
2025-10-10 00:09:45,424 [INFO] ThirdParty:1030 - CMSIS Pack Vendor :STMicroelectronics FP-SNS-STAIOTCFT 1.0.0
2025-10-10 00:09:45,424 [INFO] ThirdParty:1030 - CMSIS Pack Vendor :STMicroelectronics ThreadX 1.0.0
2025-10-10 00:09:45,424 [INFO] ThirdParty:1030 - CMSIS Pack Vendor :STMicroelectronics FP-SNS-SMARTAG2 1.2.0
2025-10-10 00:09:45,424 [INFO] ThirdParty:1030 - CMSIS Pack Vendor :STMicroelectronics FP-SNS-FLIGHT1 5.1.0
2025-10-10 00:09:45,424 [INFO] ThirdParty:1030 - CMSIS Pack Vendor :STMicroelectronics X-CUBE-AZRTOS-WL 2.0.0
2025-10-10 00:09:45,424 [INFO] ThirdParty:1030 - CMSIS Pack Vendor :SEGGER I-CUBE-embOS 1.3.1
2025-10-10 00:09:45,424 [INFO] ThirdParty:1030 - CMSIS Pack Vendor :STMicroelectronics X-CUBE-ALGOBUILD 1.4.0
2025-10-10 00:09:45,424 [INFO] ThirdParty:1030 - CMSIS Pack Vendor :STMicroelectronics X-CUBE-DPower 1.3.0
2025-10-10 00:09:45,424 [INFO] ThirdParty:1030 - CMSIS Pack Vendor :STMicroelectronics X-CUBE-MEMS1 11.3.0
2025-10-10 00:09:45,424 [INFO] ThirdParty:1030 - CMSIS Pack Vendor :STMicroelectronics FP-SNS-MOTENV1 5.0.0
2025-10-10 00:09:45,424 [INFO] ThirdParty:1030 - CMSIS Pack Vendor :STMicroelectronics USB_DEVICE 1.0.0
2025-10-10 00:09:45,425 [INFO] ThirdParty:1030 - CMSIS Pack Vendor :STMicroelectronics X-CUBE-AZRTOS-L4 2.0.0
2025-10-10 00:09:45,425 [INFO] ThirdParty:1030 - CMSIS Pack Vendor :STMicroelectronics ThreadX 0.0.2
2025-10-10 00:09:45,425 [INFO] ThirdParty:1030 - CMSIS Pack Vendor :STMicroelectronics lwIP 2.1.2
2025-10-10 00:09:45,425 [INFO] ThirdParty:1030 - CMSIS Pack Vendor :STMicroelectronics X-CUBE-SFXS2LP1 4.0.0
2025-10-10 00:09:45,425 [INFO] ThirdParty:1030 - CMSIS Pack Vendor :STMicroelectronics X-CUBE-BLE2 3.3.0
2025-10-10 00:09:45,425 [INFO] ThirdParty:1030 - CMSIS Pack Vendor :STMicroelectronics X-CUBE-TOF1 3.4.3
2025-10-10 00:09:45,425 [INFO] ThirdParty:1030 - CMSIS Pack Vendor :STMicroelectronics PDM2PCM 3.2.0
2025-10-10 00:09:45,425 [INFO] ThirdParty:841 - exiting critical section [change project]
2025-10-10 00:09:45,618 [INFO] PinOutPanel:1589 - setPackage(No Configuration,No Configuration)
2025-10-10 00:09:45,619 [INFO] PinOutPanel:1589 - setPackage(STM32F411RETx,LQFP64)
2025-10-10 00:09:45,944 [INFO] UtilMem:75 - Before build in PCC Used Memory: 783411536 Bytes (919601152)
2025-10-10 00:09:46,173 [INFO] UtilMem:75 - After build in PCC Used Memory: 828500304 Bytes (919601152)
2025-10-10 00:09:46,193 [INFO] IPUIPlugin:80 - create IPUIPlugin
2025-10-10 00:09:46,194 [INFO] IPUIPlugin:80 - create IPUIPlugin
2025-10-10 00:09:46,194 [INFO] IPUIPlugin:80 - create IPUIPlugin
2025-10-10 00:09:46,194 [INFO] IPUIPlugin:80 - create IPUIPlugin
2025-10-10 00:09:46,194 [INFO] IPUIPlugin:80 - create IPUIPlugin
2025-10-10 00:09:46,194 [INFO] IPUIPlugin:80 - create IPUIPlugin
2025-10-10 00:09:46,194 [INFO] IPUIPlugin:80 - create IPUIPlugin
2025-10-10 00:09:46,194 [INFO] IPUIPlugin:80 - create IPUIPlugin
2025-10-10 00:09:46,194 [INFO] IPUIPlugin:80 - create IPUIPlugin
2025-10-10 00:09:46,194 [INFO] IPUIPlugin:80 - create IPUIPlugin
2025-10-10 00:09:46,194 [INFO] IPUIPlugin:80 - create IPUIPlugin
2025-10-10 00:09:46,194 [INFO] IPUIPlugin:80 - create IPUIPlugin
2025-10-10 00:09:46,194 [INFO] IPUIPlugin:80 - create IPUIPlugin
2025-10-10 00:09:46,194 [INFO] IPUIPlugin:80 - create IPUIPlugin
2025-10-10 00:09:46,194 [INFO] IPUIPlugin:80 - create IPUIPlugin
2025-10-10 00:09:46,195 [INFO] IPUIPlugin:80 - create IPUIPlugin
2025-10-10 00:09:46,195 [INFO] IPUIPlugin:80 - create IPUIPlugin
2025-10-10 00:09:46,195 [INFO] IPUIPlugin:80 - create IPUIPlugin
2025-10-10 00:09:46,195 [INFO] IPUIPlugin:80 - create IPUIPlugin
2025-10-10 00:09:46,195 [INFO] IPUIPlugin:80 - create IPUIPlugin
2025-10-10 00:09:46,195 [INFO] IPUIPlugin:80 - create IPUIPlugin
2025-10-10 00:09:46,195 [INFO] IPUIPlugin:80 - create IPUIPlugin
2025-10-10 00:09:46,195 [INFO] IPUIPlugin:80 - create IPUIPlugin
2025-10-10 00:09:46,196 [INFO] IPUIPlugin:80 - create IPUIPlugin
2025-10-10 00:09:46,196 [INFO] IPUIPlugin:80 - create IPUIPlugin
2025-10-10 00:09:46,196 [INFO] IPUIPlugin:80 - create IPUIPlugin
2025-10-10 00:09:46,196 [INFO] IPUIPlugin:80 - create IPUIPlugin
2025-10-10 00:09:46,196 [INFO] IPUIPlugin:80 - create IPUIPlugin
2025-10-10 00:09:46,196 [INFO] IPUIPlugin:80 - create IPUIPlugin
2025-10-10 00:09:46,196 [INFO] IPUIPlugin:80 - create IPUIPlugin
2025-10-10 00:09:46,196 [INFO] IPUIPlugin:80 - create IPUIPlugin
2025-10-10 00:09:46,197 [INFO] IPUIPlugin:80 - create IPUIPlugin
2025-10-10 00:09:46,197 [INFO] IPUIPlugin:80 - create IPUIPlugin
2025-10-10 00:09:46,198 [INFO] IPUIPlugin:80 - create IPUIPlugin
2025-10-10 00:09:46,198 [INFO] IPUIPlugin:80 - create IPUIPlugin
2025-10-10 00:09:46,199 [INFO] IPUIPlugin:80 - create IPUIPlugin
2025-10-10 00:09:46,199 [INFO] IPUIPlugin:80 - create IPUIPlugin
2025-10-10 00:09:46,199 [INFO] IPUIPlugin:80 - create IPUIPlugin
2025-10-10 00:09:46,200 [INFO] IPUIPlugin:80 - create IPUIPlugin
2025-10-10 00:09:46,200 [INFO] IPUIPlugin:80 - create IPUIPlugin
2025-10-10 00:09:46,222 [INFO] IPUIPlugin:80 - create IPUIPlugin
2025-10-10 00:09:46,223 [INFO] IPUIPlugin:80 - create IPUIPlugin
2025-10-10 00:09:46,223 [INFO] IPUIPlugin:80 - create IPUIPlugin
2025-10-10 00:09:46,227 [INFO] ApiDbMcu:532 - Load IP Config File for PDM2PCM
2025-10-10 00:09:46,277 [INFO] CADModel:165 - CPN selected for project levelSTM32F411RET6
2025-10-10 00:09:46,277 [INFO] CADModel:114 - Register for checkConnection events
2025-10-10 00:09:46,362 [INFO] OpenFileManager:386 - Restore cursor
2025-10-10 00:09:46,855 [INFO] UtilMem:75 - End SaveConfig() Used Memory: 447821216 Bytes (919601152)
2025-10-10 00:09:46,917 [INFO] UtilMem:75 - End SaveConfig() Used Memory: 463855936 Bytes (919601152)
2025-10-10 00:09:47,341 [INFO] BlockDiagram:2775 - set Specific Code input for plugin: NVIC
2025-10-10 00:09:47,342 [INFO] BlockDiagram:2775 - set Specific Code input for plugin: USART
2025-10-10 00:09:47,342 [INFO] BlockDiagram:2775 - set Specific Code input for plugin: SYS
2025-10-10 00:09:47,342 [INFO] BlockDiagram:2775 - set Specific Code input for plugin: GPIO
2025-10-10 00:09:47,342 [INFO] BlockDiagram:2775 - set Specific Code input for plugin: RCC
2025-10-10 00:09:47,342 [INFO] CodeGenerator:892 - code generatio: config db path: C:\ST\STM32CubeIDE_1.19.0\STM32CubeIDE\plugins\com.st.stm32cube.common.mx_6.15.0.202507011659\\db\
2025-10-10 00:09:47,448 [INFO] CodeEngine:265 - oldGeneratedFile, D:\CDAC\STM32_Practice\UART\UART_TO_UART1\MXTmpFiles\license.tmp_save
2025-10-10 00:09:47,686 [INFO] CodeEngine:289 - Generated code: D:\CDAC\STM32_Practice\UART\UART_TO_UART1\MXTmpFiles\license.tmp
2025-10-10 00:09:47,717 [INFO] CodeEngine:265 - oldGeneratedFile, D:\CDAC\STM32_Practice\UART\UART_TO_UART1\MXTmpFiles\gpio.tmp_save
2025-10-10 00:09:47,851 [INFO] CodeEngine:289 - Generated code: D:\CDAC\STM32_Practice\UART\UART_TO_UART1\MXTmpFiles\gpio.tmp
2025-10-10 00:09:47,894 [INFO] CodeEngine:265 - oldGeneratedFile, D:\CDAC\STM32_Practice\UART\UART_TO_UART1\Core\Src\stm32f4xx_it.c_save
2025-10-10 00:09:48,145 [INFO] CodeEngine:289 - Generated code: D:\CDAC\STM32_Practice\UART\UART_TO_UART1\Core\Src\stm32f4xx_it.c
2025-10-10 00:09:48,151 [INFO] CodeEngine:265 - oldGeneratedFile, D:\CDAC\STM32_Practice\UART\UART_TO_UART1\Core\Inc\stm32f4xx_it.h_save
2025-10-10 00:09:48,254 [INFO] CodeEngine:289 - Generated code: D:\CDAC\STM32_Practice\UART\UART_TO_UART1\Core\Inc\stm32f4xx_it.h
2025-10-10 00:09:48,266 [INFO] CodeEngine:265 - oldGeneratedFile, D:\CDAC\STM32_Practice\UART\UART_TO_UART1\Core\Src\stm32f4xx_hal_msp.c_save
2025-10-10 00:09:48,421 [INFO] CodeEngine:289 - Generated code: D:\CDAC\STM32_Practice\UART\UART_TO_UART1\Core\Src\stm32f4xx_hal_msp.c
2025-10-10 00:09:48,425 [INFO] CodeEngine:265 - oldGeneratedFile, D:\CDAC\STM32_Practice\UART\UART_TO_UART1\MXTmpFiles\system.tmp_save
2025-10-10 00:09:48,524 [INFO] CodeEngine:289 - Generated code: D:\CDAC\STM32_Practice\UART\UART_TO_UART1\MXTmpFiles\system.tmp
2025-10-10 00:09:48,533 [INFO] CodeEngine:321 - oldGeneratedFile, D:\CDAC\STM32_Practice\UART\UART_TO_UART1\Core\Inc\stm32f4xx_hal_conf.h_save
2025-10-10 00:09:48,609 [INFO] CodeEngine:345 - Generated code: D:\CDAC\STM32_Practice\UART\UART_TO_UART1\Core\Inc\stm32f4xx_hal_conf.h
2025-10-10 00:09:48,646 [INFO] ApiDbMcu:532 - Load IP Config File for USART2
2025-10-10 00:09:48,651 [INFO] ApiDbMcu:532 - Load IP Config File for RCC
2025-10-10 00:09:48,659 [INFO] CodeEngine:265 - oldGeneratedFile, D:\CDAC\STM32_Practice\UART\UART_TO_UART1\Core\Inc\main.h_save
2025-10-10 00:09:48,776 [INFO] CodeEngine:289 - Generated code: D:\CDAC\STM32_Practice\UART\UART_TO_UART1\Core\Inc\main.h
2025-10-10 00:09:48,780 [INFO] CodeEngine:265 - oldGeneratedFile, D:\CDAC\STM32_Practice\UART\UART_TO_UART1\Core\Src\main.c_save
2025-10-10 00:09:48,890 [INFO] CodeEngine:289 - Generated code: D:\CDAC\STM32_Practice\UART\UART_TO_UART1\Core\Src\main.c
2025-10-10 00:09:49,287 [INFO] ProjectBuilder:3606 - Time for Copy HAL[1] : 123mS.
2025-10-10 00:09:49,290 [INFO] ProjectBuilder:5216 - Project Generator version: 4.7.0-B52
2025-10-10 00:09:49,364 [INFO] ConfigFileManager:1595 - The Die is : DIE431
2025-10-10 00:09:49,367 [INFO] ApiDbMcu:532 - Load IP Config File for FATFS
2025-10-10 00:09:49,371 [INFO] ApiDbMcu:532 - Load IP Config File for FREERTOS
2025-10-10 00:09:49,372 [INFO] ApiDbMcu:532 - Load IP Config File for LIBJPEG
2025-10-10 00:09:49,379 [INFO] ApiDbMcu:532 - Load IP Config File for MBEDTLS
2025-10-10 00:09:49,386 [INFO] ApiDbMcu:532 - Load IP Config File for USB_DEVICE
2025-10-10 00:09:49,390 [INFO] ApiDbMcu:532 - Load IP Config File for USB_HOST
2025-10-10 00:09:51,108 [INFO] ProjectBuilder:5496 - Time for Generating toolchain IDE Files: 1818mS.
2025-10-10 00:09:51,109 [INFO] ProjectBuilder:3463 - Time for Copy CMSIS : 1mS.
2025-10-10 00:09:51,110 [INFO] ProjectBuilder:3463 - Time for Copy CMSIS : 0mS.
2025-10-10 00:09:51,789 [INFO] McuFinderGlobals:76 - Set McuFinderConnectedMode to true
2025-10-10 00:09:51,792 [INFO] ApiDb:448 - Save user favorites file C:\Users\Abhishek/.stm32cubeide/favorites.mcus.txt: 0 item(s)
2025-10-10 00:09:51,793 [INFO] ApiDb:452 - User favorites MCUs=[]
2025-10-10 00:09:51,795 [INFO] ApiDb:448 - Save user favorites file C:\Users\Abhishek/.stm32cubeide/favorites.boards.txt: 1 item(s)
2025-10-10 00:09:51,796 [INFO] ApiDb:452 - User favorites Boards=[NUCLEO-F411RE]
2025-10-10 00:12:41,755 [INFO] UtilMem:75 - End SaveConfig() Used Memory: 485790392 Bytes (919601152)
2025-10-10 00:12:43,580 [INFO] UtilMem:75 - End SaveConfig() Used Memory: 529174216 Bytes (919601152)
2025-10-10 00:12:45,627 [INFO] UtilMem:75 - End SaveConfig() Used Memory: 602690688 Bytes (919601152)
2025-10-10 00:12:45,812 [INFO] BlockDiagram:2775 - set Specific Code input for plugin: NVIC
2025-10-10 00:12:45,813 [INFO] BlockDiagram:2775 - set Specific Code input for plugin: USART
2025-10-10 00:12:45,813 [INFO] BlockDiagram:2775 - set Specific Code input for plugin: USART
2025-10-10 00:12:45,813 [INFO] BlockDiagram:2775 - set Specific Code input for plugin: SYS
2025-10-10 00:12:45,814 [INFO] BlockDiagram:2775 - set Specific Code input for plugin: GPIO
2025-10-10 00:12:45,814 [INFO] BlockDiagram:2775 - set Specific Code input for plugin: RCC
2025-10-10 00:12:45,816 [INFO] CodeGenerator:892 - code generatio: config db path: C:\ST\STM32CubeIDE_1.19.0\STM32CubeIDE\plugins\com.st.stm32cube.common.mx_6.15.0.202507011659\\db\
2025-10-10 00:12:45,929 [INFO] CodeEngine:265 - oldGeneratedFile, D:\CDAC\STM32_Practice\UART\UART_TO_UART1\MXTmpFiles\license.tmp_save
2025-10-10 00:12:46,014 [INFO] CodeEngine:289 - Generated code: D:\CDAC\STM32_Practice\UART\UART_TO_UART1\MXTmpFiles\license.tmp
2025-10-10 00:12:46,029 [INFO] CodeEngine:265 - oldGeneratedFile, D:\CDAC\STM32_Practice\UART\UART_TO_UART1\MXTmpFiles\gpio.tmp_save
2025-10-10 00:12:46,086 [INFO] CodeEngine:289 - Generated code: D:\CDAC\STM32_Practice\UART\UART_TO_UART1\MXTmpFiles\gpio.tmp
2025-10-10 00:12:46,138 [INFO] CodeEngine:265 - oldGeneratedFile, D:\CDAC\STM32_Practice\UART\UART_TO_UART1\Core\Src\stm32f4xx_it.c_save
2025-10-10 00:12:46,207 [INFO] CodeEngine:289 - Generated code: D:\CDAC\STM32_Practice\UART\UART_TO_UART1\Core\Src\stm32f4xx_it.c
2025-10-10 00:12:46,212 [INFO] CodeEngine:265 - oldGeneratedFile, D:\CDAC\STM32_Practice\UART\UART_TO_UART1\Core\Inc\stm32f4xx_it.h_save
2025-10-10 00:12:46,264 [INFO] CodeEngine:289 - Generated code: D:\CDAC\STM32_Practice\UART\UART_TO_UART1\Core\Inc\stm32f4xx_it.h
2025-10-10 00:12:46,276 [INFO] CodeEngine:265 - oldGeneratedFile, D:\CDAC\STM32_Practice\UART\UART_TO_UART1\Core\Src\stm32f4xx_hal_msp.c_save
2025-10-10 00:12:46,375 [INFO] CodeEngine:289 - Generated code: D:\CDAC\STM32_Practice\UART\UART_TO_UART1\Core\Src\stm32f4xx_hal_msp.c
2025-10-10 00:12:46,380 [INFO] CodeEngine:265 - oldGeneratedFile, D:\CDAC\STM32_Practice\UART\UART_TO_UART1\MXTmpFiles\system.tmp_save
2025-10-10 00:12:46,448 [INFO] CodeEngine:289 - Generated code: D:\CDAC\STM32_Practice\UART\UART_TO_UART1\MXTmpFiles\system.tmp
2025-10-10 00:12:46,460 [INFO] CodeEngine:321 - oldGeneratedFile, D:\CDAC\STM32_Practice\UART\UART_TO_UART1\Core\Inc\stm32f4xx_hal_conf.h_save
2025-10-10 00:12:46,536 [INFO] CodeEngine:345 - Generated code: D:\CDAC\STM32_Practice\UART\UART_TO_UART1\Core\Inc\stm32f4xx_hal_conf.h
2025-10-10 00:12:46,557 [INFO] ApiDbMcu:532 - Load IP Config File for USART1
2025-10-10 00:12:46,567 [INFO] CodeEngine:265 - oldGeneratedFile, D:\CDAC\STM32_Practice\UART\UART_TO_UART1\Core\Inc\main.h_save
2025-10-10 00:12:46,624 [INFO] CodeEngine:289 - Generated code: D:\CDAC\STM32_Practice\UART\UART_TO_UART1\Core\Inc\main.h
2025-10-10 00:12:46,628 [INFO] CodeEngine:265 - oldGeneratedFile, D:\CDAC\STM32_Practice\UART\UART_TO_UART1\Core\Src\main.c_save
2025-10-10 00:12:46,715 [INFO] CodeEngine:289 - Generated code: D:\CDAC\STM32_Practice\UART\UART_TO_UART1\Core\Src\main.c
2025-10-10 00:12:46,938 [INFO] ProjectBuilder:3606 - Time for Copy HAL[1] : 92mS.
2025-10-10 00:12:46,940 [INFO] ProjectBuilder:5216 - Project Generator version: 4.7.0-B52
2025-10-10 00:12:47,005 [INFO] ConfigFileManager:1595 - The Die is : DIE431
2025-10-10 00:12:47,518 [INFO] ProjectBuilder:5496 - Time for Generating toolchain IDE Files: 577mS.
2025-10-10 00:12:47,518 [INFO] ProjectBuilder:3463 - Time for Copy CMSIS : 0mS.
2025-10-10 00:12:47,519 [INFO] ProjectBuilder:3463 - Time for Copy CMSIS : 0mS.
