2025-10-11 11:02:33,904 [ERROR] ConfigurationRetriever:142 - IOException on connection: Read timed out
2025-10-11 11:05:27,069 [INFO] WebApp:194 - Connection lost
2025-10-11 11:05:27,376 [INFO] WebApp:191 - Connection restablished
2025-10-11 11:05:30,224 [INFO] WebApp:194 - Connection lost
2025-10-11 11:05:30,471 [INFO] WebApp:191 - Connection restablished
2025-10-11 11:09:30,694 [INFO] WebApp:194 - Connection lost
2025-10-11 11:09:34,279 [INFO] WebApp:191 - Connection restablished
2025-10-11 11:12:49,898 [ERROR] ConfigurationRetriever:142 - IOException on connection: Read timed out
2025-10-11 11:16:52,206 [INFO] WebApp:194 - Connection lost
2025-10-11 11:16:52,669 [INFO] WebApp:191 - Connection restablished
2025-10-11 11:17:20,711 [INFO] WebApp:194 - Connection lost
2025-10-11 11:17:21,194 [INFO] WebApp:191 - Connection restablished
2025-10-11 11:17:24,693 [INFO] WebApp:194 - Connection lost
2025-10-11 11:17:24,952 [INFO] WebApp:191 - Connection restablished
2025-10-11 11:18:41,203 [INFO] WebApp:194 - Connection lost
2025-10-11 11:18:41,920 [INFO] WebApp:191 - Connection restablished
2025-10-11 11:18:57,199 [INFO] WebApp:194 - Connection lost
2025-10-11 11:18:58,748 [INFO] WebApp:191 - Connection restablished
2025-10-11 11:19:03,238 [INFO] WebApp:194 - Connection lost
2025-10-11 11:19:04,216 [INFO] WebApp:191 - Connection restablished
2025-10-11 11:19:13,209 [INFO] WebApp:194 - Connection lost
2025-10-11 11:19:13,585 [INFO] WebApp:191 - Connection restablished
2025-10-11 11:19:29,219 [INFO] WebApp:194 - Connection lost
2025-10-11 11:19:29,551 [INFO] WebApp:191 - Connection restablished
2025-10-11 11:21:27,706 [INFO] WebApp:194 - Connection lost
2025-10-11 11:21:28,677 [INFO] WebApp:191 - Connection restablished
2025-10-11 11:21:48,698 [INFO] WebApp:194 - Connection lost
2025-10-11 11:21:49,452 [INFO] WebApp:191 - Connection restablished
2025-10-11 11:37:14,047 [ERROR] ConfigurationRetriever:142 - IOException on connection: Read timed out
2025-10-11 11:37:15,688 [ERROR] LogOutputStream:75 - [STDERR_REDIRECT] 
2025-10-11 11:37:15,690 [ERROR] LogOutputStream:75 - [STDERR_REDIRECT] 
2025-10-11 11:38:06,360 [INFO] Activator:176 - 


2025-10-11 11:38:06,362 [INFO] Activator:177 - !SESSION log4j initialized
2025-10-11 11:38:14,481 [INFO] LogOutputStream:77 - [STDOUT_REDIRECT] 
2025-10-11 11:38:16,089 [INFO] ApplicationProperties:184 - Using Application install path: C:\ST\STM32CubeIDE_1.19.0\STM32CubeIDE\plugins\com.st.stm32cube.common.mx_6.15.0.202507011659
2025-10-11 11:38:16,122 [INFO] DbMcusXml:78 - Set database path to: C:\ST\STM32CubeIDE_1.19.0\STM32CubeIDE\plugins\com.st.stm32cube.common.mx_6.15.0.202507011659\\db\/mcu/
2025-10-11 11:38:16,122 [INFO] ApiDb:274 - Set plugin database path to: C:\ST\STM32CubeIDE_1.19.0\STM32CubeIDE\plugins\com.st.stm32cube.common.mx_6.15.0.202507011659\\db\/plugins/boardmanager/
2025-10-11 11:38:16,123 [WARN] ApiDb:259 - Overriding images path with different value:  => C:\ST\STM32CubeIDE_1.19.0\STM32CubeIDE\plugins\com.st.stm32cube.common.mx_6.15.0.202507011659\\db\/plugins/mcufinder/images/
2025-10-11 11:38:16,136 [INFO] ApiDb:250 - Set database path to: C:\Users\Abhishek\.stmcufinder\plugins\mcufinder//mcu/
2025-10-11 11:38:16,138 [INFO] DbMcusAds:125 - Set database path to: C:\Users\Abhishek\.stmcufinder\plugins\mcufinder//mcu/
2025-10-11 11:38:16,143 [INFO] CrossReferenceDbSqlite:203 - Set database path to: C:\Users\Abhishek\.stmcufinder\plugins\mcufinder//mcu/cs/
2025-10-11 11:38:16,413 [INFO] RulesReader:64 - Compatibility file has been processed (317 Rules)
2025-10-11 11:38:16,562 [INFO] DbMcusXml:78 - Set database path to: C:\ST\STM32CubeIDE_1.19.0\STM32CubeIDE\plugins\com.st.stm32cube.common.mx_6.15.0.202507011659\\db\/mcu/
2025-10-11 11:38:16,563 [INFO] ApiDb:274 - Set plugin database path to: C:\ST\STM32CubeIDE_1.19.0\STM32CubeIDE\plugins\com.st.stm32cube.common.mx_6.15.0.202507011659\\db\/plugins/boardmanager/
2025-10-11 11:38:16,563 [INFO] ApiDb:261 - Set plugin images path to: C:\ST\STM32CubeIDE_1.19.0\STM32CubeIDE\plugins\com.st.stm32cube.common.mx_6.15.0.202507011659\\db\/plugins/mcufinder/images/
2025-10-11 11:38:16,563 [WARN] DbFile:41 - Overriding database path with different value: C:\Users\Abhishek\.stmcufinder\plugins\mcufinder/ => C:\Users\Abhishek\.stmcufinder\plugins\mcufinder
2025-10-11 11:38:16,564 [INFO] ApiDb:250 - Set database path to: C:\Users\Abhishek\.stmcufinder\plugins\mcufinder//mcu/
2025-10-11 11:38:16,564 [WARN] DbFile:41 - Overriding database path with different value: C:\Users\Abhishek\.stmcufinder\plugins\mcufinder/ => C:\Users\Abhishek\.stmcufinder\plugins\mcufinder
2025-10-11 11:38:16,564 [INFO] DbMcusAds:125 - Set database path to: C:\Users\Abhishek\.stmcufinder\plugins\mcufinder//mcu/
2025-10-11 11:38:16,564 [WARN] DbFile:41 - Overriding database path with different value: C:\Users\Abhishek\.stmcufinder\plugins\mcufinder/ => C:\Users\Abhishek\.stmcufinder\plugins\mcufinder
2025-10-11 11:38:16,564 [WARN] DbFile:41 - Overriding database path with different value: C:\Users\Abhishek\.stmcufinder\plugins\mcufinder/ => C:\Users\Abhishek\.stmcufinder\plugins\mcufinder
2025-10-11 11:38:16,564 [INFO] CrossReferenceDbSqlite:203 - Set database path to: C:\Users\Abhishek\.stmcufinder\plugins\mcufinder//mcu/cs/
2025-10-11 11:38:16,718 [INFO] MainPanel:274 - HeapMemory: 277872640
2025-10-11 11:38:16,970 [INFO] DbMcusXml:78 - Set database path to: C:\ST\STM32CubeIDE_1.19.0\STM32CubeIDE\plugins\com.st.stm32cube.common.mx_6.15.0.202507011659\\db\/mcu/
2025-10-11 11:38:16,970 [INFO] ApiDb:274 - Set plugin database path to: C:\ST\STM32CubeIDE_1.19.0\STM32CubeIDE\plugins\com.st.stm32cube.common.mx_6.15.0.202507011659\\db\/plugins/boardmanager/
2025-10-11 11:38:16,970 [INFO] ApiDb:261 - Set plugin images path to: C:\ST\STM32CubeIDE_1.19.0\STM32CubeIDE\plugins\com.st.stm32cube.common.mx_6.15.0.202507011659\\db\/plugins/mcufinder/images/
2025-10-11 11:38:16,971 [WARN] DbFile:41 - Overriding database path with different value: C:\Users\Abhishek\.stmcufinder\plugins\mcufinder/ => C:\Users\Abhishek\.stmcufinder\plugins\mcufinder
2025-10-11 11:38:16,971 [INFO] ApiDb:250 - Set database path to: C:\Users\Abhishek\.stmcufinder\plugins\mcufinder//mcu/
2025-10-11 11:38:16,971 [WARN] DbFile:41 - Overriding database path with different value: C:\Users\Abhishek\.stmcufinder\plugins\mcufinder/ => C:\Users\Abhishek\.stmcufinder\plugins\mcufinder
2025-10-11 11:38:16,971 [INFO] DbMcusAds:125 - Set database path to: C:\Users\Abhishek\.stmcufinder\plugins\mcufinder//mcu/
2025-10-11 11:38:16,972 [WARN] DbFile:41 - Overriding database path with different value: C:\Users\Abhishek\.stmcufinder\plugins\mcufinder/ => C:\Users\Abhishek\.stmcufinder\plugins\mcufinder
2025-10-11 11:38:16,972 [WARN] DbFile:41 - Overriding database path with different value: C:\Users\Abhishek\.stmcufinder\plugins\mcufinder/ => C:\Users\Abhishek\.stmcufinder\plugins\mcufinder
2025-10-11 11:38:16,972 [INFO] CrossReferenceDbSqlite:203 - Set database path to: C:\Users\Abhishek\.stmcufinder\plugins\mcufinder//mcu/cs/
2025-10-11 11:38:17,005 [INFO] ApplicationProperties:184 - Using Application install path: C:\ST\STM32CubeIDE_1.19.0\STM32CubeIDE\plugins\com.st.stm32cube.common.mx_6.15.0.202507011659
2025-10-11 11:38:17,007 [INFO] PluginManage:196 - Search for loadable plugins [exclusion list=, ]
2025-10-11 11:38:17,009 [INFO] PluginManage:310 - Check plugin analytics
2025-10-11 11:38:17,302 [INFO] AnalyticsPlugin:253 - Accepted Software Licenses: 
2025-10-11 11:38:17,302 [INFO] AnalyticsPlugin:255 - Accepted CMSIS Pack Licenses: 
2025-10-11 11:38:17,303 [INFO] AnalyticsPlugin:257 - Accepted Firmware Licenses: FW.F4.1.28.0
2025-10-11 11:38:17,306 [INFO] PluginManage:359 - Loaded plugin analytics (category:tool,tabindex:-1)
2025-10-11 11:38:17,306 [INFO] PluginManage:310 - Check plugin cadmodel
2025-10-11 11:38:17,317 [INFO] CADModel:105 - Init CAD model plugin
2025-10-11 11:38:17,318 [INFO] PluginManage:359 - Loaded plugin cadmodel (category:power,tabindex:5)
2025-10-11 11:38:17,318 [INFO] PluginManage:310 - Check plugin clock
2025-10-11 11:38:17,334 [INFO] PluginManage:359 - Loaded plugin clock (category:base,tabindex:2)
2025-10-11 11:38:17,335 [INFO] PluginManage:310 - Check plugin ddr
2025-10-11 11:38:17,339 [INFO] PluginManage:359 - Loaded plugin ddr (category:tool,tabindex:6)
2025-10-11 11:38:17,339 [INFO] PluginManage:310 - Check plugin filemanager
2025-10-11 11:38:17,567 [INFO] PluginManage:359 - Loaded plugin filemanager (category:base,tabindex:10)
2025-10-11 11:38:17,567 [INFO] PluginManage:310 - Check plugin ipmanager
2025-10-11 11:38:17,576 [INFO] PluginManage:359 - Loaded plugin ipmanager (category:base,tabindex:5)
2025-10-11 11:38:17,576 [INFO] PluginManage:310 - Check plugin lpbam
2025-10-11 11:38:17,587 [INFO] PluginManage:359 - Loaded plugin lpbam (category:base,tabindex:0)
2025-10-11 11:38:17,588 [INFO] PluginManage:310 - Check plugin memorymap
2025-10-11 11:38:17,613 [INFO] PluginManage:359 - Loaded plugin memorymap (category:base,tabindex:4)
2025-10-11 11:38:17,613 [INFO] PluginManage:310 - Check plugin pinoutandconfiguration
2025-10-11 11:38:17,631 [INFO] PluginManage:359 - Loaded plugin pinoutandconfiguration (category:base,tabindex:1)
2025-10-11 11:38:17,631 [INFO] PluginManage:310 - Check plugin pinoutconfig
2025-10-11 11:38:17,773 [WARN] SupportedApi:132 - Cannot load RTOS API schema: s4s-elt-must-match.1: The content of 'definitions' must match (annotation?, (simpleType | complexType)?, (unique | key | keyref)*)). A problem was found starting at: attribute.
2025-10-11 11:38:17,952 [INFO] PluginManage:359 - Loaded plugin pinoutconfig (category:base,tabindex:0)
2025-10-11 11:38:17,953 [INFO] PluginManage:310 - Check plugin power
2025-10-11 11:38:17,968 [INFO] PluginManage:359 - Loaded plugin power (category:power,tabindex:4)
2025-10-11 11:38:17,969 [INFO] PluginManage:310 - Check plugin projectmanager
2025-10-11 11:38:17,994 [INFO] PluginManage:359 - Loaded plugin projectmanager (category:projectmanager,tabindex:4)
2025-10-11 11:38:17,994 [INFO] PluginManage:310 - Check plugin rif
2025-10-11 11:38:18,008 [INFO] PluginManage:359 - Loaded plugin rif (category:base,tabindex:3)
2025-10-11 11:38:18,009 [INFO] PluginManage:310 - Check plugin thirdparty
2025-10-11 11:38:18,214 [INFO] PluginManage:359 - Loaded plugin thirdparty (category:base,tabindex:-1)
2025-10-11 11:38:18,214 [WARN] IntegrityCheckThread:84 - waiting for thirdparty lock release [integrity check]
2025-10-11 11:38:18,214 [INFO] PluginManage:310 - Check plugin tools
2025-10-11 11:38:18,214 [INFO] IntegrityCheckThread:86 - entering critical section [integrity check]
2025-10-11 11:38:18,215 [INFO] ThirdPartyUpdaterWithRetryManager:70 - Updater plugin not ready yet. [1/15]
2025-10-11 11:38:18,218 [INFO] PluginManage:359 - Loaded plugin tools (category:base,tabindex:7)
2025-10-11 11:38:18,218 [INFO] PluginManage:310 - Check plugin tutovideos
2025-10-11 11:38:18,497 [INFO] PluginManage:359 - Loaded plugin tutovideos (category:base,tabindex:-1)
2025-10-11 11:38:18,498 [INFO] PluginManage:310 - Check plugin updater
2025-10-11 11:38:18,530 [INFO] PluginManage:359 - Loaded plugin updater (category:base,tabindex:12)
2025-10-11 11:38:18,531 [INFO] PluginManage:310 - Check plugin userauth
2025-10-11 11:38:18,536 [INFO] UserAuth:118 - Init User Auth plugin
2025-10-11 11:38:18,537 [INFO] PluginManage:359 - Loaded plugin userauth (category:base,tabindex:14)
2025-10-11 11:38:18,537 [INFO] PluginManage:283 - PluginManage : Loaded plugins [18]
2025-10-11 11:38:18,799 [INFO] PinOutPanel:1589 - setPackage(No Configuration,No Configuration)
2025-10-11 11:38:18,907 [INFO] CADModel:165 - CPN selected for project level
2025-10-11 11:38:18,907 [INFO] CADModel:114 - Register for checkConnection events
2025-10-11 11:38:18,931 [INFO] IPUIPlugin:80 - create IPUIPlugin
2025-10-11 11:38:18,932 [INFO] PluginManager:220 - loadIPPluginJar : add adc
2025-10-11 11:38:18,936 [INFO] IPUIPlugin:80 - create IPUIPlugin
2025-10-11 11:38:18,936 [INFO] PluginManager:220 - loadIPPluginJar : add aes
2025-10-11 11:38:18,940 [INFO] IPUIPlugin:80 - create IPUIPlugin
2025-10-11 11:38:18,940 [INFO] PluginManager:220 - loadIPPluginJar : add can
2025-10-11 11:38:18,943 [INFO] IPUIPlugin:80 - create IPUIPlugin
2025-10-11 11:38:18,943 [INFO] PluginManager:220 - loadIPPluginJar : add comp
2025-10-11 11:38:18,947 [INFO] IPUIPlugin:80 - create IPUIPlugin
2025-10-11 11:38:18,947 [INFO] PluginManager:220 - loadIPPluginJar : add cryp
2025-10-11 11:38:18,952 [INFO] IPUIPlugin:80 - create IPUIPlugin
2025-10-11 11:38:18,952 [INFO] PluginManager:220 - loadIPPluginJar : add ddr_ctrl_phy
2025-10-11 11:38:18,956 [INFO] IPUIPlugin:80 - create IPUIPlugin
2025-10-11 11:38:18,956 [INFO] PluginManager:220 - loadIPPluginJar : add dfsdm
2025-10-11 11:38:18,963 [INFO] IPUIPlugin:80 - create IPUIPlugin
2025-10-11 11:38:18,963 [INFO] PluginManager:220 - loadIPPluginJar : add dma
2025-10-11 11:38:18,965 [INFO] IPUIPlugin:80 - create IPUIPlugin
2025-10-11 11:38:18,967 [INFO] PluginManager:220 - loadIPPluginJar : add dma3
2025-10-11 11:38:18,969 [INFO] IPUIPlugin:80 - create IPUIPlugin
2025-10-11 11:38:18,970 [INFO] PluginManager:220 - loadIPPluginJar : add extmemmanager
2025-10-11 11:38:18,972 [INFO] IPUIPlugin:80 - create IPUIPlugin
2025-10-11 11:38:18,973 [INFO] PluginManager:220 - loadIPPluginJar : add fatfs
2025-10-11 11:38:18,981 [INFO] IPUIPlugin:80 - create IPUIPlugin
2025-10-11 11:38:18,981 [INFO] PluginManager:220 - loadIPPluginJar : add fmc
2025-10-11 11:38:18,990 [INFO] IPUIPlugin:80 - create IPUIPlugin
2025-10-11 11:38:18,990 [INFO] PluginManager:220 - loadIPPluginJar : add freertos
2025-10-11 11:38:18,992 [INFO] IPUIPlugin:80 - create IPUIPlugin
2025-10-11 11:38:18,992 [INFO] PluginManager:220 - loadIPPluginJar : add genericplugin
2025-10-11 11:38:18,995 [INFO] IPUIPlugin:80 - create IPUIPlugin
2025-10-11 11:38:18,996 [INFO] PluginManager:220 - loadIPPluginJar : add gfxmmu
2025-10-11 11:38:19,020 [INFO] IPUIPlugin:80 - create IPUIPlugin
2025-10-11 11:38:19,020 [INFO] PluginManager:220 - loadIPPluginJar : add gic
2025-10-11 11:38:19,026 [INFO] IPUIPlugin:80 - create IPUIPlugin
2025-10-11 11:38:19,026 [INFO] PluginManager:220 - loadIPPluginJar : add gpio
2025-10-11 11:38:19,031 [INFO] IPUIPlugin:80 - create IPUIPlugin
2025-10-11 11:38:19,031 [INFO] PluginManager:220 - loadIPPluginJar : add gtzc
2025-10-11 11:38:19,034 [INFO] IPUIPlugin:80 - create IPUIPlugin
2025-10-11 11:38:19,034 [INFO] PluginManager:220 - loadIPPluginJar : add hash
2025-10-11 11:38:19,038 [INFO] IPUIPlugin:80 - create IPUIPlugin
2025-10-11 11:38:19,038 [INFO] PluginManager:220 - loadIPPluginJar : add i2c
2025-10-11 11:38:19,041 [INFO] IPUIPlugin:80 - create IPUIPlugin
2025-10-11 11:38:19,041 [INFO] PluginManager:220 - loadIPPluginJar : add i2s
2025-10-11 11:38:19,044 [INFO] IPUIPlugin:80 - create IPUIPlugin
2025-10-11 11:38:19,045 [INFO] PluginManager:220 - loadIPPluginJar : add i3c
2025-10-11 11:38:19,050 [INFO] IPUIPlugin:80 - create IPUIPlugin
2025-10-11 11:38:19,050 [INFO] PluginManager:220 - loadIPPluginJar : add ipddr
2025-10-11 11:38:19,058 [INFO] IPUIPlugin:80 - create IPUIPlugin
2025-10-11 11:38:19,058 [INFO] PluginManager:220 - loadIPPluginJar : add linkedlist
2025-10-11 11:38:19,062 [INFO] IPUIPlugin:80 - create IPUIPlugin
2025-10-11 11:38:19,062 [INFO] PluginManager:220 - loadIPPluginJar : add lorawan
2025-10-11 11:38:19,064 [INFO] IPUIPlugin:80 - create IPUIPlugin
2025-10-11 11:38:19,065 [INFO] PluginManager:220 - loadIPPluginJar : add ltdc
2025-10-11 11:38:19,071 [INFO] IPUIPlugin:80 - create IPUIPlugin
2025-10-11 11:38:19,072 [INFO] PluginManager:220 - loadIPPluginJar : add mdma
2025-10-11 11:38:19,076 [INFO] IPUIPlugin:80 - create IPUIPlugin
2025-10-11 11:38:19,077 [INFO] PluginManager:220 - loadIPPluginJar : add nvic
2025-10-11 11:38:19,081 [INFO] IPUIPlugin:80 - create IPUIPlugin
2025-10-11 11:38:19,081 [INFO] PluginManager:220 - loadIPPluginJar : add opamp
2025-10-11 11:38:19,085 [INFO] IPUIPlugin:80 - create IPUIPlugin
2025-10-11 11:38:19,085 [INFO] PluginManager:220 - loadIPPluginJar : add openamp
2025-10-11 11:38:19,089 [INFO] IPUIPlugin:80 - create IPUIPlugin
2025-10-11 11:38:19,089 [INFO] PluginManager:220 - loadIPPluginJar : add pdm2pcm
2025-10-11 11:38:19,097 [INFO] IPUIPlugin:80 - create IPUIPlugin
2025-10-11 11:38:19,099 [INFO] PluginManager:220 - loadIPPluginJar : add plateformsettings
2025-10-11 11:38:19,102 [INFO] IPUIPlugin:80 - create IPUIPlugin
2025-10-11 11:38:19,102 [INFO] PluginManager:220 - loadIPPluginJar : add quadspi
2025-10-11 11:38:19,104 [INFO] IPUIPlugin:80 - create IPUIPlugin
2025-10-11 11:38:19,105 [INFO] PluginManager:220 - loadIPPluginJar : add radio
2025-10-11 11:38:19,111 [INFO] IPUIPlugin:80 - create IPUIPlugin
2025-10-11 11:38:19,111 [INFO] PluginManager:220 - loadIPPluginJar : add resmgrutility
2025-10-11 11:38:19,115 [INFO] IPUIPlugin:80 - create IPUIPlugin
2025-10-11 11:38:19,115 [INFO] PluginManager:220 - loadIPPluginJar : add sai
2025-10-11 11:38:19,119 [INFO] IPUIPlugin:80 - create IPUIPlugin
2025-10-11 11:38:19,119 [INFO] PluginManager:220 - loadIPPluginJar : add spi
2025-10-11 11:38:19,127 [INFO] IPUIPlugin:80 - create IPUIPlugin
2025-10-11 11:38:19,127 [INFO] PluginManager:220 - loadIPPluginJar : add stm32_wpan
2025-10-11 11:38:19,130 [INFO] IPUIPlugin:80 - create IPUIPlugin
2025-10-11 11:38:19,130 [INFO] PluginManager:220 - loadIPPluginJar : add tim
2025-10-11 11:38:19,134 [INFO] IPUIPlugin:80 - create IPUIPlugin
2025-10-11 11:38:19,134 [INFO] PluginManager:220 - loadIPPluginJar : add touchsensing
2025-10-11 11:38:19,138 [INFO] IPUIPlugin:80 - create IPUIPlugin
2025-10-11 11:38:19,138 [INFO] PluginManager:220 - loadIPPluginJar : add tracer_emb
2025-10-11 11:38:19,141 [INFO] IPUIPlugin:80 - create IPUIPlugin
2025-10-11 11:38:19,141 [INFO] PluginManager:220 - loadIPPluginJar : add ts
2025-10-11 11:38:19,149 [INFO] IPUIPlugin:80 - create IPUIPlugin
2025-10-11 11:38:19,149 [INFO] PluginManager:220 - loadIPPluginJar : add tsc
2025-10-11 11:38:19,152 [INFO] IPUIPlugin:80 - create IPUIPlugin
2025-10-11 11:38:19,152 [INFO] PluginManager:220 - loadIPPluginJar : add ucpd
2025-10-11 11:38:19,156 [INFO] IPUIPlugin:80 - create IPUIPlugin
2025-10-11 11:38:19,156 [INFO] PluginManager:220 - loadIPPluginJar : add usart
2025-10-11 11:38:19,160 [INFO] IPUIPlugin:80 - create IPUIPlugin
2025-10-11 11:38:19,160 [INFO] PluginManager:220 - loadIPPluginJar : add usbx
2025-10-11 11:38:19,292 [FATAL] Updater:351 - Updater called before beeing initialized
2025-10-11 11:38:19,335 [INFO] RulesReader:64 - Compatibility file has been processed (317 Rules)
2025-10-11 11:38:19,353 [INFO] RulesReader:64 - Compatibility file has been processed (317 Rules)
2025-10-11 11:38:19,364 [INFO] CADModel:165 - CPN selected for project level
2025-10-11 11:38:19,364 [INFO] CADModel:114 - Register for checkConnection events
2025-10-11 11:38:19,364 [FATAL] Updater:351 - Updater called before beeing initialized
2025-10-11 11:38:19,364 [ERROR] CADModel:125 - Updater not yet initialized, retry later 
2025-10-11 11:38:19,531 [FATAL] Updater:351 - Updater called before beeing initialized
2025-10-11 11:38:19,533 [INFO] CADModel:165 - CPN selected for project level
2025-10-11 11:38:19,534 [INFO] CADModel:114 - Register for checkConnection events
2025-10-11 11:38:19,534 [FATAL] Updater:351 - Updater called before beeing initialized
2025-10-11 11:38:19,534 [ERROR] CADModel:125 - Updater not yet initialized, retry later 
2025-10-11 11:38:19,537 [FATAL] Updater:351 - Updater called before beeing initialized
2025-10-11 11:38:19,666 [FATAL] Updater:351 - Updater called before beeing initialized
2025-10-11 11:38:19,670 [INFO] DbMcusAds:53 - JSON generation date=Thu Oct 02 15:06:05 IST 2025 (1759397765645)
2025-10-11 11:38:19,670 [FATAL] Updater:351 - Updater called before beeing initialized
2025-10-11 11:38:19,711 [WARN] DetailPanel:346 - Failed to get advertising image, set to default
2025-10-11 11:38:19,821 [FATAL] Updater:351 - Updater called before beeing initialized
2025-10-11 11:38:19,823 [FATAL] Updater:351 - Updater called before beeing initialized
2025-10-11 11:38:19,823 [FATAL] Updater:351 - Updater called before beeing initialized
2025-10-11 11:38:19,823 [WARN] DetailPanel:346 - Failed to get advertising image, set to default
2025-10-11 11:38:19,824 [FATAL] Updater:351 - Updater called before beeing initialized
2025-10-11 11:38:19,882 [ERROR] Updater:1198 - MainUpdater not yet initialized. External WinMGr cannot be set.
2025-10-11 11:38:19,885 [INFO] Updater:1134 - Updater Version found : 6.15.0
2025-10-11 11:38:19,908 [INFO] ApplicationProperties:184 - Using Application install path: C:\ST\STM32CubeIDE_1.19.0\STM32CubeIDE\plugins\com.st.stm32cube.common.mx_6.15.0.202507011659
2025-10-11 11:38:21,216 [INFO] ThirdPartyUpdaterWithRetryManager:70 - Updater plugin not ready yet. [2/15]
2025-10-11 11:38:21,487 [ERROR] LogOutputStream:75 - [STDERR_REDIRECT] Oct 11, 2025 11:38:21 AM java.util.prefs.WindowsPreferences <init>
2025-10-11 11:38:21,489 [ERROR] LogOutputStream:75 - [STDERR_REDIRECT] WARNING: Could not open/create prefs root node Software\JavaSoft\Prefs at root 0xffffffff80000002. Windows RegCreateKeyEx(...) returned error code 5.
2025-10-11 11:38:21,489 [ERROR] LogOutputStream:75 - [STDERR_REDIRECT] 
2025-10-11 11:38:21,953 [INFO] MainUpdater:2872 - connection check result : 10
2025-10-11 11:38:21,954 [INFO] MainUpdater:289 - Updater Check For Update Now.
2025-10-11 11:38:21,954 [INFO] MicroXplorer:498 - Change Database Version : DB.6.0.150
2025-10-11 11:38:21,970 [INFO] McuFinderGlobals:63 - Set McuFinder mode to 2 (CubeIDE integrated)
2025-10-11 11:38:21,970 [INFO] UserAuth:171 - activating auth plugin
2025-10-11 11:38:21,975 [INFO] UserAuth:487 - Internet connection configuration mode: 1
2025-10-11 11:38:22,014 [INFO] JxBrowserEngine:152 - Initiate JxBrowser Engine with user profile folder
2025-10-11 11:38:22,154 [INFO] CheckServerUpdateThread:120 - End of CheckServer Thread
2025-10-11 11:38:23,804 [INFO] WebApp:169 - Instantiating new browser for Auth
2025-10-11 11:38:24,623 [WARN] PackLoader:240 - Cannot read IP mode file for STMicroelectronics.FP-SNS-MOTENVWB1.1.4.0
2025-10-11 11:38:24,633 [WARN] PackLoader:240 - Cannot read IP mode file for STMicroelectronics.FP-ATR-ASTRA1.2.0.2
2025-10-11 11:38:24,645 [WARN] PackLoader:240 - Cannot read IP mode file for STMicroelectronics.X-CUBE-SMBUS.2.1.0
2025-10-11 11:38:24,653 [WARN] PackLoader:240 - Cannot read IP mode file for STMicroelectronics.X-CUBE-ST60.1.0.0
2025-10-11 11:38:24,689 [WARN] PackLoader:240 - Cannot read IP mode file for STMicroelectronics.X-CUBE-AZRTOS-F7.1.1.0
2025-10-11 11:38:24,699 [WARN] PackLoader:240 - Cannot read IP mode file for Cesanta.I-CUBE-Mongoose.7.19.0
2025-10-11 11:38:24,715 [WARN] PackLoader:240 - Cannot read IP mode file for WES.I-CUBE-Cesium.1.4.0
2025-10-11 11:38:24,750 [WARN] PackLoader:240 - Cannot read IP mode file for Infineon.AIROC-Wi-Fi-Bluetooth-STM32.1.7.1
2025-10-11 11:38:24,774 [WARN] PackLoader:240 - Cannot read IP mode file for STMicroelectronics.X-CUBE-AZRTOS-H7.3.4.0
2025-10-11 11:38:24,784 [WARN] PackLoader:240 - Cannot read IP mode file for STMicroelectronics.X-CUBE-DISPLAY.3.0.0
2025-10-11 11:38:24,799 [WARN] PackLoader:240 - Cannot read IP mode file for STMicroelectronics.X-CUBE-NFC10.1.0.0
2025-10-11 11:38:24,844 [WARN] PackLoader:240 - Cannot read IP mode file for emotas.I-CUBE-CANOPEN.1.3.0
2025-10-11 11:38:24,872 [WARN] PackLoader:240 - Cannot read IP mode file for STMicroelectronics.FP-SNS-STBOX1.2.1.0
2025-10-11 11:38:24,934 [WARN] PackLoader:240 - Cannot read IP mode file for STMicroelectronics.FP-SNS-SMARTAG2.1.2.0
2025-10-11 11:38:24,954 [WARN] PackLoader:240 - Cannot read IP mode file for STMicroelectronics.FP-SNS-FLIGHT1.5.1.0
2025-10-11 11:38:24,980 [INFO] LogOutputStream:77 - [STDOUT_REDIRECT] 1 : Invalid condition id : UX_CORESTACK_Condition cause : null
2025-10-11 11:38:24,982 [INFO] LogOutputStream:77 - [STDOUT_REDIRECT] 1 : Invalid condition id : UX_CORESTACK_Condition cause : null
2025-10-11 11:38:24,987 [INFO] LogOutputStream:77 - [STDOUT_REDIRECT] 1 : Invalid condition id : UX_CORESTACK_Condition cause : null
2025-10-11 11:38:24,990 [INFO] LogOutputStream:77 - [STDOUT_REDIRECT] 1 : Invalid condition id : UX_CORESTACK_Condition cause : null
2025-10-11 11:38:24,992 [INFO] LogOutputStream:77 - [STDOUT_REDIRECT] 1 : Invalid condition id : UX_CORESTACK_Condition cause : null
2025-10-11 11:38:24,999 [WARN] PackLoader:240 - Cannot read IP mode file for STMicroelectronics.X-CUBE-AZRTOS-WL.2.0.0
2025-10-11 11:38:25,012 [WARN] PackLoader:240 - Cannot read IP mode file for STMicroelectronics.FP-SNS-MOTENV1.5.0.0
2025-10-11 11:38:25,030 [WARN] PackLoader:240 - Cannot read IP mode file for STMicroelectronics.X-CUBE-BLE2.3.3.0
2025-10-11 11:38:25,044 [WARN] PackLoader:240 - Cannot read IP mode file for STMicroelectronics.X-CUBE-NFC9.1.0.0
2025-10-11 11:38:25,055 [WARN] PackLoader:240 - Cannot read IP mode file for wolfSSL.I-CUBE-wolfSSL.5.8.2
2025-10-11 11:38:25,065 [WARN] PackLoader:240 - Cannot read IP mode file for STMicroelectronics.X-CUBE-BLE1.7.1.0
2025-10-11 11:38:25,073 [WARN] PackLoader:240 - Cannot read IP mode file for wolfSSL.I-CUBE-wolfMQTT.1.19.2
2025-10-11 11:38:25,082 [WARN] PackLoader:240 - Cannot read IP mode file for STMicroelectronics.X-CUBE-EEPRMA1.5.2.0
2025-10-11 11:38:25,105 [WARN] PackLoader:240 - Cannot read IP mode file for STMicroelectronics.X-CUBE-AZRTOS-G0.1.1.0
2025-10-11 11:38:25,120 [WARN] PackLoader:240 - Cannot read IP mode file for STMicroelectronics.X-CUBE-SAFEA1.1.2.2
2025-10-11 11:38:25,134 [WARN] PackLoader:240 - Cannot read IP mode file for STMicroelectronics.X-CUBE-NFC4.3.0.0
2025-10-11 11:38:25,147 [WARN] PackLoader:240 - Cannot read IP mode file for EmbeddedOffice.I-CUBE-FS-RTOS.1.0.1
2025-10-11 11:38:25,156 [WARN] PackLoader:240 - Cannot read IP mode file for STMicroelectronics.X-CUBE-WB05N.2.0.0
2025-10-11 11:38:25,164 [WARN] PackLoader:240 - Cannot read IP mode file for wolfSSL.I-CUBE-wolfTPM.3.8.0
2025-10-11 11:38:25,166 [INFO] WebApp:463 - Apply proxy settings
2025-10-11 11:38:25,167 [INFO] WebApp:548 - Chromium requires no authentication
2025-10-11 11:38:25,173 [WARN] PackLoader:240 - Cannot read IP mode file for STMicroelectronics.X-CUBE-TCPP.4.2.0
2025-10-11 11:38:25,182 [WARN] PackLoader:240 - Cannot read IP mode file for RealThread.X-CUBE-RT-Thread_Nano.4.1.1
2025-10-11 11:38:25,188 [WARN] PackLoader:240 - Cannot read IP mode file for STMicroelectronics.FP-ATR-SIGFOX1.3.2.0
2025-10-11 11:38:25,190 [INFO] WebApp:491 - Direct internet connection detected
2025-10-11 11:38:25,198 [WARN] PackLoader:240 - Cannot read IP mode file for ITTIA_DB.I-CUBE-ITTIADB.8.9.0
2025-10-11 11:38:25,209 [WARN] PackLoader:240 - Cannot read IP mode file for STMicroelectronics.X-CUBE-ST67W61.1.0.0
2025-10-11 11:38:25,218 [WARN] PackLoader:240 - Cannot read IP mode file for STMicroelectronics.X-CUBE-AI.10.2.0
2025-10-11 11:38:25,242 [INFO] WebApp:900 - Register for checkConnection events
2025-10-11 11:38:25,242 [INFO] WebApp:463 - Apply proxy settings
2025-10-11 11:38:25,242 [INFO] WebApp:548 - Chromium requires no authentication
2025-10-11 11:38:25,244 [INFO] WebApp:491 - Direct internet connection detected
2025-10-11 11:38:25,255 [WARN] PackLoader:240 - Cannot read IP mode file for SEGGER.I-CUBE-embOS.1.3.1
2025-10-11 11:38:25,300 [WARN] PackLoader:240 - Cannot read IP mode file for STMicroelectronics.X-CUBE-ALGOBUILD.1.4.0
2025-10-11 11:38:25,341 [WARN] PackLoader:240 - Cannot read IP mode file for STMicroelectronics.X-CUBE-MEMS1.11.3.0
2025-10-11 11:38:25,466 [WARN] PackLoader:240 - Cannot read IP mode file for STMicroelectronics.X-CUBE-PM33A1.1.0.0
2025-10-11 11:38:25,479 [WARN] PackLoader:240 - Cannot read IP mode file for STMicroelectronics.X-CUBE-AZRTOS-F4.1.1.0
2025-10-11 11:38:25,486 [WARN] PackLoader:240 - Cannot read IP mode file for STMicroelectronics.X-CUBE-ISPU.2.1.0
2025-10-11 11:38:25,498 [WARN] PackLoader:240 - Cannot read IP mode file for STMicroelectronics.X-CUBE-IPS.3.2.0
2025-10-11 11:38:25,511 [WARN] PackLoader:240 - Cannot read IP mode file for STMicroelectronics.X-CUBE-NFC12.1.0.0
2025-10-11 11:38:25,530 [WARN] PackLoader:240 - Cannot read IP mode file for STMicroelectronics.X-CUBE-AZRTOS-L5.2.0.0
2025-10-11 11:38:25,546 [WARN] PackLoader:240 - Cannot read IP mode file for STMicroelectronics.X-CUBE-NFC6.3.1.0
2025-10-11 11:38:25,559 [WARN] PackLoader:240 - Cannot read IP mode file for STMicroelectronics.X-CUBE-FREERTOS.1.3.1
2025-10-11 11:38:25,570 [WARN] PackLoader:240 - Cannot read IP mode file for STMicroelectronics.X-CUBE-TOUCHGFX.4.26.0
2025-10-11 11:38:25,579 [WARN] PackLoader:240 - Cannot read IP mode file for STMicroelectronics.FP-SNS-STAIOTCFT.1.0.0
2025-10-11 11:38:25,580 [INFO] WebApp:191 - Connection restablished
2025-10-11 11:38:25,588 [WARN] PackLoader:240 - Cannot read IP mode file for STMicroelectronics.X-CUBE-DPower.1.3.0
2025-10-11 11:38:25,604 [WARN] ConditionMgr:438 - getConditionDescription Invalid condition id : LAN8742 Phy interface Condition cause : null
2025-10-11 11:38:25,605 [WARN] PackLoader:240 - Cannot read IP mode file for STMicroelectronics.X-CUBE-AZRTOS-L4.2.0.0
2025-10-11 11:38:25,607 [WARN] ConditionMgr:1044 - genDependencies : Invalid condition id : LAN8742 Phy interface Condition cause : null
2025-10-11 11:38:25,607 [WARN] ConditionMgr:1044 - genDependencies : Invalid condition id : LAN8742 Phy interface Condition cause : null
2025-10-11 11:38:25,608 [WARN] ConditionMgr:1044 - genDependencies : Invalid condition id : LAN8742 Phy interface Condition cause : null
2025-10-11 11:38:25,617 [WARN] PackLoader:240 - Cannot read IP mode file for STMicroelectronics.X-CUBE-SFXS2LP1.4.0.0
2025-10-11 11:38:25,631 [WARN] PackLoader:240 - Cannot read IP mode file for STMicroelectronics.X-CUBE-BLEMGR.4.1.0
2025-10-11 11:38:25,650 [WARN] ConditionMgr:438 - getConditionDescription Invalid condition id : UX DEVICE CLASS RTOS Condition cause : null
2025-10-11 11:38:25,650 [WARN] ConditionMgr:438 - getConditionDescription Invalid condition id : UX DEVICE CLASS RTOS Condition cause : null
2025-10-11 11:38:25,651 [WARN] PackLoader:240 - Cannot read IP mode file for STMicroelectronics.X-CUBE-AZRTOS-WB.2.0.0
2025-10-11 11:38:25,652 [WARN] ConditionMgr:1044 - genDependencies : Invalid condition id : UX DEVICE CLASS RTOS Condition cause : null
2025-10-11 11:38:25,652 [WARN] ConditionMgr:1044 - genDependencies : Invalid condition id : UX DEVICE CLASS RTOS Condition cause : null
2025-10-11 11:38:25,652 [WARN] ConditionMgr:1044 - genDependencies : Invalid condition id : UX DEVICE CLASS RTOS Condition cause : null
2025-10-11 11:38:25,652 [WARN] ConditionMgr:1044 - genDependencies : Invalid condition id : UX DEVICE CLASS RTOS Condition cause : null
2025-10-11 11:38:25,653 [WARN] ConditionMgr:1044 - genDependencies : Invalid condition id : UX DEVICE CLASS RTOS Condition cause : null
2025-10-11 11:38:25,660 [WARN] PackLoader:240 - Cannot read IP mode file for STMicroelectronics.X-CUBE-GNSS1.7.0.1
2025-10-11 11:38:25,663 [INFO] WebApp:225 - Starting web application
2025-10-11 11:38:25,663 [INFO] WebApp:593 - Web application path used C:\ST\STM32CubeIDE_1.19.0\STM32CubeIDE\plugins\com.st.stm32cube.common.mx_6.15.0.202507011659\db\plugins\mcufinder\reactClient1\index.html
2025-10-11 11:38:25,675 [WARN] ConditionMgr:438 - getConditionDescription Invalid condition id : Cortex-A Device cause : null
2025-10-11 11:38:25,698 [WARN] ConditionMgr:1044 - genDependencies : Invalid condition id : Cortex-A Device cause : null
2025-10-11 11:38:25,698 [WARN] ConditionMgr:1044 - genDependencies : Invalid condition id : Cortex-A Device cause : null
2025-10-11 11:38:25,698 [WARN] ConditionMgr:1044 - genDependencies : Invalid condition id : Cortex-A Device cause : null
2025-10-11 11:38:25,711 [WARN] PackLoader:240 - Cannot read IP mode file for STMicroelectronics.X-CUBE-SUBG2.5.0.0
2025-10-11 11:38:25,741 [WARN] PackLoader:240 - Cannot read IP mode file for STMicroelectronics.X-CUBE-AZRTOS-H7RS.1.1.0
2025-10-11 11:38:25,766 [WARN] PackLoader:240 - Cannot read IP mode file for STMicroelectronics.X-CUBE-AZRTOS-G4.2.0.0
2025-10-11 11:38:25,778 [WARN] PackLoader:240 - Cannot read IP mode file for wolfSSL.I-CUBE-wolfSSH.1.4.20
2025-10-11 11:38:25,788 [WARN] PackLoader:240 - Cannot read IP mode file for STMicroelectronics.X-CUBE-NFC7.2.0.0
2025-10-11 11:38:25,796 [WARN] PackLoader:240 - Cannot read IP mode file for STMicroelectronics.X-CUBE-ALS.1.0.2
2025-10-11 11:38:25,806 [WARN] PackLoader:240 - Cannot read IP mode file for STMicroelectronics.X-CUBE-STSE01.1.0.0
2025-10-11 11:38:25,822 [WARN] PackLoader:240 - Cannot read IP mode file for STMicroelectronics.X-CUBE-TOF1.3.4.3
2025-10-11 11:38:25,836 [INFO] ThirdParty:978 - Integrity check success = true
2025-10-11 11:38:25,836 [INFO] IntegrityCheckThread:100 - exiting critical section [integrity check]
2025-10-11 11:38:25,837 [INFO] IntegrityCheckThread:103 - End integrity checks thread
2025-10-11 11:41:57,749 [ERROR] LogOutputStream:75 - [STDERR_REDIRECT] 
