2025-10-24 08:15:12,021 [INFO] Activator:176 - 


2025-10-24 08:15:12,026 [INFO] Activator:177 - !SESSION log4j initialized
2025-10-24 08:15:18,787 [INFO] LogOutputStream:77 - [STDOUT_REDIRECT] 
2025-10-24 08:15:25,391 [INFO] ApplicationProperties:184 - Using Application install path: C:\ST\STM32CubeIDE_1.19.0\STM32CubeIDE\plugins\com.st.stm32cube.common.mx_6.15.0.202507011659
2025-10-24 08:15:25,416 [INFO] DbMcusXml:78 - Set database path to: C:\ST\STM32CubeIDE_1.19.0\STM32CubeIDE\plugins\com.st.stm32cube.common.mx_6.15.0.202507011659\\db\/mcu/
2025-10-24 08:15:25,417 [INFO] ApiDb:274 - Set plugin database path to: C:\ST\STM32CubeIDE_1.19.0\STM32CubeIDE\plugins\com.st.stm32cube.common.mx_6.15.0.202507011659\\db\/plugins/boardmanager/
2025-10-24 08:15:25,417 [WARN] ApiDb:259 - Overriding images path with different value:  => C:\ST\STM32CubeIDE_1.19.0\STM32CubeIDE\plugins\com.st.stm32cube.common.mx_6.15.0.202507011659\\db\/plugins/mcufinder/images/
2025-10-24 08:15:25,427 [INFO] ApiDb:250 - Set database path to: C:\Users\Abhishek\.stmcufinder\plugins\mcufinder//mcu/
2025-10-24 08:15:25,429 [INFO] DbMcusAds:125 - Set database path to: C:\Users\Abhishek\.stmcufinder\plugins\mcufinder//mcu/
2025-10-24 08:15:25,431 [INFO] CrossReferenceDbSqlite:203 - Set database path to: C:\Users\Abhishek\.stmcufinder\plugins\mcufinder//mcu/cs/
2025-10-24 08:15:25,588 [INFO] RulesReader:64 - Compatibility file has been processed (317 Rules)
2025-10-24 08:15:25,697 [INFO] DbMcusXml:78 - Set database path to: C:\ST\STM32CubeIDE_1.19.0\STM32CubeIDE\plugins\com.st.stm32cube.common.mx_6.15.0.202507011659\\db\/mcu/
2025-10-24 08:15:25,697 [INFO] ApiDb:274 - Set plugin database path to: C:\ST\STM32CubeIDE_1.19.0\STM32CubeIDE\plugins\com.st.stm32cube.common.mx_6.15.0.202507011659\\db\/plugins/boardmanager/
2025-10-24 08:15:25,697 [INFO] ApiDb:261 - Set plugin images path to: C:\ST\STM32CubeIDE_1.19.0\STM32CubeIDE\plugins\com.st.stm32cube.common.mx_6.15.0.202507011659\\db\/plugins/mcufinder/images/
2025-10-24 08:15:25,699 [WARN] DbFile:41 - Overriding database path with different value: C:\Users\Abhishek\.stmcufinder\plugins\mcufinder/ => C:\Users\Abhishek\.stmcufinder\plugins\mcufinder
2025-10-24 08:15:25,699 [INFO] ApiDb:250 - Set database path to: C:\Users\Abhishek\.stmcufinder\plugins\mcufinder//mcu/
2025-10-24 08:15:25,699 [WARN] DbFile:41 - Overriding database path with different value: C:\Users\Abhishek\.stmcufinder\plugins\mcufinder/ => C:\Users\Abhishek\.stmcufinder\plugins\mcufinder
2025-10-24 08:15:25,699 [INFO] DbMcusAds:125 - Set database path to: C:\Users\Abhishek\.stmcufinder\plugins\mcufinder//mcu/
2025-10-24 08:15:25,699 [WARN] DbFile:41 - Overriding database path with different value: C:\Users\Abhishek\.stmcufinder\plugins\mcufinder/ => C:\Users\Abhishek\.stmcufinder\plugins\mcufinder
2025-10-24 08:15:25,699 [WARN] DbFile:41 - Overriding database path with different value: C:\Users\Abhishek\.stmcufinder\plugins\mcufinder/ => C:\Users\Abhishek\.stmcufinder\plugins\mcufinder
2025-10-24 08:15:25,699 [INFO] CrossReferenceDbSqlite:203 - Set database path to: C:\Users\Abhishek\.stmcufinder\plugins\mcufinder//mcu/cs/
2025-10-24 08:15:25,827 [INFO] MainPanel:274 - HeapMemory: 268435456
2025-10-24 08:15:25,991 [INFO] DbMcusXml:78 - Set database path to: C:\ST\STM32CubeIDE_1.19.0\STM32CubeIDE\plugins\com.st.stm32cube.common.mx_6.15.0.202507011659\\db\/mcu/
2025-10-24 08:15:25,992 [INFO] ApiDb:274 - Set plugin database path to: C:\ST\STM32CubeIDE_1.19.0\STM32CubeIDE\plugins\com.st.stm32cube.common.mx_6.15.0.202507011659\\db\/plugins/boardmanager/
2025-10-24 08:15:25,992 [INFO] ApiDb:261 - Set plugin images path to: C:\ST\STM32CubeIDE_1.19.0\STM32CubeIDE\plugins\com.st.stm32cube.common.mx_6.15.0.202507011659\\db\/plugins/mcufinder/images/
2025-10-24 08:15:25,992 [WARN] DbFile:41 - Overriding database path with different value: C:\Users\Abhishek\.stmcufinder\plugins\mcufinder/ => C:\Users\Abhishek\.stmcufinder\plugins\mcufinder
2025-10-24 08:15:25,992 [INFO] ApiDb:250 - Set database path to: C:\Users\Abhishek\.stmcufinder\plugins\mcufinder//mcu/
2025-10-24 08:15:25,993 [WARN] DbFile:41 - Overriding database path with different value: C:\Users\Abhishek\.stmcufinder\plugins\mcufinder/ => C:\Users\Abhishek\.stmcufinder\plugins\mcufinder
2025-10-24 08:15:25,993 [INFO] DbMcusAds:125 - Set database path to: C:\Users\Abhishek\.stmcufinder\plugins\mcufinder//mcu/
2025-10-24 08:15:25,993 [WARN] DbFile:41 - Overriding database path with different value: C:\Users\Abhishek\.stmcufinder\plugins\mcufinder/ => C:\Users\Abhishek\.stmcufinder\plugins\mcufinder
2025-10-24 08:15:25,993 [WARN] DbFile:41 - Overriding database path with different value: C:\Users\Abhishek\.stmcufinder\plugins\mcufinder/ => C:\Users\Abhishek\.stmcufinder\plugins\mcufinder
2025-10-24 08:15:25,993 [INFO] CrossReferenceDbSqlite:203 - Set database path to: C:\Users\Abhishek\.stmcufinder\plugins\mcufinder//mcu/cs/
2025-10-24 08:15:26,019 [INFO] ApplicationProperties:184 - Using Application install path: C:\ST\STM32CubeIDE_1.19.0\STM32CubeIDE\plugins\com.st.stm32cube.common.mx_6.15.0.202507011659
2025-10-24 08:15:26,021 [INFO] PluginManage:196 - Search for loadable plugins [exclusion list=, ]
2025-10-24 08:15:26,023 [INFO] PluginManage:310 - Check plugin analytics
2025-10-24 08:15:31,380 [INFO] AnalyticsPlugin:253 - Accepted Software Licenses: 
2025-10-24 08:15:31,381 [INFO] AnalyticsPlugin:255 - Accepted CMSIS Pack Licenses: 
2025-10-24 08:15:31,381 [INFO] AnalyticsPlugin:257 - Accepted Firmware Licenses: FW.F4.1.28.0
2025-10-24 08:15:31,384 [INFO] PluginManage:359 - Loaded plugin analytics (category:tool,tabindex:-1)
2025-10-24 08:15:31,384 [INFO] PluginManage:310 - Check plugin cadmodel
2025-10-24 08:15:31,392 [INFO] CADModel:105 - Init CAD model plugin
2025-10-24 08:15:31,392 [INFO] PluginManage:359 - Loaded plugin cadmodel (category:power,tabindex:5)
2025-10-24 08:15:31,393 [INFO] PluginManage:310 - Check plugin clock
2025-10-24 08:15:31,405 [INFO] PluginManage:359 - Loaded plugin clock (category:base,tabindex:2)
2025-10-24 08:15:31,405 [INFO] PluginManage:310 - Check plugin ddr
2025-10-24 08:15:31,407 [INFO] PluginManage:359 - Loaded plugin ddr (category:tool,tabindex:6)
2025-10-24 08:15:31,407 [INFO] PluginManage:310 - Check plugin filemanager
2025-10-24 08:15:31,601 [INFO] PluginManage:359 - Loaded plugin filemanager (category:base,tabindex:10)
2025-10-24 08:15:31,601 [INFO] PluginManage:310 - Check plugin ipmanager
2025-10-24 08:15:31,609 [INFO] PluginManage:359 - Loaded plugin ipmanager (category:base,tabindex:5)
2025-10-24 08:15:31,609 [INFO] PluginManage:310 - Check plugin lpbam
2025-10-24 08:15:31,619 [INFO] PluginManage:359 - Loaded plugin lpbam (category:base,tabindex:0)
2025-10-24 08:15:31,620 [INFO] PluginManage:310 - Check plugin memorymap
2025-10-24 08:15:31,639 [INFO] PluginManage:359 - Loaded plugin memorymap (category:base,tabindex:4)
2025-10-24 08:15:31,639 [INFO] PluginManage:310 - Check plugin pinoutandconfiguration
2025-10-24 08:15:31,652 [INFO] PluginManage:359 - Loaded plugin pinoutandconfiguration (category:base,tabindex:1)
2025-10-24 08:15:31,652 [INFO] PluginManage:310 - Check plugin pinoutconfig
2025-10-24 08:15:31,767 [WARN] SupportedApi:132 - Cannot load RTOS API schema: s4s-elt-must-match.1: The content of 'definitions' must match (annotation?, (simpleType | complexType)?, (unique | key | keyref)*)). A problem was found starting at: attribute.
2025-10-24 08:15:31,968 [INFO] PluginManage:359 - Loaded plugin pinoutconfig (category:base,tabindex:0)
2025-10-24 08:15:31,970 [INFO] PluginManage:310 - Check plugin power
2025-10-24 08:15:31,981 [INFO] PluginManage:359 - Loaded plugin power (category:power,tabindex:4)
2025-10-24 08:15:31,982 [INFO] PluginManage:310 - Check plugin projectmanager
2025-10-24 08:15:32,001 [INFO] PluginManage:359 - Loaded plugin projectmanager (category:projectmanager,tabindex:4)
2025-10-24 08:15:32,002 [INFO] PluginManage:310 - Check plugin rif
2025-10-24 08:15:32,014 [INFO] PluginManage:359 - Loaded plugin rif (category:base,tabindex:3)
2025-10-24 08:15:32,014 [INFO] PluginManage:310 - Check plugin thirdparty
2025-10-24 08:15:32,235 [INFO] PluginManage:359 - Loaded plugin thirdparty (category:base,tabindex:-1)
2025-10-24 08:15:32,235 [INFO] PluginManage:310 - Check plugin tools
2025-10-24 08:15:32,235 [WARN] IntegrityCheckThread:84 - waiting for thirdparty lock release [integrity check]
2025-10-24 08:15:32,235 [INFO] IntegrityCheckThread:86 - entering critical section [integrity check]
2025-10-24 08:15:32,235 [INFO] ThirdPartyUpdaterWithRetryManager:70 - Updater plugin not ready yet. [1/15]
2025-10-24 08:15:32,239 [INFO] PluginManage:359 - Loaded plugin tools (category:base,tabindex:7)
2025-10-24 08:15:32,239 [INFO] PluginManage:310 - Check plugin tutovideos
2025-10-24 08:15:32,528 [INFO] PluginManage:359 - Loaded plugin tutovideos (category:base,tabindex:-1)
2025-10-24 08:15:32,528 [INFO] PluginManage:310 - Check plugin updater
2025-10-24 08:15:32,561 [INFO] PluginManage:359 - Loaded plugin updater (category:base,tabindex:12)
2025-10-24 08:15:32,562 [INFO] PluginManage:310 - Check plugin userauth
2025-10-24 08:15:32,568 [INFO] UserAuth:118 - Init User Auth plugin
2025-10-24 08:15:32,569 [INFO] PluginManage:359 - Loaded plugin userauth (category:base,tabindex:14)
2025-10-24 08:15:32,569 [INFO] PluginManage:283 - PluginManage : Loaded plugins [18]
2025-10-24 08:15:32,851 [INFO] PinOutPanel:1589 - setPackage(No Configuration,No Configuration)
2025-10-24 08:15:32,964 [INFO] CADModel:165 - CPN selected for project level
2025-10-24 08:15:32,965 [INFO] CADModel:114 - Register for checkConnection events
2025-10-24 08:15:32,991 [INFO] IPUIPlugin:80 - create IPUIPlugin
2025-10-24 08:15:32,992 [INFO] PluginManager:220 - loadIPPluginJar : add adc
2025-10-24 08:15:32,996 [INFO] IPUIPlugin:80 - create IPUIPlugin
2025-10-24 08:15:32,996 [INFO] PluginManager:220 - loadIPPluginJar : add aes
2025-10-24 08:15:32,999 [INFO] IPUIPlugin:80 - create IPUIPlugin
2025-10-24 08:15:33,000 [INFO] PluginManager:220 - loadIPPluginJar : add can
2025-10-24 08:15:33,002 [INFO] IPUIPlugin:80 - create IPUIPlugin
2025-10-24 08:15:33,003 [INFO] PluginManager:220 - loadIPPluginJar : add comp
2025-10-24 08:15:33,006 [INFO] IPUIPlugin:80 - create IPUIPlugin
2025-10-24 08:15:33,006 [INFO] PluginManager:220 - loadIPPluginJar : add cryp
2025-10-24 08:15:33,011 [INFO] IPUIPlugin:80 - create IPUIPlugin
2025-10-24 08:15:33,011 [INFO] PluginManager:220 - loadIPPluginJar : add ddr_ctrl_phy
2025-10-24 08:15:33,015 [INFO] IPUIPlugin:80 - create IPUIPlugin
2025-10-24 08:15:33,015 [INFO] PluginManager:220 - loadIPPluginJar : add dfsdm
2025-10-24 08:15:33,023 [INFO] IPUIPlugin:80 - create IPUIPlugin
2025-10-24 08:15:33,023 [INFO] PluginManager:220 - loadIPPluginJar : add dma
2025-10-24 08:15:33,029 [INFO] IPUIPlugin:80 - create IPUIPlugin
2025-10-24 08:15:33,029 [INFO] PluginManager:220 - loadIPPluginJar : add dma3
2025-10-24 08:15:33,033 [INFO] IPUIPlugin:80 - create IPUIPlugin
2025-10-24 08:15:33,033 [INFO] PluginManager:220 - loadIPPluginJar : add extmemmanager
2025-10-24 08:15:33,035 [INFO] IPUIPlugin:80 - create IPUIPlugin
2025-10-24 08:15:33,035 [INFO] PluginManager:220 - loadIPPluginJar : add fatfs
2025-10-24 08:15:33,041 [INFO] IPUIPlugin:80 - create IPUIPlugin
2025-10-24 08:15:33,041 [INFO] PluginManager:220 - loadIPPluginJar : add fmc
2025-10-24 08:15:33,051 [INFO] IPUIPlugin:80 - create IPUIPlugin
2025-10-24 08:15:33,051 [INFO] PluginManager:220 - loadIPPluginJar : add freertos
2025-10-24 08:15:33,054 [INFO] IPUIPlugin:80 - create IPUIPlugin
2025-10-24 08:15:33,054 [INFO] PluginManager:220 - loadIPPluginJar : add genericplugin
2025-10-24 08:15:33,057 [INFO] IPUIPlugin:80 - create IPUIPlugin
2025-10-24 08:15:33,057 [INFO] PluginManager:220 - loadIPPluginJar : add gfxmmu
2025-10-24 08:15:33,063 [INFO] IPUIPlugin:80 - create IPUIPlugin
2025-10-24 08:15:33,064 [INFO] PluginManager:220 - loadIPPluginJar : add gic
2025-10-24 08:15:33,069 [INFO] IPUIPlugin:80 - create IPUIPlugin
2025-10-24 08:15:33,069 [INFO] PluginManager:220 - loadIPPluginJar : add gpio
2025-10-24 08:15:33,073 [INFO] IPUIPlugin:80 - create IPUIPlugin
2025-10-24 08:15:33,074 [INFO] PluginManager:220 - loadIPPluginJar : add gtzc
2025-10-24 08:15:33,077 [INFO] IPUIPlugin:80 - create IPUIPlugin
2025-10-24 08:15:33,078 [INFO] PluginManager:220 - loadIPPluginJar : add hash
2025-10-24 08:15:33,081 [INFO] IPUIPlugin:80 - create IPUIPlugin
2025-10-24 08:15:33,081 [INFO] PluginManager:220 - loadIPPluginJar : add i2c
2025-10-24 08:15:33,086 [INFO] IPUIPlugin:80 - create IPUIPlugin
2025-10-24 08:15:33,086 [INFO] PluginManager:220 - loadIPPluginJar : add i2s
2025-10-24 08:15:33,091 [INFO] IPUIPlugin:80 - create IPUIPlugin
2025-10-24 08:15:33,091 [INFO] PluginManager:220 - loadIPPluginJar : add i3c
2025-10-24 08:15:33,097 [INFO] IPUIPlugin:80 - create IPUIPlugin
2025-10-24 08:15:33,097 [INFO] PluginManager:220 - loadIPPluginJar : add ipddr
2025-10-24 08:15:33,109 [INFO] IPUIPlugin:80 - create IPUIPlugin
2025-10-24 08:15:33,109 [INFO] PluginManager:220 - loadIPPluginJar : add linkedlist
2025-10-24 08:15:33,114 [INFO] IPUIPlugin:80 - create IPUIPlugin
2025-10-24 08:15:33,114 [INFO] PluginManager:220 - loadIPPluginJar : add lorawan
2025-10-24 08:15:33,117 [INFO] IPUIPlugin:80 - create IPUIPlugin
2025-10-24 08:15:33,117 [INFO] PluginManager:220 - loadIPPluginJar : add ltdc
2025-10-24 08:15:33,125 [INFO] IPUIPlugin:80 - create IPUIPlugin
2025-10-24 08:15:33,125 [INFO] PluginManager:220 - loadIPPluginJar : add mdma
2025-10-24 08:15:33,130 [INFO] IPUIPlugin:80 - create IPUIPlugin
2025-10-24 08:15:33,131 [INFO] PluginManager:220 - loadIPPluginJar : add nvic
2025-10-24 08:15:33,135 [INFO] IPUIPlugin:80 - create IPUIPlugin
2025-10-24 08:15:33,135 [INFO] PluginManager:220 - loadIPPluginJar : add opamp
2025-10-24 08:15:33,142 [INFO] IPUIPlugin:80 - create IPUIPlugin
2025-10-24 08:15:33,143 [INFO] PluginManager:220 - loadIPPluginJar : add openamp
2025-10-24 08:15:33,149 [INFO] IPUIPlugin:80 - create IPUIPlugin
2025-10-24 08:15:33,149 [INFO] PluginManager:220 - loadIPPluginJar : add pdm2pcm
2025-10-24 08:15:33,157 [INFO] IPUIPlugin:80 - create IPUIPlugin
2025-10-24 08:15:33,161 [INFO] PluginManager:220 - loadIPPluginJar : add plateformsettings
2025-10-24 08:15:33,165 [INFO] IPUIPlugin:80 - create IPUIPlugin
2025-10-24 08:15:33,166 [INFO] PluginManager:220 - loadIPPluginJar : add quadspi
2025-10-24 08:15:33,169 [INFO] IPUIPlugin:80 - create IPUIPlugin
2025-10-24 08:15:33,170 [INFO] PluginManager:220 - loadIPPluginJar : add radio
2025-10-24 08:15:33,176 [INFO] IPUIPlugin:80 - create IPUIPlugin
2025-10-24 08:15:33,176 [INFO] PluginManager:220 - loadIPPluginJar : add resmgrutility
2025-10-24 08:15:33,181 [INFO] IPUIPlugin:80 - create IPUIPlugin
2025-10-24 08:15:33,181 [INFO] PluginManager:220 - loadIPPluginJar : add sai
2025-10-24 08:15:33,186 [INFO] IPUIPlugin:80 - create IPUIPlugin
2025-10-24 08:15:33,186 [INFO] PluginManager:220 - loadIPPluginJar : add spi
2025-10-24 08:15:33,195 [INFO] IPUIPlugin:80 - create IPUIPlugin
2025-10-24 08:15:33,195 [INFO] PluginManager:220 - loadIPPluginJar : add stm32_wpan
2025-10-24 08:15:33,199 [INFO] IPUIPlugin:80 - create IPUIPlugin
2025-10-24 08:15:33,199 [INFO] PluginManager:220 - loadIPPluginJar : add tim
2025-10-24 08:15:33,204 [INFO] IPUIPlugin:80 - create IPUIPlugin
2025-10-24 08:15:33,205 [INFO] PluginManager:220 - loadIPPluginJar : add touchsensing
2025-10-24 08:15:33,209 [INFO] IPUIPlugin:80 - create IPUIPlugin
2025-10-24 08:15:33,209 [INFO] PluginManager:220 - loadIPPluginJar : add tracer_emb
2025-10-24 08:15:33,212 [INFO] IPUIPlugin:80 - create IPUIPlugin
2025-10-24 08:15:33,212 [INFO] PluginManager:220 - loadIPPluginJar : add ts
2025-10-24 08:15:33,216 [INFO] IPUIPlugin:80 - create IPUIPlugin
2025-10-24 08:15:33,216 [INFO] PluginManager:220 - loadIPPluginJar : add tsc
2025-10-24 08:15:33,219 [INFO] IPUIPlugin:80 - create IPUIPlugin
2025-10-24 08:15:33,220 [INFO] PluginManager:220 - loadIPPluginJar : add ucpd
2025-10-24 08:15:33,225 [INFO] IPUIPlugin:80 - create IPUIPlugin
2025-10-24 08:15:33,225 [INFO] PluginManager:220 - loadIPPluginJar : add usart
2025-10-24 08:15:33,229 [INFO] IPUIPlugin:80 - create IPUIPlugin
2025-10-24 08:15:33,229 [INFO] PluginManager:220 - loadIPPluginJar : add usbx
2025-10-24 08:15:33,362 [FATAL] Updater:351 - Updater called before beeing initialized
2025-10-24 08:15:33,405 [INFO] RulesReader:64 - Compatibility file has been processed (317 Rules)
2025-10-24 08:15:33,417 [INFO] RulesReader:64 - Compatibility file has been processed (317 Rules)
2025-10-24 08:15:33,431 [INFO] CADModel:165 - CPN selected for project level
2025-10-24 08:15:33,431 [INFO] CADModel:114 - Register for checkConnection events
2025-10-24 08:15:33,431 [FATAL] Updater:351 - Updater called before beeing initialized
2025-10-24 08:15:33,431 [ERROR] CADModel:125 - Updater not yet initialized, retry later 
2025-10-24 08:15:33,654 [FATAL] Updater:351 - Updater called before beeing initialized
2025-10-24 08:15:33,657 [INFO] CADModel:165 - CPN selected for project level
2025-10-24 08:15:33,658 [INFO] CADModel:114 - Register for checkConnection events
2025-10-24 08:15:33,658 [FATAL] Updater:351 - Updater called before beeing initialized
2025-10-24 08:15:33,658 [ERROR] CADModel:125 - Updater not yet initialized, retry later 
2025-10-24 08:15:33,664 [FATAL] Updater:351 - Updater called before beeing initialized
2025-10-24 08:15:33,835 [FATAL] Updater:351 - Updater called before beeing initialized
2025-10-24 08:15:33,840 [INFO] DbMcusAds:53 - JSON generation date=Thu Oct 02 15:06:05 IST 2025 (1759397765645)
2025-10-24 08:15:33,840 [FATAL] Updater:351 - Updater called before beeing initialized
2025-10-24 08:15:33,887 [WARN] DetailPanel:346 - Failed to get advertising image, set to default
2025-10-24 08:15:33,981 [FATAL] Updater:351 - Updater called before beeing initialized
2025-10-24 08:15:33,983 [FATAL] Updater:351 - Updater called before beeing initialized
2025-10-24 08:15:33,984 [FATAL] Updater:351 - Updater called before beeing initialized
2025-10-24 08:15:33,984 [WARN] DetailPanel:346 - Failed to get advertising image, set to default
2025-10-24 08:15:33,985 [FATAL] Updater:351 - Updater called before beeing initialized
2025-10-24 08:15:34,041 [ERROR] Updater:1198 - MainUpdater not yet initialized. External WinMGr cannot be set.
2025-10-24 08:15:34,043 [INFO] Updater:1134 - Updater Version found : 6.15.0
2025-10-24 08:15:34,065 [INFO] ApplicationProperties:184 - Using Application install path: C:\ST\STM32CubeIDE_1.19.0\STM32CubeIDE\plugins\com.st.stm32cube.common.mx_6.15.0.202507011659
2025-10-24 08:15:35,236 [INFO] ThirdPartyUpdaterWithRetryManager:70 - Updater plugin not ready yet. [2/15]
2025-10-24 08:15:35,648 [ERROR] LogOutputStream:75 - [STDERR_REDIRECT] Oct 24, 2025 8:15:35 AM java.util.prefs.WindowsPreferences <init>
2025-10-24 08:15:35,650 [ERROR] LogOutputStream:75 - [STDERR_REDIRECT] WARNING: Could not open/create prefs root node Software\JavaSoft\Prefs at root 0xffffffff80000002. Windows RegCreateKeyEx(...) returned error code 5.
2025-10-24 08:15:35,651 [ERROR] LogOutputStream:75 - [STDERR_REDIRECT] 
2025-10-24 08:15:36,155 [INFO] MainUpdater:2872 - connection check result : 10
2025-10-24 08:15:36,156 [INFO] MainUpdater:289 - Updater Check For Update Now.
2025-10-24 08:15:36,156 [INFO] MicroXplorer:498 - Change Database Version : DB.6.0.150
2025-10-24 08:15:36,186 [INFO] McuFinderGlobals:63 - Set McuFinder mode to 2 (CubeIDE integrated)
2025-10-24 08:15:36,186 [INFO] UserAuth:171 - activating auth plugin
2025-10-24 08:15:36,191 [INFO] UserAuth:487 - Internet connection configuration mode: 1
2025-10-24 08:15:36,221 [INFO] JxBrowserEngine:152 - Initiate JxBrowser Engine with user profile folder
2025-10-24 08:15:36,372 [INFO] CheckServerUpdateThread:120 - End of CheckServer Thread
2025-10-24 08:15:38,321 [INFO] WebApp:169 - Instantiating new browser for Auth
2025-10-24 08:15:38,814 [WARN] PackLoader:240 - Cannot read IP mode file for STMicroelectronics.FP-SNS-MOTENVWB1.1.4.0
2025-10-24 08:15:38,827 [WARN] PackLoader:240 - Cannot read IP mode file for STMicroelectronics.FP-ATR-ASTRA1.2.0.2
2025-10-24 08:15:38,846 [WARN] PackLoader:240 - Cannot read IP mode file for STMicroelectronics.X-CUBE-SMBUS.2.1.0
2025-10-24 08:15:38,853 [WARN] PackLoader:240 - Cannot read IP mode file for STMicroelectronics.X-CUBE-ST60.1.0.0
2025-10-24 08:15:38,895 [WARN] PackLoader:240 - Cannot read IP mode file for STMicroelectronics.X-CUBE-AZRTOS-F7.1.1.0
2025-10-24 08:15:38,910 [WARN] PackLoader:240 - Cannot read IP mode file for Cesanta.I-CUBE-Mongoose.7.19.0
2025-10-24 08:15:38,928 [WARN] PackLoader:240 - Cannot read IP mode file for WES.I-CUBE-Cesium.1.4.0
2025-10-24 08:15:38,969 [WARN] PackLoader:240 - Cannot read IP mode file for Infineon.AIROC-Wi-Fi-Bluetooth-STM32.1.7.1
2025-10-24 08:15:39,007 [WARN] PackLoader:240 - Cannot read IP mode file for STMicroelectronics.X-CUBE-AZRTOS-H7.3.4.0
2025-10-24 08:15:39,020 [WARN] PackLoader:240 - Cannot read IP mode file for STMicroelectronics.X-CUBE-DISPLAY.3.0.0
2025-10-24 08:15:39,036 [WARN] PackLoader:240 - Cannot read IP mode file for STMicroelectronics.X-CUBE-NFC10.1.0.0
2025-10-24 08:15:39,044 [WARN] PackLoader:240 - Cannot read IP mode file for STMicroelectronics.X-CUBE-ST60.1.1.0
2025-10-24 08:15:39,068 [WARN] PackLoader:240 - Cannot read IP mode file for emotas.I-CUBE-CANOPEN.1.3.0
2025-10-24 08:15:39,077 [WARN] PackLoader:240 - Cannot read IP mode file for STMicroelectronics.FP-SNS-STBOX1.2.1.0
2025-10-24 08:15:39,089 [WARN] PackLoader:240 - Cannot read IP mode file for STMicroelectronics.FP-SNS-SMARTAG2.1.2.0
2025-10-24 08:15:39,095 [WARN] PackLoader:240 - Cannot read IP mode file for STMicroelectronics.FP-SNS-FLIGHT1.5.1.0
2025-10-24 08:15:39,108 [INFO] LogOutputStream:77 - [STDOUT_REDIRECT] 1 : Invalid condition id : UX_CORESTACK_Condition cause : null
2025-10-24 08:15:39,110 [INFO] LogOutputStream:77 - [STDOUT_REDIRECT] 1 : Invalid condition id : UX_CORESTACK_Condition cause : null
2025-10-24 08:15:39,111 [INFO] LogOutputStream:77 - [STDOUT_REDIRECT] 1 : Invalid condition id : UX_CORESTACK_Condition cause : null
2025-10-24 08:15:39,113 [INFO] LogOutputStream:77 - [STDOUT_REDIRECT] 1 : Invalid condition id : UX_CORESTACK_Condition cause : null
2025-10-24 08:15:39,115 [INFO] LogOutputStream:77 - [STDOUT_REDIRECT] 1 : Invalid condition id : UX_CORESTACK_Condition cause : null
2025-10-24 08:15:39,120 [WARN] PackLoader:240 - Cannot read IP mode file for STMicroelectronics.X-CUBE-AZRTOS-WL.2.0.0
2025-10-24 08:15:39,127 [WARN] PackLoader:240 - Cannot read IP mode file for STMicroelectronics.FP-SNS-MOTENV1.5.0.0
2025-10-24 08:15:39,134 [WARN] PackLoader:240 - Cannot read IP mode file for STMicroelectronics.X-CUBE-BLE2.3.3.0
2025-10-24 08:15:39,141 [WARN] PackLoader:240 - Cannot read IP mode file for STMicroelectronics.X-CUBE-NFC9.1.0.0
2025-10-24 08:15:39,149 [WARN] PackLoader:240 - Cannot read IP mode file for wolfSSL.I-CUBE-wolfSSL.5.8.2
2025-10-24 08:15:39,155 [WARN] PackLoader:240 - Cannot read IP mode file for STMicroelectronics.X-CUBE-BLE1.7.1.0
2025-10-24 08:15:39,160 [WARN] PackLoader:240 - Cannot read IP mode file for wolfSSL.I-CUBE-wolfMQTT.1.19.2
2025-10-24 08:15:39,167 [WARN] PackLoader:240 - Cannot read IP mode file for STMicroelectronics.X-CUBE-EEPRMA1.5.2.0
2025-10-24 08:15:39,179 [WARN] PackLoader:240 - Cannot read IP mode file for STMicroelectronics.X-CUBE-ST67W61.1.1.0
2025-10-24 08:15:39,201 [WARN] PackLoader:240 - Cannot read IP mode file for STMicroelectronics.X-CUBE-AZRTOS-G0.1.1.0
2025-10-24 08:15:39,212 [WARN] PackLoader:240 - Cannot read IP mode file for STMicroelectronics.X-CUBE-SAFEA1.1.2.2
2025-10-24 08:15:39,222 [WARN] PackLoader:240 - Cannot read IP mode file for STMicroelectronics.X-CUBE-NFC4.3.0.0
2025-10-24 08:15:39,235 [WARN] PackLoader:240 - Cannot read IP mode file for EmbeddedOffice.I-CUBE-FS-RTOS.1.0.1
2025-10-24 08:15:39,242 [WARN] PackLoader:240 - Cannot read IP mode file for STMicroelectronics.X-CUBE-WB05N.2.0.0
2025-10-24 08:15:39,251 [WARN] PackLoader:240 - Cannot read IP mode file for wolfSSL.I-CUBE-wolfTPM.3.8.0
2025-10-24 08:15:39,259 [WARN] PackLoader:240 - Cannot read IP mode file for STMicroelectronics.X-CUBE-TCPP.4.2.0
2025-10-24 08:15:39,267 [WARN] PackLoader:240 - Cannot read IP mode file for RealThread.X-CUBE-RT-Thread_Nano.4.1.1
2025-10-24 08:15:39,373 [WARN] PackLoader:240 - Cannot read IP mode file for STMicroelectronics.FP-ATR-SIGFOX1.3.2.0
2025-10-24 08:15:39,381 [WARN] PackLoader:240 - Cannot read IP mode file for ITTIA_DB.I-CUBE-ITTIADB.8.9.0
2025-10-24 08:15:39,391 [WARN] PackLoader:240 - Cannot read IP mode file for STMicroelectronics.X-CUBE-ST67W61.1.0.0
2025-10-24 08:15:39,402 [WARN] PackLoader:240 - Cannot read IP mode file for STMicroelectronics.X-CUBE-AI.10.2.0
2025-10-24 08:15:39,430 [WARN] PackLoader:240 - Cannot read IP mode file for SEGGER.I-CUBE-embOS.1.3.1
2025-10-24 08:15:39,482 [WARN] PackLoader:240 - Cannot read IP mode file for STMicroelectronics.X-CUBE-ALGOBUILD.1.4.0
2025-10-24 08:15:39,574 [WARN] PackLoader:240 - Cannot read IP mode file for STMicroelectronics.X-CUBE-MEMS1.11.3.0
2025-10-24 08:15:39,763 [WARN] PackLoader:240 - Cannot read IP mode file for STMicroelectronics.X-CUBE-PM33A1.1.0.0
2025-10-24 08:15:39,789 [WARN] PackLoader:240 - Cannot read IP mode file for STMicroelectronics.X-CUBE-AZRTOS-F4.1.1.0
2025-10-24 08:15:39,802 [WARN] PackLoader:240 - Cannot read IP mode file for STMicroelectronics.X-CUBE-ISPU.2.1.0
2025-10-24 08:15:39,818 [WARN] PackLoader:240 - Cannot read IP mode file for STMicroelectronics.X-CUBE-IPS.3.2.0
2025-10-24 08:15:39,835 [WARN] PackLoader:240 - Cannot read IP mode file for STMicroelectronics.X-CUBE-NFC12.1.0.0
2025-10-24 08:15:39,857 [WARN] PackLoader:240 - Cannot read IP mode file for STMicroelectronics.X-CUBE-AZRTOS-L5.2.0.0
2025-10-24 08:15:39,876 [WARN] PackLoader:240 - Cannot read IP mode file for STMicroelectronics.X-CUBE-NFC6.3.1.0
2025-10-24 08:15:39,896 [WARN] PackLoader:240 - Cannot read IP mode file for STMicroelectronics.X-CUBE-FREERTOS.1.3.1
2025-10-24 08:15:39,907 [WARN] PackLoader:240 - Cannot read IP mode file for STMicroelectronics.X-CUBE-TOUCHGFX.4.26.0
2025-10-24 08:15:39,921 [WARN] PackLoader:240 - Cannot read IP mode file for STMicroelectronics.FP-SNS-STAIOTCFT.1.0.0
2025-10-24 08:15:39,928 [INFO] WebApp:463 - Apply proxy settings
2025-10-24 08:15:39,930 [INFO] WebApp:548 - Chromium requires no authentication
2025-10-24 08:15:39,931 [WARN] PackLoader:240 - Cannot read IP mode file for STMicroelectronics.X-CUBE-DPower.1.3.0
2025-10-24 08:15:39,953 [INFO] WebApp:491 - Direct internet connection detected
2025-10-24 08:15:39,955 [WARN] ConditionMgr:438 - getConditionDescription Invalid condition id : LAN8742 Phy interface Condition cause : null
2025-10-24 08:15:39,957 [WARN] PackLoader:240 - Cannot read IP mode file for STMicroelectronics.X-CUBE-AZRTOS-L4.2.0.0
2025-10-24 08:15:39,958 [WARN] ConditionMgr:1044 - genDependencies : Invalid condition id : LAN8742 Phy interface Condition cause : null
2025-10-24 08:15:39,959 [WARN] ConditionMgr:1044 - genDependencies : Invalid condition id : LAN8742 Phy interface Condition cause : null
2025-10-24 08:15:39,959 [WARN] ConditionMgr:1044 - genDependencies : Invalid condition id : LAN8742 Phy interface Condition cause : null
2025-10-24 08:15:39,975 [WARN] PackLoader:240 - Cannot read IP mode file for STMicroelectronics.X-CUBE-SFXS2LP1.4.0.0
2025-10-24 08:15:39,991 [WARN] PackLoader:240 - Cannot read IP mode file for STMicroelectronics.X-CUBE-BLEMGR.4.1.0
2025-10-24 08:15:40,008 [WARN] ConditionMgr:438 - getConditionDescription Invalid condition id : UX DEVICE CLASS RTOS Condition cause : null
2025-10-24 08:15:40,009 [WARN] ConditionMgr:438 - getConditionDescription Invalid condition id : UX DEVICE CLASS RTOS Condition cause : null
2025-10-24 08:15:40,010 [WARN] PackLoader:240 - Cannot read IP mode file for STMicroelectronics.X-CUBE-AZRTOS-WB.2.0.0
2025-10-24 08:15:40,011 [WARN] ConditionMgr:1044 - genDependencies : Invalid condition id : UX DEVICE CLASS RTOS Condition cause : null
2025-10-24 08:15:40,011 [INFO] WebApp:900 - Register for checkConnection events
2025-10-24 08:15:40,011 [WARN] ConditionMgr:1044 - genDependencies : Invalid condition id : UX DEVICE CLASS RTOS Condition cause : null
2025-10-24 08:15:40,011 [INFO] WebApp:463 - Apply proxy settings
2025-10-24 08:15:40,011 [WARN] ConditionMgr:1044 - genDependencies : Invalid condition id : UX DEVICE CLASS RTOS Condition cause : null
2025-10-24 08:15:40,011 [INFO] WebApp:548 - Chromium requires no authentication
2025-10-24 08:15:40,011 [WARN] ConditionMgr:1044 - genDependencies : Invalid condition id : UX DEVICE CLASS RTOS Condition cause : null
2025-10-24 08:15:40,011 [WARN] ConditionMgr:1044 - genDependencies : Invalid condition id : UX DEVICE CLASS RTOS Condition cause : null
2025-10-24 08:15:40,012 [INFO] WebApp:491 - Direct internet connection detected
2025-10-24 08:15:40,021 [WARN] PackLoader:240 - Cannot read IP mode file for STMicroelectronics.X-CUBE-GNSS1.7.0.1
2025-10-24 08:15:40,029 [WARN] ConditionMgr:438 - getConditionDescription Invalid condition id : Cortex-A Device cause : null
2025-10-24 08:15:40,047 [WARN] ConditionMgr:1044 - genDependencies : Invalid condition id : Cortex-A Device cause : null
2025-10-24 08:15:40,047 [WARN] ConditionMgr:1044 - genDependencies : Invalid condition id : Cortex-A Device cause : null
2025-10-24 08:15:40,047 [WARN] ConditionMgr:1044 - genDependencies : Invalid condition id : Cortex-A Device cause : null
2025-10-24 08:15:40,058 [WARN] PackLoader:240 - Cannot read IP mode file for STMicroelectronics.X-CUBE-SUBG2.5.0.0
2025-10-24 08:15:40,087 [WARN] PackLoader:240 - Cannot read IP mode file for STMicroelectronics.X-CUBE-AZRTOS-H7RS.1.1.0
2025-10-24 08:15:40,108 [WARN] PackLoader:240 - Cannot read IP mode file for STMicroelectronics.X-CUBE-AZRTOS-G4.2.0.0
2025-10-24 08:15:40,116 [WARN] PackLoader:240 - Cannot read IP mode file for wolfSSL.I-CUBE-wolfSSH.1.4.20
2025-10-24 08:15:40,121 [WARN] PackLoader:240 - Cannot read IP mode file for STMicroelectronics.X-CUBE-NFC7.2.0.0
2025-10-24 08:15:40,126 [WARN] PackLoader:240 - Cannot read IP mode file for STMicroelectronics.X-CUBE-ALS.1.0.2
2025-10-24 08:15:40,135 [WARN] PackLoader:240 - Cannot read IP mode file for STMicroelectronics.X-CUBE-STSE01.1.0.0
2025-10-24 08:15:40,145 [WARN] PackLoader:240 - Cannot read IP mode file for STMicroelectronics.X-CUBE-TOF1.3.4.3
2025-10-24 08:15:40,153 [INFO] ThirdParty:978 - Integrity check success = true
2025-10-24 08:15:40,153 [INFO] IntegrityCheckThread:100 - exiting critical section [integrity check]
2025-10-24 08:15:40,154 [INFO] IntegrityCheckThread:103 - End integrity checks thread
2025-10-24 08:15:40,340 [INFO] WebApp:191 - Connection restablished
2025-10-24 08:15:40,443 [INFO] WebApp:225 - Starting web application
2025-10-24 08:15:40,443 [INFO] WebApp:593 - Web application path used C:\ST\STM32CubeIDE_1.19.0\STM32CubeIDE\plugins\com.st.stm32cube.common.mx_6.15.0.202507011659\db\plugins\mcufinder\reactClient1\index.html
2025-10-24 08:15:49,241 [ERROR] LogOutputStream:75 - [STDERR_REDIRECT] 
2025-10-24 08:15:49,242 [ERROR] LogOutputStream:75 - [STDERR_REDIRECT] 
