2025-10-15 07:57:13,073 [INFO] WebApp:191 - Connection restablished
2025-10-15 07:57:13,858 [INFO] WebApp:194 - Connection lost
2025-10-15 07:57:14,560 [INFO] WebApp:191 - Connection restablished
2025-10-15 07:59:00,716 [INFO] NvicIntPanel:101 - NVIC parent = com.st.microxplorer.plugins.ip.nvic.MultiNvicIntPanel[,0,0,0x0,invalid,layout=javax.swing.BoxLayout,alignmentX=0.0,alignmentY=0.0,border=,flags=9,maximumSize=,minimumSize=,preferredSize=]
2025-10-15 07:59:00,778 [INFO] NvicIntPanel:101 - NVIC parent = com.st.microxplorer.plugins.ip.nvic.MultiNvicIntPanel[,0,0,0x0,invalid,layout=javax.swing.BoxLayout,alignmentX=0.0,alignmentY=0.0,border=,flags=9,maximumSize=,minimumSize=,preferredSize=]
2025-10-15 07:59:03,237 [INFO] WebApp:194 - Connection lost
2025-10-15 07:59:03,295 [INFO] NvicIntPanel:101 - NVIC parent = com.st.microxplorer.plugins.ip.nvic.MultiNvicIntPanel[,0,0,0x0,invalid,layout=javax.swing.BoxLayout,alignmentX=0.0,alignmentY=0.0,border=,flags=9,maximumSize=,minimumSize=,preferredSize=]
2025-10-15 07:59:03,478 [INFO] WebApp:191 - Connection restablished
2025-10-15 07:59:20,756 [INFO] Gpio:278 - dependency for GPIO [USART2]
2025-10-15 07:59:35,308 [INFO] Gpio:278 - dependency for GPIO [USART2]
2025-10-15 07:59:35,353 [INFO] NvicIntPanel:101 - NVIC parent = com.st.microxplorer.plugins.ip.nvic.MultiNvicIntPanel[,0,0,0x0,invalid,layout=javax.swing.BoxLayout,alignmentX=0.0,alignmentY=0.0,border=,flags=9,maximumSize=,minimumSize=,preferredSize=]
2025-10-15 08:00:48,085 [INFO] UtilMem:75 - End SaveConfig() Used Memory: 586225840 Bytes (961544192)
2025-10-15 08:00:50,469 [INFO] UtilMem:75 - End SaveConfig() Used Memory: 641800368 Bytes (961544192)
2025-10-15 08:00:52,507 [INFO] UtilMem:75 - End SaveConfig() Used Memory: 721014248 Bytes (961544192)
2025-10-15 08:00:52,894 [INFO] BlockDiagram:2775 - set Specific Code input for plugin: NVIC
2025-10-15 08:00:52,894 [INFO] BlockDiagram:2775 - set Specific Code input for plugin: USART
2025-10-15 08:00:52,894 [INFO] BlockDiagram:2775 - set Specific Code input for plugin: SYS
2025-10-15 08:00:52,895 [INFO] BlockDiagram:2775 - set Specific Code input for plugin: GPIO
2025-10-15 08:00:52,895 [INFO] BlockDiagram:2775 - set Specific Code input for plugin: RCC
2025-10-15 08:00:52,896 [INFO] CodeGenerator:892 - code generatio: config db path: C:\ST\STM32CubeIDE_1.19.0\STM32CubeIDE\plugins\com.st.stm32cube.common.mx_6.15.0.202507011659\\db\
2025-10-15 08:00:53,116 [INFO] CodeEngine:265 - oldGeneratedFile, D:\CDAC\STM32_Practice\LPM\STAND_BY_MODE\MXTmpFiles\license.tmp_save
2025-10-15 08:00:53,326 [INFO] CodeEngine:289 - Generated code: D:\CDAC\STM32_Practice\LPM\STAND_BY_MODE\MXTmpFiles\license.tmp
2025-10-15 08:00:53,348 [INFO] CodeEngine:265 - oldGeneratedFile, D:\CDAC\STM32_Practice\LPM\STAND_BY_MODE\MXTmpFiles\gpio.tmp_save
2025-10-15 08:00:53,461 [INFO] CodeEngine:289 - Generated code: D:\CDAC\STM32_Practice\LPM\STAND_BY_MODE\MXTmpFiles\gpio.tmp
2025-10-15 08:00:53,518 [INFO] CodeEngine:265 - oldGeneratedFile, D:\CDAC\STM32_Practice\LPM\STAND_BY_MODE\Core\Src\stm32f4xx_it.c_save
2025-10-15 08:00:53,773 [INFO] CodeEngine:289 - Generated code: D:\CDAC\STM32_Practice\LPM\STAND_BY_MODE\Core\Src\stm32f4xx_it.c
2025-10-15 08:00:53,778 [INFO] CodeEngine:265 - oldGeneratedFile, D:\CDAC\STM32_Practice\LPM\STAND_BY_MODE\Core\Inc\stm32f4xx_it.h_save
2025-10-15 08:00:53,866 [INFO] CodeEngine:289 - Generated code: D:\CDAC\STM32_Practice\LPM\STAND_BY_MODE\Core\Inc\stm32f4xx_it.h
2025-10-15 08:00:53,876 [INFO] CodeEngine:265 - oldGeneratedFile, D:\CDAC\STM32_Practice\LPM\STAND_BY_MODE\Core\Src\stm32f4xx_hal_msp.c_save
2025-10-15 08:00:54,001 [INFO] CodeEngine:289 - Generated code: D:\CDAC\STM32_Practice\LPM\STAND_BY_MODE\Core\Src\stm32f4xx_hal_msp.c
2025-10-15 08:00:54,004 [INFO] CodeEngine:265 - oldGeneratedFile, D:\CDAC\STM32_Practice\LPM\STAND_BY_MODE\MXTmpFiles\system.tmp_save
2025-10-15 08:00:54,076 [INFO] CodeEngine:289 - Generated code: D:\CDAC\STM32_Practice\LPM\STAND_BY_MODE\MXTmpFiles\system.tmp
2025-10-15 08:00:54,084 [INFO] CodeEngine:321 - oldGeneratedFile, D:\CDAC\STM32_Practice\LPM\STAND_BY_MODE\Core\Inc\stm32f4xx_hal_conf.h_save
2025-10-15 08:00:54,169 [INFO] CodeEngine:345 - Generated code: D:\CDAC\STM32_Practice\LPM\STAND_BY_MODE\Core\Inc\stm32f4xx_hal_conf.h
2025-10-15 08:00:54,198 [INFO] CodeEngine:265 - oldGeneratedFile, D:\CDAC\STM32_Practice\LPM\STAND_BY_MODE\Core\Inc\main.h_save
2025-10-15 08:00:54,301 [INFO] CodeEngine:289 - Generated code: D:\CDAC\STM32_Practice\LPM\STAND_BY_MODE\Core\Inc\main.h
2025-10-15 08:00:54,307 [INFO] CodeEngine:265 - oldGeneratedFile, D:\CDAC\STM32_Practice\LPM\STAND_BY_MODE\Core\Src\main.c_save
2025-10-15 08:00:54,411 [INFO] CodeEngine:289 - Generated code: D:\CDAC\STM32_Practice\LPM\STAND_BY_MODE\Core\Src\main.c
2025-10-15 08:00:54,724 [INFO] ProjectBuilder:3606 - Time for Copy HAL[1] : 162mS.
2025-10-15 08:00:54,727 [INFO] ProjectBuilder:5216 - Project Generator version: 4.7.0-B52
2025-10-15 08:00:54,800 [INFO] ConfigFileManager:1595 - The Die is : DIE431
2025-10-15 08:00:55,603 [INFO] ProjectBuilder:5496 - Time for Generating toolchain IDE Files: 875mS.
2025-10-15 08:00:55,603 [INFO] ProjectBuilder:3463 - Time for Copy CMSIS : 0mS.
2025-10-15 08:00:55,604 [INFO] ProjectBuilder:3463 - Time for Copy CMSIS : 0mS.
2025-10-15 08:12:07,954 [INFO] Gpio:278 - dependency for GPIO [USART2]
2025-10-15 08:12:16,305 [INFO] Gpio:278 - dependency for GPIO [USART2]
2025-10-15 08:12:20,086 [INFO] Gpio:278 - dependency for GPIO [USART2]
2025-10-15 08:12:40,817 [INFO] NvicIntPanel:101 - NVIC parent = com.st.microxplorer.plugins.ip.nvic.MultiNvicIntPanel[,0,0,0x0,invalid,layout=javax.swing.BoxLayout,alignmentX=0.0,alignmentY=0.0,border=,flags=9,maximumSize=,minimumSize=,preferredSize=]
2025-10-15 08:13:00,880 [INFO] UtilMem:75 - End SaveConfig() Used Memory: 594107888 Bytes (961544192)
2025-10-15 08:13:02,642 [INFO] UtilMem:75 - End SaveConfig() Used Memory: 642342384 Bytes (961544192)
2025-10-15 08:13:07,782 [INFO] UtilMem:75 - End SaveConfig() Used Memory: 779179504 Bytes (961544192)
2025-10-15 08:13:07,924 [INFO] BlockDiagram:2775 - set Specific Code input for plugin: NVIC
2025-10-15 08:13:07,924 [INFO] BlockDiagram:2775 - set Specific Code input for plugin: USART
2025-10-15 08:13:07,925 [INFO] BlockDiagram:2775 - set Specific Code input for plugin: SYS
2025-10-15 08:13:07,925 [INFO] BlockDiagram:2775 - set Specific Code input for plugin: GPIO
2025-10-15 08:13:07,925 [INFO] BlockDiagram:2775 - set Specific Code input for plugin: RCC
2025-10-15 08:13:07,927 [INFO] CodeGenerator:892 - code generatio: config db path: C:\ST\STM32CubeIDE_1.19.0\STM32CubeIDE\plugins\com.st.stm32cube.common.mx_6.15.0.202507011659\\db\
2025-10-15 08:13:08,028 [INFO] CodeEngine:265 - oldGeneratedFile, D:\CDAC\STM32_Practice\LPM\STAND_BY_MODE\MXTmpFiles\license.tmp_save
2025-10-15 08:13:08,302 [INFO] CodeEngine:289 - Generated code: D:\CDAC\STM32_Practice\LPM\STAND_BY_MODE\MXTmpFiles\license.tmp
2025-10-15 08:13:08,327 [INFO] CodeEngine:265 - oldGeneratedFile, D:\CDAC\STM32_Practice\LPM\STAND_BY_MODE\MXTmpFiles\gpio.tmp_save
2025-10-15 08:13:08,482 [INFO] CodeEngine:289 - Generated code: D:\CDAC\STM32_Practice\LPM\STAND_BY_MODE\MXTmpFiles\gpio.tmp
2025-10-15 08:13:08,550 [INFO] CodeEngine:265 - oldGeneratedFile, D:\CDAC\STM32_Practice\LPM\STAND_BY_MODE\Core\Src\stm32f4xx_it.c_save
2025-10-15 08:13:08,675 [INFO] CodeEngine:289 - Generated code: D:\CDAC\STM32_Practice\LPM\STAND_BY_MODE\Core\Src\stm32f4xx_it.c
2025-10-15 08:13:08,680 [INFO] CodeEngine:265 - oldGeneratedFile, D:\CDAC\STM32_Practice\LPM\STAND_BY_MODE\Core\Inc\stm32f4xx_it.h_save
2025-10-15 08:13:08,781 [INFO] CodeEngine:289 - Generated code: D:\CDAC\STM32_Practice\LPM\STAND_BY_MODE\Core\Inc\stm32f4xx_it.h
2025-10-15 08:13:08,797 [INFO] CodeEngine:265 - oldGeneratedFile, D:\CDAC\STM32_Practice\LPM\STAND_BY_MODE\Core\Src\stm32f4xx_hal_msp.c_save
2025-10-15 08:13:08,942 [INFO] CodeEngine:289 - Generated code: D:\CDAC\STM32_Practice\LPM\STAND_BY_MODE\Core\Src\stm32f4xx_hal_msp.c
2025-10-15 08:13:08,946 [INFO] CodeEngine:265 - oldGeneratedFile, D:\CDAC\STM32_Practice\LPM\STAND_BY_MODE\MXTmpFiles\system.tmp_save
2025-10-15 08:13:09,034 [INFO] CodeEngine:289 - Generated code: D:\CDAC\STM32_Practice\LPM\STAND_BY_MODE\MXTmpFiles\system.tmp
2025-10-15 08:13:09,047 [INFO] CodeEngine:321 - oldGeneratedFile, D:\CDAC\STM32_Practice\LPM\STAND_BY_MODE\Core\Inc\stm32f4xx_hal_conf.h_save
2025-10-15 08:13:09,110 [INFO] CodeEngine:345 - Generated code: D:\CDAC\STM32_Practice\LPM\STAND_BY_MODE\Core\Inc\stm32f4xx_hal_conf.h
2025-10-15 08:13:09,141 [INFO] CodeEngine:265 - oldGeneratedFile, D:\CDAC\STM32_Practice\LPM\STAND_BY_MODE\Core\Inc\main.h_save
2025-10-15 08:13:09,200 [INFO] CodeEngine:289 - Generated code: D:\CDAC\STM32_Practice\LPM\STAND_BY_MODE\Core\Inc\main.h
2025-10-15 08:13:09,205 [INFO] CodeEngine:265 - oldGeneratedFile, D:\CDAC\STM32_Practice\LPM\STAND_BY_MODE\Core\Src\main.c_save
2025-10-15 08:13:09,281 [INFO] CodeEngine:289 - Generated code: D:\CDAC\STM32_Practice\LPM\STAND_BY_MODE\Core\Src\main.c
2025-10-15 08:13:09,679 [INFO] ProjectBuilder:3606 - Time for Copy HAL[1] : 159mS.
2025-10-15 08:13:09,682 [INFO] ProjectBuilder:5216 - Project Generator version: 4.7.0-B52
2025-10-15 08:13:09,758 [INFO] ConfigFileManager:1595 - The Die is : DIE431
2025-10-15 08:13:10,583 [INFO] ProjectBuilder:5496 - Time for Generating toolchain IDE Files: 901mS.
2025-10-15 08:13:10,584 [INFO] ProjectBuilder:3463 - Time for Copy CMSIS : 0mS.
2025-10-15 08:13:10,587 [INFO] ProjectBuilder:3463 - Time for Copy CMSIS : 1mS.
