2025-10-24 08:18:17,837 [INFO] Activator:176 - 


2025-10-24 08:18:17,838 [INFO] Activator:177 - !SESSION log4j initialized
2025-10-24 08:18:20,897 [INFO] LogOutputStream:77 - [STDOUT_REDIRECT] 
2025-10-24 08:18:27,891 [INFO] ApplicationProperties:184 - Using Application install path: C:\ST\STM32CubeIDE_1.19.0\STM32CubeIDE\plugins\com.st.stm32cube.common.mx_6.15.0.202507011659
2025-10-24 08:18:27,907 [INFO] DbMcusXml:78 - Set database path to: C:\ST\STM32CubeIDE_1.19.0\STM32CubeIDE\plugins\com.st.stm32cube.common.mx_6.15.0.202507011659\\db\/mcu/
2025-10-24 08:18:27,907 [INFO] ApiDb:274 - Set plugin database path to: C:\ST\STM32CubeIDE_1.19.0\STM32CubeIDE\plugins\com.st.stm32cube.common.mx_6.15.0.202507011659\\db\/plugins/boardmanager/
2025-10-24 08:18:27,907 [WARN] ApiDb:259 - Overriding images path with different value:  => C:\ST\STM32CubeIDE_1.19.0\STM32CubeIDE\plugins\com.st.stm32cube.common.mx_6.15.0.202507011659\\db\/plugins/mcufinder/images/
2025-10-24 08:18:27,907 [INFO] ApiDb:250 - Set database path to: C:\Users\Abhishek\.stmcufinder\plugins\mcufinder//mcu/
2025-10-24 08:18:27,907 [INFO] DbMcusAds:125 - Set database path to: C:\Users\Abhishek\.stmcufinder\plugins\mcufinder//mcu/
2025-10-24 08:18:27,923 [INFO] CrossReferenceDbSqlite:203 - Set database path to: C:\Users\Abhishek\.stmcufinder\plugins\mcufinder//mcu/cs/
2025-10-24 08:18:28,070 [INFO] RulesReader:64 - Compatibility file has been processed (317 Rules)
2025-10-24 08:18:28,145 [INFO] DbMcusXml:78 - Set database path to: C:\ST\STM32CubeIDE_1.19.0\STM32CubeIDE\plugins\com.st.stm32cube.common.mx_6.15.0.202507011659\\db\/mcu/
2025-10-24 08:18:28,145 [INFO] ApiDb:274 - Set plugin database path to: C:\ST\STM32CubeIDE_1.19.0\STM32CubeIDE\plugins\com.st.stm32cube.common.mx_6.15.0.202507011659\\db\/plugins/boardmanager/
2025-10-24 08:18:28,145 [INFO] ApiDb:261 - Set plugin images path to: C:\ST\STM32CubeIDE_1.19.0\STM32CubeIDE\plugins\com.st.stm32cube.common.mx_6.15.0.202507011659\\db\/plugins/mcufinder/images/
2025-10-24 08:18:28,145 [WARN] DbFile:41 - Overriding database path with different value: C:\Users\Abhishek\.stmcufinder\plugins\mcufinder/ => C:\Users\Abhishek\.stmcufinder\plugins\mcufinder
2025-10-24 08:18:28,145 [INFO] ApiDb:250 - Set database path to: C:\Users\Abhishek\.stmcufinder\plugins\mcufinder//mcu/
2025-10-24 08:18:28,145 [WARN] DbFile:41 - Overriding database path with different value: C:\Users\Abhishek\.stmcufinder\plugins\mcufinder/ => C:\Users\Abhishek\.stmcufinder\plugins\mcufinder
2025-10-24 08:18:28,145 [INFO] DbMcusAds:125 - Set database path to: C:\Users\Abhishek\.stmcufinder\plugins\mcufinder//mcu/
2025-10-24 08:18:28,145 [WARN] DbFile:41 - Overriding database path with different value: C:\Users\Abhishek\.stmcufinder\plugins\mcufinder/ => C:\Users\Abhishek\.stmcufinder\plugins\mcufinder
2025-10-24 08:18:28,145 [WARN] DbFile:41 - Overriding database path with different value: C:\Users\Abhishek\.stmcufinder\plugins\mcufinder/ => C:\Users\Abhishek\.stmcufinder\plugins\mcufinder
2025-10-24 08:18:28,145 [INFO] CrossReferenceDbSqlite:203 - Set database path to: C:\Users\Abhishek\.stmcufinder\plugins\mcufinder//mcu/cs/
2025-10-24 08:18:28,224 [INFO] MainPanel:274 - HeapMemory: 268435456
2025-10-24 08:18:28,327 [INFO] DbMcusXml:78 - Set database path to: C:\ST\STM32CubeIDE_1.19.0\STM32CubeIDE\plugins\com.st.stm32cube.common.mx_6.15.0.202507011659\\db\/mcu/
2025-10-24 08:18:28,327 [INFO] ApiDb:274 - Set plugin database path to: C:\ST\STM32CubeIDE_1.19.0\STM32CubeIDE\plugins\com.st.stm32cube.common.mx_6.15.0.202507011659\\db\/plugins/boardmanager/
2025-10-24 08:18:28,327 [INFO] ApiDb:261 - Set plugin images path to: C:\ST\STM32CubeIDE_1.19.0\STM32CubeIDE\plugins\com.st.stm32cube.common.mx_6.15.0.202507011659\\db\/plugins/mcufinder/images/
2025-10-24 08:18:28,327 [WARN] DbFile:41 - Overriding database path with different value: C:\Users\Abhishek\.stmcufinder\plugins\mcufinder/ => C:\Users\Abhishek\.stmcufinder\plugins\mcufinder
2025-10-24 08:18:28,327 [INFO] ApiDb:250 - Set database path to: C:\Users\Abhishek\.stmcufinder\plugins\mcufinder//mcu/
2025-10-24 08:18:28,327 [WARN] DbFile:41 - Overriding database path with different value: C:\Users\Abhishek\.stmcufinder\plugins\mcufinder/ => C:\Users\Abhishek\.stmcufinder\plugins\mcufinder
2025-10-24 08:18:28,327 [INFO] DbMcusAds:125 - Set database path to: C:\Users\Abhishek\.stmcufinder\plugins\mcufinder//mcu/
2025-10-24 08:18:28,327 [WARN] DbFile:41 - Overriding database path with different value: C:\Users\Abhishek\.stmcufinder\plugins\mcufinder/ => C:\Users\Abhishek\.stmcufinder\plugins\mcufinder
2025-10-24 08:18:28,327 [WARN] DbFile:41 - Overriding database path with different value: C:\Users\Abhishek\.stmcufinder\plugins\mcufinder/ => C:\Users\Abhishek\.stmcufinder\plugins\mcufinder
2025-10-24 08:18:28,327 [INFO] CrossReferenceDbSqlite:203 - Set database path to: C:\Users\Abhishek\.stmcufinder\plugins\mcufinder//mcu/cs/
2025-10-24 08:18:28,359 [INFO] ApplicationProperties:184 - Using Application install path: C:\ST\STM32CubeIDE_1.19.0\STM32CubeIDE\plugins\com.st.stm32cube.common.mx_6.15.0.202507011659
2025-10-24 08:18:28,359 [INFO] PluginManage:196 - Search for loadable plugins [exclusion list=, ]
2025-10-24 08:18:28,359 [INFO] PluginManage:310 - Check plugin analytics
2025-10-24 08:18:33,648 [INFO] AnalyticsPlugin:253 - Accepted Software Licenses: 
2025-10-24 08:18:33,648 [INFO] AnalyticsPlugin:255 - Accepted CMSIS Pack Licenses: 
2025-10-24 08:18:33,648 [INFO] AnalyticsPlugin:257 - Accepted Firmware Licenses: FW.F4.1.28.0
2025-10-24 08:18:33,652 [INFO] PluginManage:359 - Loaded plugin analytics (category:tool,tabindex:-1)
2025-10-24 08:18:33,652 [INFO] PluginManage:310 - Check plugin cadmodel
2025-10-24 08:18:33,655 [INFO] CADModel:105 - Init CAD model plugin
2025-10-24 08:18:33,655 [INFO] PluginManage:359 - Loaded plugin cadmodel (category:power,tabindex:5)
2025-10-24 08:18:33,655 [INFO] PluginManage:310 - Check plugin clock
2025-10-24 08:18:33,683 [INFO] PluginManage:359 - Loaded plugin clock (category:base,tabindex:2)
2025-10-24 08:18:33,683 [INFO] PluginManage:310 - Check plugin ddr
2025-10-24 08:18:33,687 [INFO] PluginManage:359 - Loaded plugin ddr (category:tool,tabindex:6)
2025-10-24 08:18:33,689 [INFO] PluginManage:310 - Check plugin filemanager
2025-10-24 08:18:33,910 [INFO] PluginManage:359 - Loaded plugin filemanager (category:base,tabindex:10)
2025-10-24 08:18:33,910 [INFO] PluginManage:310 - Check plugin ipmanager
2025-10-24 08:18:33,918 [INFO] PluginManage:359 - Loaded plugin ipmanager (category:base,tabindex:5)
2025-10-24 08:18:33,918 [INFO] PluginManage:310 - Check plugin lpbam
2025-10-24 08:18:33,928 [INFO] PluginManage:359 - Loaded plugin lpbam (category:base,tabindex:0)
2025-10-24 08:18:33,928 [INFO] PluginManage:310 - Check plugin memorymap
2025-10-24 08:18:33,944 [INFO] PluginManage:359 - Loaded plugin memorymap (category:base,tabindex:4)
2025-10-24 08:18:33,944 [INFO] PluginManage:310 - Check plugin pinoutandconfiguration
2025-10-24 08:18:33,944 [INFO] PluginManage:359 - Loaded plugin pinoutandconfiguration (category:base,tabindex:1)
2025-10-24 08:18:33,944 [INFO] PluginManage:310 - Check plugin pinoutconfig
2025-10-24 08:18:34,054 [WARN] SupportedApi:132 - Cannot load RTOS API schema: s4s-elt-must-match.1: The content of 'definitions' must match (annotation?, (simpleType | complexType)?, (unique | key | keyref)*)). A problem was found starting at: attribute.
2025-10-24 08:18:34,220 [INFO] PluginManage:359 - Loaded plugin pinoutconfig (category:base,tabindex:0)
2025-10-24 08:18:34,220 [INFO] PluginManage:310 - Check plugin power
2025-10-24 08:18:34,229 [INFO] PluginManage:359 - Loaded plugin power (category:power,tabindex:4)
2025-10-24 08:18:34,229 [INFO] PluginManage:310 - Check plugin projectmanager
2025-10-24 08:18:34,241 [INFO] PluginManage:359 - Loaded plugin projectmanager (category:projectmanager,tabindex:4)
2025-10-24 08:18:34,241 [INFO] PluginManage:310 - Check plugin rif
2025-10-24 08:18:34,259 [INFO] PluginManage:359 - Loaded plugin rif (category:base,tabindex:3)
2025-10-24 08:18:34,259 [INFO] PluginManage:310 - Check plugin thirdparty
2025-10-24 08:18:34,418 [INFO] PluginManage:359 - Loaded plugin thirdparty (category:base,tabindex:-1)
2025-10-24 08:18:34,418 [INFO] PluginManage:310 - Check plugin tools
2025-10-24 08:18:34,418 [WARN] IntegrityCheckThread:84 - waiting for thirdparty lock release [integrity check]
2025-10-24 08:18:34,428 [INFO] IntegrityCheckThread:86 - entering critical section [integrity check]
2025-10-24 08:18:34,428 [INFO] PluginManage:359 - Loaded plugin tools (category:base,tabindex:7)
2025-10-24 08:18:34,428 [INFO] ThirdPartyUpdaterWithRetryManager:70 - Updater plugin not ready yet. [1/15]
2025-10-24 08:18:34,430 [INFO] PluginManage:310 - Check plugin tutovideos
2025-10-24 08:18:34,679 [INFO] PluginManage:359 - Loaded plugin tutovideos (category:base,tabindex:-1)
2025-10-24 08:18:34,679 [INFO] PluginManage:310 - Check plugin updater
2025-10-24 08:18:34,714 [INFO] PluginManage:359 - Loaded plugin updater (category:base,tabindex:12)
2025-10-24 08:18:34,716 [INFO] PluginManage:310 - Check plugin userauth
2025-10-24 08:18:34,725 [INFO] UserAuth:118 - Init User Auth plugin
2025-10-24 08:18:34,728 [INFO] PluginManage:359 - Loaded plugin userauth (category:base,tabindex:14)
2025-10-24 08:18:34,729 [INFO] PluginManage:283 - PluginManage : Loaded plugins [18]
2025-10-24 08:18:35,219 [INFO] PinOutPanel:1589 - setPackage(No Configuration,No Configuration)
2025-10-24 08:18:35,429 [INFO] CADModel:165 - CPN selected for project level
2025-10-24 08:18:35,429 [INFO] CADModel:114 - Register for checkConnection events
2025-10-24 08:18:35,471 [INFO] IPUIPlugin:80 - create IPUIPlugin
2025-10-24 08:18:35,471 [INFO] PluginManager:220 - loadIPPluginJar : add adc
2025-10-24 08:18:35,477 [INFO] IPUIPlugin:80 - create IPUIPlugin
2025-10-24 08:18:35,477 [INFO] PluginManager:220 - loadIPPluginJar : add aes
2025-10-24 08:18:35,479 [INFO] IPUIPlugin:80 - create IPUIPlugin
2025-10-24 08:18:35,479 [INFO] PluginManager:220 - loadIPPluginJar : add can
2025-10-24 08:18:35,482 [INFO] IPUIPlugin:80 - create IPUIPlugin
2025-10-24 08:18:35,482 [INFO] PluginManager:220 - loadIPPluginJar : add comp
2025-10-24 08:18:35,488 [INFO] IPUIPlugin:80 - create IPUIPlugin
2025-10-24 08:18:35,488 [INFO] PluginManager:220 - loadIPPluginJar : add cryp
2025-10-24 08:18:35,493 [INFO] IPUIPlugin:80 - create IPUIPlugin
2025-10-24 08:18:35,493 [INFO] PluginManager:220 - loadIPPluginJar : add ddr_ctrl_phy
2025-10-24 08:18:35,493 [INFO] IPUIPlugin:80 - create IPUIPlugin
2025-10-24 08:18:35,493 [INFO] PluginManager:220 - loadIPPluginJar : add dfsdm
2025-10-24 08:18:35,506 [INFO] IPUIPlugin:80 - create IPUIPlugin
2025-10-24 08:18:35,509 [INFO] PluginManager:220 - loadIPPluginJar : add dma
2025-10-24 08:18:35,511 [INFO] IPUIPlugin:80 - create IPUIPlugin
2025-10-24 08:18:35,511 [INFO] PluginManager:220 - loadIPPluginJar : add dma3
2025-10-24 08:18:35,519 [INFO] IPUIPlugin:80 - create IPUIPlugin
2025-10-24 08:18:35,519 [INFO] PluginManager:220 - loadIPPluginJar : add extmemmanager
2025-10-24 08:18:35,523 [INFO] IPUIPlugin:80 - create IPUIPlugin
2025-10-24 08:18:35,523 [INFO] PluginManager:220 - loadIPPluginJar : add fatfs
2025-10-24 08:18:35,525 [INFO] IPUIPlugin:80 - create IPUIPlugin
2025-10-24 08:18:35,525 [INFO] PluginManager:220 - loadIPPluginJar : add fmc
2025-10-24 08:18:35,541 [INFO] IPUIPlugin:80 - create IPUIPlugin
2025-10-24 08:18:35,541 [INFO] PluginManager:220 - loadIPPluginJar : add freertos
2025-10-24 08:18:35,541 [INFO] IPUIPlugin:80 - create IPUIPlugin
2025-10-24 08:18:35,541 [INFO] PluginManager:220 - loadIPPluginJar : add genericplugin
2025-10-24 08:18:35,541 [INFO] IPUIPlugin:80 - create IPUIPlugin
2025-10-24 08:18:35,555 [INFO] PluginManager:220 - loadIPPluginJar : add gfxmmu
2025-10-24 08:18:35,557 [INFO] IPUIPlugin:80 - create IPUIPlugin
2025-10-24 08:18:35,557 [INFO] PluginManager:220 - loadIPPluginJar : add gic
2025-10-24 08:18:35,577 [INFO] IPUIPlugin:80 - create IPUIPlugin
2025-10-24 08:18:35,577 [INFO] PluginManager:220 - loadIPPluginJar : add gpio
2025-10-24 08:18:35,582 [INFO] IPUIPlugin:80 - create IPUIPlugin
2025-10-24 08:18:35,582 [INFO] PluginManager:220 - loadIPPluginJar : add gtzc
2025-10-24 08:18:35,588 [INFO] IPUIPlugin:80 - create IPUIPlugin
2025-10-24 08:18:35,588 [INFO] PluginManager:220 - loadIPPluginJar : add hash
2025-10-24 08:18:35,594 [INFO] IPUIPlugin:80 - create IPUIPlugin
2025-10-24 08:18:35,594 [INFO] PluginManager:220 - loadIPPluginJar : add i2c
2025-10-24 08:18:35,600 [INFO] IPUIPlugin:80 - create IPUIPlugin
2025-10-24 08:18:35,600 [INFO] PluginManager:220 - loadIPPluginJar : add i2s
2025-10-24 08:18:35,609 [INFO] IPUIPlugin:80 - create IPUIPlugin
2025-10-24 08:18:35,609 [INFO] PluginManager:220 - loadIPPluginJar : add i3c
2025-10-24 08:18:35,618 [INFO] IPUIPlugin:80 - create IPUIPlugin
2025-10-24 08:18:35,620 [INFO] PluginManager:220 - loadIPPluginJar : add ipddr
2025-10-24 08:18:35,636 [INFO] IPUIPlugin:80 - create IPUIPlugin
2025-10-24 08:18:35,636 [INFO] PluginManager:220 - loadIPPluginJar : add linkedlist
2025-10-24 08:18:35,638 [INFO] IPUIPlugin:80 - create IPUIPlugin
2025-10-24 08:18:35,638 [INFO] PluginManager:220 - loadIPPluginJar : add lorawan
2025-10-24 08:18:35,646 [INFO] IPUIPlugin:80 - create IPUIPlugin
2025-10-24 08:18:35,646 [INFO] PluginManager:220 - loadIPPluginJar : add ltdc
2025-10-24 08:18:35,652 [INFO] IPUIPlugin:80 - create IPUIPlugin
2025-10-24 08:18:35,652 [INFO] PluginManager:220 - loadIPPluginJar : add mdma
2025-10-24 08:18:35,664 [INFO] IPUIPlugin:80 - create IPUIPlugin
2025-10-24 08:18:35,664 [INFO] PluginManager:220 - loadIPPluginJar : add nvic
2025-10-24 08:18:35,667 [INFO] IPUIPlugin:80 - create IPUIPlugin
2025-10-24 08:18:35,667 [INFO] PluginManager:220 - loadIPPluginJar : add opamp
2025-10-24 08:18:35,676 [INFO] IPUIPlugin:80 - create IPUIPlugin
2025-10-24 08:18:35,676 [INFO] PluginManager:220 - loadIPPluginJar : add openamp
2025-10-24 08:18:35,684 [INFO] IPUIPlugin:80 - create IPUIPlugin
2025-10-24 08:18:35,684 [INFO] PluginManager:220 - loadIPPluginJar : add pdm2pcm
2025-10-24 08:18:35,694 [INFO] IPUIPlugin:80 - create IPUIPlugin
2025-10-24 08:18:35,699 [INFO] PluginManager:220 - loadIPPluginJar : add plateformsettings
2025-10-24 08:18:35,704 [INFO] IPUIPlugin:80 - create IPUIPlugin
2025-10-24 08:18:35,704 [INFO] PluginManager:220 - loadIPPluginJar : add quadspi
2025-10-24 08:18:35,707 [INFO] IPUIPlugin:80 - create IPUIPlugin
2025-10-24 08:18:35,707 [INFO] PluginManager:220 - loadIPPluginJar : add radio
2025-10-24 08:18:35,715 [INFO] IPUIPlugin:80 - create IPUIPlugin
2025-10-24 08:18:35,715 [INFO] PluginManager:220 - loadIPPluginJar : add resmgrutility
2025-10-24 08:18:35,723 [INFO] IPUIPlugin:80 - create IPUIPlugin
2025-10-24 08:18:35,723 [INFO] PluginManager:220 - loadIPPluginJar : add sai
2025-10-24 08:18:35,727 [INFO] IPUIPlugin:80 - create IPUIPlugin
2025-10-24 08:18:35,727 [INFO] PluginManager:220 - loadIPPluginJar : add spi
2025-10-24 08:18:35,741 [INFO] IPUIPlugin:80 - create IPUIPlugin
2025-10-24 08:18:35,741 [INFO] PluginManager:220 - loadIPPluginJar : add stm32_wpan
2025-10-24 08:18:35,747 [INFO] IPUIPlugin:80 - create IPUIPlugin
2025-10-24 08:18:35,747 [INFO] PluginManager:220 - loadIPPluginJar : add tim
2025-10-24 08:18:35,751 [INFO] IPUIPlugin:80 - create IPUIPlugin
2025-10-24 08:18:35,751 [INFO] PluginManager:220 - loadIPPluginJar : add touchsensing
2025-10-24 08:18:35,751 [INFO] IPUIPlugin:80 - create IPUIPlugin
2025-10-24 08:18:35,751 [INFO] PluginManager:220 - loadIPPluginJar : add tracer_emb
2025-10-24 08:18:35,763 [INFO] IPUIPlugin:80 - create IPUIPlugin
2025-10-24 08:18:35,763 [INFO] PluginManager:220 - loadIPPluginJar : add ts
2025-10-24 08:18:35,766 [INFO] IPUIPlugin:80 - create IPUIPlugin
2025-10-24 08:18:35,766 [INFO] PluginManager:220 - loadIPPluginJar : add tsc
2025-10-24 08:18:35,772 [INFO] IPUIPlugin:80 - create IPUIPlugin
2025-10-24 08:18:35,772 [INFO] PluginManager:220 - loadIPPluginJar : add ucpd
2025-10-24 08:18:35,776 [INFO] IPUIPlugin:80 - create IPUIPlugin
2025-10-24 08:18:35,776 [INFO] PluginManager:220 - loadIPPluginJar : add usart
2025-10-24 08:18:35,779 [INFO] IPUIPlugin:80 - create IPUIPlugin
2025-10-24 08:18:35,788 [INFO] PluginManager:220 - loadIPPluginJar : add usbx
2025-10-24 08:18:35,993 [FATAL] Updater:351 - Updater called before beeing initialized
2025-10-24 08:18:36,046 [INFO] RulesReader:64 - Compatibility file has been processed (317 Rules)
2025-10-24 08:18:36,075 [INFO] RulesReader:64 - Compatibility file has been processed (317 Rules)
2025-10-24 08:18:36,093 [INFO] CADModel:165 - CPN selected for project level
2025-10-24 08:18:36,093 [INFO] CADModel:114 - Register for checkConnection events
2025-10-24 08:18:36,093 [FATAL] Updater:351 - Updater called before beeing initialized
2025-10-24 08:18:36,093 [ERROR] CADModel:125 - Updater not yet initialized, retry later 
2025-10-24 08:18:36,381 [FATAL] Updater:351 - Updater called before beeing initialized
2025-10-24 08:18:36,390 [INFO] CADModel:165 - CPN selected for project level
2025-10-24 08:18:36,390 [INFO] CADModel:114 - Register for checkConnection events
2025-10-24 08:18:36,390 [FATAL] Updater:351 - Updater called before beeing initialized
2025-10-24 08:18:36,390 [ERROR] CADModel:125 - Updater not yet initialized, retry later 
2025-10-24 08:18:36,396 [FATAL] Updater:351 - Updater called before beeing initialized
2025-10-24 08:18:36,625 [FATAL] Updater:351 - Updater called before beeing initialized
2025-10-24 08:18:36,641 [INFO] DbMcusAds:53 - JSON generation date=Thu Oct 02 15:06:05 IST 2025 (1759397765645)
2025-10-24 08:18:36,641 [FATAL] Updater:351 - Updater called before beeing initialized
2025-10-24 08:18:36,737 [WARN] DetailPanel:346 - Failed to get advertising image, set to default
2025-10-24 08:18:36,911 [FATAL] Updater:351 - Updater called before beeing initialized
2025-10-24 08:18:36,911 [FATAL] Updater:351 - Updater called before beeing initialized
2025-10-24 08:18:36,911 [FATAL] Updater:351 - Updater called before beeing initialized
2025-10-24 08:18:36,911 [WARN] DetailPanel:346 - Failed to get advertising image, set to default
2025-10-24 08:18:36,917 [FATAL] Updater:351 - Updater called before beeing initialized
2025-10-24 08:18:37,006 [ERROR] Updater:1198 - MainUpdater not yet initialized. External WinMGr cannot be set.
2025-10-24 08:18:37,013 [INFO] Updater:1134 - Updater Version found : 6.15.0
2025-10-24 08:18:37,037 [INFO] ApplicationProperties:184 - Using Application install path: C:\ST\STM32CubeIDE_1.19.0\STM32CubeIDE\plugins\com.st.stm32cube.common.mx_6.15.0.202507011659
2025-10-24 08:18:37,430 [INFO] ThirdPartyUpdaterWithRetryManager:70 - Updater plugin not ready yet. [2/15]
2025-10-24 08:18:38,651 [ERROR] LogOutputStream:75 - [STDERR_REDIRECT] Oct 24, 2025 8:18:38 AM java.util.prefs.WindowsPreferences <init>
2025-10-24 08:18:38,660 [ERROR] LogOutputStream:75 - [STDERR_REDIRECT] WARNING: Could not open/create prefs root node Software\JavaSoft\Prefs at root 0xffffffff80000002. Windows RegCreateKeyEx(...) returned error code 5.
2025-10-24 08:18:38,660 [ERROR] LogOutputStream:75 - [STDERR_REDIRECT] 
2025-10-24 08:18:39,221 [INFO] MainUpdater:2872 - connection check result : 10
2025-10-24 08:18:39,224 [INFO] MainUpdater:289 - Updater Check For Update Now.
2025-10-24 08:18:39,224 [INFO] MicroXplorer:498 - Change Database Version : DB.6.0.150
2025-10-24 08:18:39,236 [INFO] McuFinderGlobals:63 - Set McuFinder mode to 2 (CubeIDE integrated)
2025-10-24 08:18:39,237 [INFO] UserAuth:171 - activating auth plugin
2025-10-24 08:18:39,242 [INFO] UserAuth:487 - Internet connection configuration mode: 1
2025-10-24 08:18:39,275 [INFO] JxBrowserEngine:152 - Initiate JxBrowser Engine with user profile folder
2025-10-24 08:18:39,480 [INFO] CheckServerUpdateThread:120 - End of CheckServer Thread
2025-10-24 08:18:40,605 [INFO] WebApp:169 - Instantiating new browser for Auth
2025-10-24 08:18:40,860 [WARN] PackLoader:240 - Cannot read IP mode file for STMicroelectronics.FP-SNS-MOTENVWB1.1.4.0
2025-10-24 08:18:40,880 [WARN] PackLoader:240 - Cannot read IP mode file for STMicroelectronics.FP-ATR-ASTRA1.2.0.2
2025-10-24 08:18:40,928 [WARN] PackLoader:240 - Cannot read IP mode file for STMicroelectronics.X-CUBE-SMBUS.2.1.0
2025-10-24 08:18:40,942 [WARN] PackLoader:240 - Cannot read IP mode file for STMicroelectronics.X-CUBE-ST60.1.0.0
2025-10-24 08:18:41,014 [WARN] PackLoader:240 - Cannot read IP mode file for STMicroelectronics.X-CUBE-AZRTOS-F7.1.1.0
2025-10-24 08:18:41,030 [WARN] PackLoader:240 - Cannot read IP mode file for Cesanta.I-CUBE-Mongoose.7.19.0
2025-10-24 08:18:41,051 [WARN] PackLoader:240 - Cannot read IP mode file for WES.I-CUBE-Cesium.1.4.0
2025-10-24 08:18:41,095 [WARN] PackLoader:240 - Cannot read IP mode file for Infineon.AIROC-Wi-Fi-Bluetooth-STM32.1.7.1
2025-10-24 08:18:41,144 [WARN] PackLoader:240 - Cannot read IP mode file for STMicroelectronics.X-CUBE-AZRTOS-H7.3.4.0
2025-10-24 08:18:41,162 [WARN] PackLoader:240 - Cannot read IP mode file for STMicroelectronics.X-CUBE-DISPLAY.3.0.0
2025-10-24 08:18:41,182 [WARN] PackLoader:240 - Cannot read IP mode file for STMicroelectronics.X-CUBE-NFC10.1.0.0
2025-10-24 08:18:41,198 [WARN] PackLoader:240 - Cannot read IP mode file for STMicroelectronics.X-CUBE-ST60.1.1.0
2025-10-24 08:18:41,208 [WARN] PackLoader:240 - Cannot read IP mode file for emotas.I-CUBE-CANOPEN.1.3.0
2025-10-24 08:18:41,223 [WARN] PackLoader:240 - Cannot read IP mode file for STMicroelectronics.FP-SNS-STBOX1.2.1.0
2025-10-24 08:18:41,231 [WARN] PackLoader:240 - Cannot read IP mode file for STMicroelectronics.FP-SNS-SMARTAG2.1.2.0
2025-10-24 08:18:41,239 [WARN] PackLoader:240 - Cannot read IP mode file for STMicroelectronics.FP-SNS-FLIGHT1.5.1.0
2025-10-24 08:18:41,254 [INFO] LogOutputStream:77 - [STDOUT_REDIRECT] 1 : Invalid condition id : UX_CORESTACK_Condition cause : null
2025-10-24 08:18:41,254 [INFO] LogOutputStream:77 - [STDOUT_REDIRECT] 1 : Invalid condition id : UX_CORESTACK_Condition cause : null
2025-10-24 08:18:41,254 [INFO] LogOutputStream:77 - [STDOUT_REDIRECT] 1 : Invalid condition id : UX_CORESTACK_Condition cause : null
2025-10-24 08:18:41,254 [INFO] LogOutputStream:77 - [STDOUT_REDIRECT] 1 : Invalid condition id : UX_CORESTACK_Condition cause : null
2025-10-24 08:18:41,263 [INFO] LogOutputStream:77 - [STDOUT_REDIRECT] 1 : Invalid condition id : UX_CORESTACK_Condition cause : null
2025-10-24 08:18:41,266 [WARN] PackLoader:240 - Cannot read IP mode file for STMicroelectronics.X-CUBE-AZRTOS-WL.2.0.0
2025-10-24 08:18:41,276 [WARN] PackLoader:240 - Cannot read IP mode file for STMicroelectronics.FP-SNS-MOTENV1.5.0.0
2025-10-24 08:18:41,288 [WARN] PackLoader:240 - Cannot read IP mode file for STMicroelectronics.X-CUBE-BLE2.3.3.0
2025-10-24 08:18:41,300 [WARN] PackLoader:240 - Cannot read IP mode file for STMicroelectronics.X-CUBE-NFC9.1.0.0
2025-10-24 08:18:41,313 [WARN] PackLoader:240 - Cannot read IP mode file for wolfSSL.I-CUBE-wolfSSL.5.8.2
2025-10-24 08:18:41,319 [WARN] PackLoader:240 - Cannot read IP mode file for STMicroelectronics.X-CUBE-BLE1.7.1.0
2025-10-24 08:18:41,328 [WARN] PackLoader:240 - Cannot read IP mode file for wolfSSL.I-CUBE-wolfMQTT.1.19.2
2025-10-24 08:18:41,336 [WARN] PackLoader:240 - Cannot read IP mode file for STMicroelectronics.X-CUBE-EEPRMA1.5.2.0
2025-10-24 08:18:41,347 [WARN] PackLoader:240 - Cannot read IP mode file for STMicroelectronics.X-CUBE-ST67W61.1.1.0
2025-10-24 08:18:41,372 [WARN] PackLoader:240 - Cannot read IP mode file for STMicroelectronics.X-CUBE-AZRTOS-G0.1.1.0
2025-10-24 08:18:41,386 [WARN] PackLoader:240 - Cannot read IP mode file for STMicroelectronics.X-CUBE-SAFEA1.1.2.2
2025-10-24 08:18:41,398 [WARN] PackLoader:240 - Cannot read IP mode file for STMicroelectronics.X-CUBE-NFC4.3.0.0
2025-10-24 08:18:41,413 [WARN] PackLoader:240 - Cannot read IP mode file for EmbeddedOffice.I-CUBE-FS-RTOS.1.0.1
2025-10-24 08:18:41,423 [WARN] PackLoader:240 - Cannot read IP mode file for STMicroelectronics.X-CUBE-WB05N.2.0.0
2025-10-24 08:18:41,429 [WARN] PackLoader:240 - Cannot read IP mode file for wolfSSL.I-CUBE-wolfTPM.3.8.0
2025-10-24 08:18:41,438 [WARN] PackLoader:240 - Cannot read IP mode file for STMicroelectronics.X-CUBE-TCPP.4.2.0
2025-10-24 08:18:41,442 [WARN] PackLoader:240 - Cannot read IP mode file for RealThread.X-CUBE-RT-Thread_Nano.4.1.1
2025-10-24 08:18:41,452 [WARN] PackLoader:240 - Cannot read IP mode file for STMicroelectronics.FP-ATR-SIGFOX1.3.2.0
2025-10-24 08:18:41,464 [WARN] PackLoader:240 - Cannot read IP mode file for ITTIA_DB.I-CUBE-ITTIADB.8.9.0
2025-10-24 08:18:41,473 [WARN] PackLoader:240 - Cannot read IP mode file for STMicroelectronics.X-CUBE-ST67W61.1.0.0
2025-10-24 08:18:41,484 [WARN] PackLoader:240 - Cannot read IP mode file for STMicroelectronics.X-CUBE-AI.10.2.0
2025-10-24 08:18:41,537 [WARN] PackLoader:240 - Cannot read IP mode file for SEGGER.I-CUBE-embOS.1.3.1
2025-10-24 08:18:41,597 [WARN] PackLoader:240 - Cannot read IP mode file for STMicroelectronics.X-CUBE-ALGOBUILD.1.4.0
2025-10-24 08:18:41,659 [WARN] PackLoader:240 - Cannot read IP mode file for STMicroelectronics.X-CUBE-MEMS1.11.3.0
2025-10-24 08:18:41,853 [WARN] PackLoader:240 - Cannot read IP mode file for STMicroelectronics.X-CUBE-PM33A1.1.0.0
2025-10-24 08:18:41,877 [WARN] PackLoader:240 - Cannot read IP mode file for STMicroelectronics.X-CUBE-AZRTOS-F4.1.1.0
2025-10-24 08:18:41,922 [WARN] PackLoader:240 - Cannot read IP mode file for STMicroelectronics.X-CUBE-ISPU.2.1.0
2025-10-24 08:18:41,940 [WARN] PackLoader:240 - Cannot read IP mode file for STMicroelectronics.X-CUBE-IPS.3.2.0
2025-10-24 08:18:41,956 [WARN] PackLoader:240 - Cannot read IP mode file for STMicroelectronics.X-CUBE-NFC12.1.0.0
2025-10-24 08:18:41,980 [WARN] PackLoader:240 - Cannot read IP mode file for STMicroelectronics.X-CUBE-AZRTOS-L5.2.0.0
2025-10-24 08:18:41,994 [WARN] PackLoader:240 - Cannot read IP mode file for STMicroelectronics.X-CUBE-NFC6.3.1.0
2025-10-24 08:18:42,006 [WARN] PackLoader:240 - Cannot read IP mode file for STMicroelectronics.X-CUBE-FREERTOS.1.3.1
2025-10-24 08:18:42,015 [WARN] PackLoader:240 - Cannot read IP mode file for STMicroelectronics.X-CUBE-TOUCHGFX.4.26.0
2025-10-24 08:18:42,025 [WARN] PackLoader:240 - Cannot read IP mode file for STMicroelectronics.FP-SNS-STAIOTCFT.1.0.0
2025-10-24 08:18:42,035 [WARN] PackLoader:240 - Cannot read IP mode file for STMicroelectronics.X-CUBE-DPower.1.3.0
2025-10-24 08:18:42,056 [WARN] ConditionMgr:438 - getConditionDescription Invalid condition id : LAN8742 Phy interface Condition cause : null
2025-10-24 08:18:42,058 [WARN] PackLoader:240 - Cannot read IP mode file for STMicroelectronics.X-CUBE-AZRTOS-L4.2.0.0
2025-10-24 08:18:42,060 [WARN] ConditionMgr:1044 - genDependencies : Invalid condition id : LAN8742 Phy interface Condition cause : null
2025-10-24 08:18:42,061 [WARN] ConditionMgr:1044 - genDependencies : Invalid condition id : LAN8742 Phy interface Condition cause : null
2025-10-24 08:18:42,061 [WARN] ConditionMgr:1044 - genDependencies : Invalid condition id : LAN8742 Phy interface Condition cause : null
2025-10-24 08:18:42,072 [WARN] PackLoader:240 - Cannot read IP mode file for STMicroelectronics.X-CUBE-SFXS2LP1.4.0.0
2025-10-24 08:18:42,087 [WARN] PackLoader:240 - Cannot read IP mode file for STMicroelectronics.X-CUBE-BLEMGR.4.1.0
2025-10-24 08:18:42,114 [WARN] ConditionMgr:438 - getConditionDescription Invalid condition id : UX DEVICE CLASS RTOS Condition cause : null
2025-10-24 08:18:42,115 [WARN] ConditionMgr:438 - getConditionDescription Invalid condition id : UX DEVICE CLASS RTOS Condition cause : null
2025-10-24 08:18:42,119 [WARN] PackLoader:240 - Cannot read IP mode file for STMicroelectronics.X-CUBE-AZRTOS-WB.2.0.0
2025-10-24 08:18:42,121 [WARN] ConditionMgr:1044 - genDependencies : Invalid condition id : UX DEVICE CLASS RTOS Condition cause : null
2025-10-24 08:18:42,123 [WARN] ConditionMgr:1044 - genDependencies : Invalid condition id : UX DEVICE CLASS RTOS Condition cause : null
2025-10-24 08:18:42,123 [WARN] ConditionMgr:1044 - genDependencies : Invalid condition id : UX DEVICE CLASS RTOS Condition cause : null
2025-10-24 08:18:42,125 [WARN] ConditionMgr:1044 - genDependencies : Invalid condition id : UX DEVICE CLASS RTOS Condition cause : null
2025-10-24 08:18:42,125 [WARN] ConditionMgr:1044 - genDependencies : Invalid condition id : UX DEVICE CLASS RTOS Condition cause : null
2025-10-24 08:18:42,145 [WARN] PackLoader:240 - Cannot read IP mode file for STMicroelectronics.X-CUBE-GNSS1.7.0.1
2025-10-24 08:18:42,160 [WARN] ConditionMgr:438 - getConditionDescription Invalid condition id : Cortex-A Device cause : null
2025-10-24 08:18:42,191 [WARN] ConditionMgr:1044 - genDependencies : Invalid condition id : Cortex-A Device cause : null
2025-10-24 08:18:42,191 [WARN] ConditionMgr:1044 - genDependencies : Invalid condition id : Cortex-A Device cause : null
2025-10-24 08:18:42,191 [WARN] ConditionMgr:1044 - genDependencies : Invalid condition id : Cortex-A Device cause : null
2025-10-24 08:18:42,212 [WARN] PackLoader:240 - Cannot read IP mode file for STMicroelectronics.X-CUBE-SUBG2.5.0.0
2025-10-24 08:18:42,251 [WARN] PackLoader:240 - Cannot read IP mode file for STMicroelectronics.X-CUBE-AZRTOS-H7RS.1.1.0
2025-10-24 08:18:42,276 [WARN] PackLoader:240 - Cannot read IP mode file for STMicroelectronics.X-CUBE-AZRTOS-G4.2.0.0
2025-10-24 08:18:42,289 [WARN] PackLoader:240 - Cannot read IP mode file for wolfSSL.I-CUBE-wolfSSH.1.4.20
2025-10-24 08:18:42,300 [WARN] PackLoader:240 - Cannot read IP mode file for STMicroelectronics.X-CUBE-NFC7.2.0.0
2025-10-24 08:18:42,311 [WARN] PackLoader:240 - Cannot read IP mode file for STMicroelectronics.X-CUBE-ALS.1.0.2
2025-10-24 08:18:42,328 [WARN] PackLoader:240 - Cannot read IP mode file for STMicroelectronics.X-CUBE-STSE01.1.0.0
2025-10-24 08:18:42,345 [WARN] PackLoader:240 - Cannot read IP mode file for STMicroelectronics.X-CUBE-TOF1.3.4.3
2025-10-24 08:18:42,358 [INFO] ThirdParty:978 - Integrity check success = true
2025-10-24 08:18:42,358 [INFO] IntegrityCheckThread:100 - exiting critical section [integrity check]
2025-10-24 08:18:42,358 [INFO] IntegrityCheckThread:103 - End integrity checks thread
2025-10-24 08:18:42,495 [INFO] WebApp:463 - Apply proxy settings
2025-10-24 08:18:42,499 [INFO] WebApp:548 - Chromium requires no authentication
2025-10-24 08:18:42,524 [INFO] WebApp:491 - Direct internet connection detected
2025-10-24 08:18:42,600 [INFO] WebApp:900 - Register for checkConnection events
2025-10-24 08:18:42,600 [INFO] WebApp:463 - Apply proxy settings
2025-10-24 08:18:42,600 [INFO] WebApp:548 - Chromium requires no authentication
2025-10-24 08:18:42,603 [INFO] WebApp:491 - Direct internet connection detected
2025-10-24 08:18:42,832 [INFO] WebApp:191 - Connection restablished
2025-10-24 08:18:42,872 [INFO] WebApp:225 - Starting web application
2025-10-24 08:18:42,873 [INFO] WebApp:593 - Web application path used C:\ST\STM32CubeIDE_1.19.0\STM32CubeIDE\plugins\com.st.stm32cube.common.mx_6.15.0.202507011659\db\plugins\mcufinder\reactClient1\index.html
2025-10-24 08:18:51,230 [ERROR] LogOutputStream:75 - [STDERR_REDIRECT] 
2025-10-24 08:18:51,234 [ERROR] LogOutputStream:75 - [STDERR_REDIRECT] 
