2025-10-18 23:50:44,463 [INFO] Activator:176 - 


2025-10-18 23:50:44,480 [INFO] Activator:177 - !SESSION log4j initialized
2025-10-18 23:50:49,668 [INFO] LogOutputStream:77 - [STDOUT_REDIRECT] 
2025-10-18 23:50:55,619 [INFO] ApplicationProperties:184 - Using Application install path: C:\ST\STM32CubeIDE_1.19.0\STM32CubeIDE\plugins\com.st.stm32cube.common.mx_6.15.0.202507011659
2025-10-18 23:50:55,639 [INFO] DbMcusXml:78 - Set database path to: C:\ST\STM32CubeIDE_1.19.0\STM32CubeIDE\plugins\com.st.stm32cube.common.mx_6.15.0.202507011659\\db\/mcu/
2025-10-18 23:50:55,639 [INFO] ApiDb:274 - Set plugin database path to: C:\ST\STM32CubeIDE_1.19.0\STM32CubeIDE\plugins\com.st.stm32cube.common.mx_6.15.0.202507011659\\db\/plugins/boardmanager/
2025-10-18 23:50:55,639 [WARN] ApiDb:259 - Overriding images path with different value:  => C:\ST\STM32CubeIDE_1.19.0\STM32CubeIDE\plugins\com.st.stm32cube.common.mx_6.15.0.202507011659\\db\/plugins/mcufinder/images/
2025-10-18 23:50:55,645 [INFO] ApiDb:250 - Set database path to: C:\Users\Abhishek\.stmcufinder\plugins\mcufinder//mcu/
2025-10-18 23:50:55,645 [INFO] DbMcusAds:125 - Set database path to: C:\Users\Abhishek\.stmcufinder\plugins\mcufinder//mcu/
2025-10-18 23:50:55,646 [INFO] CrossReferenceDbSqlite:203 - Set database path to: C:\Users\Abhishek\.stmcufinder\plugins\mcufinder//mcu/cs/
2025-10-18 23:50:55,751 [INFO] RulesReader:64 - Compatibility file has been processed (317 Rules)
2025-10-18 23:50:55,825 [INFO] DbMcusXml:78 - Set database path to: C:\ST\STM32CubeIDE_1.19.0\STM32CubeIDE\plugins\com.st.stm32cube.common.mx_6.15.0.202507011659\\db\/mcu/
2025-10-18 23:50:55,825 [INFO] ApiDb:274 - Set plugin database path to: C:\ST\STM32CubeIDE_1.19.0\STM32CubeIDE\plugins\com.st.stm32cube.common.mx_6.15.0.202507011659\\db\/plugins/boardmanager/
2025-10-18 23:50:55,825 [INFO] ApiDb:261 - Set plugin images path to: C:\ST\STM32CubeIDE_1.19.0\STM32CubeIDE\plugins\com.st.stm32cube.common.mx_6.15.0.202507011659\\db\/plugins/mcufinder/images/
2025-10-18 23:50:55,825 [WARN] DbFile:41 - Overriding database path with different value: C:\Users\Abhishek\.stmcufinder\plugins\mcufinder/ => C:\Users\Abhishek\.stmcufinder\plugins\mcufinder
2025-10-18 23:50:55,825 [INFO] ApiDb:250 - Set database path to: C:\Users\Abhishek\.stmcufinder\plugins\mcufinder//mcu/
2025-10-18 23:50:55,825 [WARN] DbFile:41 - Overriding database path with different value: C:\Users\Abhishek\.stmcufinder\plugins\mcufinder/ => C:\Users\Abhishek\.stmcufinder\plugins\mcufinder
2025-10-18 23:50:55,825 [INFO] DbMcusAds:125 - Set database path to: C:\Users\Abhishek\.stmcufinder\plugins\mcufinder//mcu/
2025-10-18 23:50:55,825 [WARN] DbFile:41 - Overriding database path with different value: C:\Users\Abhishek\.stmcufinder\plugins\mcufinder/ => C:\Users\Abhishek\.stmcufinder\plugins\mcufinder
2025-10-18 23:50:55,825 [WARN] DbFile:41 - Overriding database path with different value: C:\Users\Abhishek\.stmcufinder\plugins\mcufinder/ => C:\Users\Abhishek\.stmcufinder\plugins\mcufinder
2025-10-18 23:50:55,826 [INFO] CrossReferenceDbSqlite:203 - Set database path to: C:\Users\Abhishek\.stmcufinder\plugins\mcufinder//mcu/cs/
2025-10-18 23:50:55,891 [INFO] MainPanel:274 - HeapMemory: 268435456
2025-10-18 23:50:55,978 [INFO] DbMcusXml:78 - Set database path to: C:\ST\STM32CubeIDE_1.19.0\STM32CubeIDE\plugins\com.st.stm32cube.common.mx_6.15.0.202507011659\\db\/mcu/
2025-10-18 23:50:55,978 [INFO] ApiDb:274 - Set plugin database path to: C:\ST\STM32CubeIDE_1.19.0\STM32CubeIDE\plugins\com.st.stm32cube.common.mx_6.15.0.202507011659\\db\/plugins/boardmanager/
2025-10-18 23:50:55,978 [INFO] ApiDb:261 - Set plugin images path to: C:\ST\STM32CubeIDE_1.19.0\STM32CubeIDE\plugins\com.st.stm32cube.common.mx_6.15.0.202507011659\\db\/plugins/mcufinder/images/
2025-10-18 23:50:55,978 [WARN] DbFile:41 - Overriding database path with different value: C:\Users\Abhishek\.stmcufinder\plugins\mcufinder/ => C:\Users\Abhishek\.stmcufinder\plugins\mcufinder
2025-10-18 23:50:55,978 [INFO] ApiDb:250 - Set database path to: C:\Users\Abhishek\.stmcufinder\plugins\mcufinder//mcu/
2025-10-18 23:50:55,978 [WARN] DbFile:41 - Overriding database path with different value: C:\Users\Abhishek\.stmcufinder\plugins\mcufinder/ => C:\Users\Abhishek\.stmcufinder\plugins\mcufinder
2025-10-18 23:50:55,979 [INFO] DbMcusAds:125 - Set database path to: C:\Users\Abhishek\.stmcufinder\plugins\mcufinder//mcu/
2025-10-18 23:50:55,979 [WARN] DbFile:41 - Overriding database path with different value: C:\Users\Abhishek\.stmcufinder\plugins\mcufinder/ => C:\Users\Abhishek\.stmcufinder\plugins\mcufinder
2025-10-18 23:50:55,979 [WARN] DbFile:41 - Overriding database path with different value: C:\Users\Abhishek\.stmcufinder\plugins\mcufinder/ => C:\Users\Abhishek\.stmcufinder\plugins\mcufinder
2025-10-18 23:50:55,979 [INFO] CrossReferenceDbSqlite:203 - Set database path to: C:\Users\Abhishek\.stmcufinder\plugins\mcufinder//mcu/cs/
2025-10-18 23:50:55,993 [INFO] ApplicationProperties:184 - Using Application install path: C:\ST\STM32CubeIDE_1.19.0\STM32CubeIDE\plugins\com.st.stm32cube.common.mx_6.15.0.202507011659
2025-10-18 23:50:55,994 [INFO] PluginManage:196 - Search for loadable plugins [exclusion list=, ]
2025-10-18 23:50:55,996 [INFO] PluginManage:310 - Check plugin analytics
2025-10-18 23:51:01,106 [INFO] AnalyticsPlugin:253 - Accepted Software Licenses: 
2025-10-18 23:51:01,107 [INFO] AnalyticsPlugin:255 - Accepted CMSIS Pack Licenses: 
2025-10-18 23:51:01,107 [INFO] AnalyticsPlugin:257 - Accepted Firmware Licenses: FW.F4.1.28.0
2025-10-18 23:51:01,111 [INFO] PluginManage:359 - Loaded plugin analytics (category:tool,tabindex:-1)
2025-10-18 23:51:01,112 [INFO] PluginManage:310 - Check plugin cadmodel
2025-10-18 23:51:01,118 [INFO] CADModel:105 - Init CAD model plugin
2025-10-18 23:51:01,119 [INFO] PluginManage:359 - Loaded plugin cadmodel (category:power,tabindex:5)
2025-10-18 23:51:01,119 [INFO] PluginManage:310 - Check plugin clock
2025-10-18 23:51:01,129 [INFO] PluginManage:359 - Loaded plugin clock (category:base,tabindex:2)
2025-10-18 23:51:01,129 [INFO] PluginManage:310 - Check plugin ddr
2025-10-18 23:51:01,132 [INFO] PluginManage:359 - Loaded plugin ddr (category:tool,tabindex:6)
2025-10-18 23:51:01,132 [INFO] PluginManage:310 - Check plugin filemanager
2025-10-18 23:51:01,282 [INFO] PluginManage:359 - Loaded plugin filemanager (category:base,tabindex:10)
2025-10-18 23:51:01,282 [INFO] PluginManage:310 - Check plugin ipmanager
2025-10-18 23:51:01,288 [INFO] PluginManage:359 - Loaded plugin ipmanager (category:base,tabindex:5)
2025-10-18 23:51:01,288 [INFO] PluginManage:310 - Check plugin lpbam
2025-10-18 23:51:01,295 [INFO] PluginManage:359 - Loaded plugin lpbam (category:base,tabindex:0)
2025-10-18 23:51:01,295 [INFO] PluginManage:310 - Check plugin memorymap
2025-10-18 23:51:01,307 [INFO] PluginManage:359 - Loaded plugin memorymap (category:base,tabindex:4)
2025-10-18 23:51:01,307 [INFO] PluginManage:310 - Check plugin pinoutandconfiguration
2025-10-18 23:51:01,313 [INFO] PluginManage:359 - Loaded plugin pinoutandconfiguration (category:base,tabindex:1)
2025-10-18 23:51:01,313 [INFO] PluginManage:310 - Check plugin pinoutconfig
2025-10-18 23:51:01,379 [WARN] SupportedApi:132 - Cannot load RTOS API schema: s4s-elt-must-match.1: The content of 'definitions' must match (annotation?, (simpleType | complexType)?, (unique | key | keyref)*)). A problem was found starting at: attribute.
2025-10-18 23:51:01,519 [INFO] PluginManage:359 - Loaded plugin pinoutconfig (category:base,tabindex:0)
2025-10-18 23:51:01,519 [INFO] PluginManage:310 - Check plugin power
2025-10-18 23:51:01,527 [INFO] PluginManage:359 - Loaded plugin power (category:power,tabindex:4)
2025-10-18 23:51:01,527 [INFO] PluginManage:310 - Check plugin projectmanager
2025-10-18 23:51:01,541 [INFO] PluginManage:359 - Loaded plugin projectmanager (category:projectmanager,tabindex:4)
2025-10-18 23:51:01,541 [INFO] PluginManage:310 - Check plugin rif
2025-10-18 23:51:01,551 [INFO] PluginManage:359 - Loaded plugin rif (category:base,tabindex:3)
2025-10-18 23:51:01,551 [INFO] PluginManage:310 - Check plugin thirdparty
2025-10-18 23:51:01,671 [INFO] PluginManage:359 - Loaded plugin thirdparty (category:base,tabindex:-1)
2025-10-18 23:51:01,671 [INFO] PluginManage:310 - Check plugin tools
2025-10-18 23:51:01,671 [WARN] IntegrityCheckThread:84 - waiting for thirdparty lock release [integrity check]
2025-10-18 23:51:01,672 [INFO] IntegrityCheckThread:86 - entering critical section [integrity check]
2025-10-18 23:51:01,672 [INFO] ThirdPartyUpdaterWithRetryManager:70 - Updater plugin not ready yet. [1/15]
2025-10-18 23:51:01,673 [INFO] PluginManage:359 - Loaded plugin tools (category:base,tabindex:7)
2025-10-18 23:51:01,673 [INFO] PluginManage:310 - Check plugin tutovideos
2025-10-18 23:51:01,861 [INFO] PluginManage:359 - Loaded plugin tutovideos (category:base,tabindex:-1)
2025-10-18 23:51:01,863 [INFO] PluginManage:310 - Check plugin updater
2025-10-18 23:51:01,887 [INFO] PluginManage:359 - Loaded plugin updater (category:base,tabindex:12)
2025-10-18 23:51:01,887 [INFO] PluginManage:310 - Check plugin userauth
2025-10-18 23:51:01,896 [INFO] UserAuth:118 - Init User Auth plugin
2025-10-18 23:51:01,897 [INFO] PluginManage:359 - Loaded plugin userauth (category:base,tabindex:14)
2025-10-18 23:51:01,899 [INFO] PluginManage:283 - PluginManage : Loaded plugins [18]
2025-10-18 23:51:02,170 [INFO] PinOutPanel:1589 - setPackage(No Configuration,No Configuration)
2025-10-18 23:51:02,236 [INFO] CADModel:165 - CPN selected for project level
2025-10-18 23:51:02,236 [INFO] CADModel:114 - Register for checkConnection events
2025-10-18 23:51:02,252 [INFO] IPUIPlugin:80 - create IPUIPlugin
2025-10-18 23:51:02,254 [INFO] PluginManager:220 - loadIPPluginJar : add adc
2025-10-18 23:51:02,256 [INFO] IPUIPlugin:80 - create IPUIPlugin
2025-10-18 23:51:02,257 [INFO] PluginManager:220 - loadIPPluginJar : add aes
2025-10-18 23:51:02,260 [INFO] IPUIPlugin:80 - create IPUIPlugin
2025-10-18 23:51:02,260 [INFO] PluginManager:220 - loadIPPluginJar : add can
2025-10-18 23:51:02,263 [INFO] IPUIPlugin:80 - create IPUIPlugin
2025-10-18 23:51:02,264 [INFO] PluginManager:220 - loadIPPluginJar : add comp
2025-10-18 23:51:02,266 [INFO] IPUIPlugin:80 - create IPUIPlugin
2025-10-18 23:51:02,267 [INFO] PluginManager:220 - loadIPPluginJar : add cryp
2025-10-18 23:51:02,270 [INFO] IPUIPlugin:80 - create IPUIPlugin
2025-10-18 23:51:02,272 [INFO] PluginManager:220 - loadIPPluginJar : add ddr_ctrl_phy
2025-10-18 23:51:02,274 [INFO] IPUIPlugin:80 - create IPUIPlugin
2025-10-18 23:51:02,274 [INFO] PluginManager:220 - loadIPPluginJar : add dfsdm
2025-10-18 23:51:02,279 [INFO] IPUIPlugin:80 - create IPUIPlugin
2025-10-18 23:51:02,279 [INFO] PluginManager:220 - loadIPPluginJar : add dma
2025-10-18 23:51:02,282 [INFO] IPUIPlugin:80 - create IPUIPlugin
2025-10-18 23:51:02,282 [INFO] PluginManager:220 - loadIPPluginJar : add dma3
2025-10-18 23:51:02,284 [INFO] IPUIPlugin:80 - create IPUIPlugin
2025-10-18 23:51:02,284 [INFO] PluginManager:220 - loadIPPluginJar : add extmemmanager
2025-10-18 23:51:02,285 [INFO] IPUIPlugin:80 - create IPUIPlugin
2025-10-18 23:51:02,287 [INFO] PluginManager:220 - loadIPPluginJar : add fatfs
2025-10-18 23:51:02,290 [INFO] IPUIPlugin:80 - create IPUIPlugin
2025-10-18 23:51:02,290 [INFO] PluginManager:220 - loadIPPluginJar : add fmc
2025-10-18 23:51:02,294 [INFO] IPUIPlugin:80 - create IPUIPlugin
2025-10-18 23:51:02,295 [INFO] PluginManager:220 - loadIPPluginJar : add freertos
2025-10-18 23:51:02,296 [INFO] IPUIPlugin:80 - create IPUIPlugin
2025-10-18 23:51:02,296 [INFO] PluginManager:220 - loadIPPluginJar : add genericplugin
2025-10-18 23:51:02,297 [INFO] IPUIPlugin:80 - create IPUIPlugin
2025-10-18 23:51:02,298 [INFO] PluginManager:220 - loadIPPluginJar : add gfxmmu
2025-10-18 23:51:02,302 [INFO] IPUIPlugin:80 - create IPUIPlugin
2025-10-18 23:51:02,302 [INFO] PluginManager:220 - loadIPPluginJar : add gic
2025-10-18 23:51:02,306 [INFO] IPUIPlugin:80 - create IPUIPlugin
2025-10-18 23:51:02,306 [INFO] PluginManager:220 - loadIPPluginJar : add gpio
2025-10-18 23:51:02,308 [INFO] IPUIPlugin:80 - create IPUIPlugin
2025-10-18 23:51:02,308 [INFO] PluginManager:220 - loadIPPluginJar : add gtzc
2025-10-18 23:51:02,310 [INFO] IPUIPlugin:80 - create IPUIPlugin
2025-10-18 23:51:02,310 [INFO] PluginManager:220 - loadIPPluginJar : add hash
2025-10-18 23:51:02,312 [INFO] IPUIPlugin:80 - create IPUIPlugin
2025-10-18 23:51:02,312 [INFO] PluginManager:220 - loadIPPluginJar : add i2c
2025-10-18 23:51:02,313 [INFO] IPUIPlugin:80 - create IPUIPlugin
2025-10-18 23:51:02,313 [INFO] PluginManager:220 - loadIPPluginJar : add i2s
2025-10-18 23:51:02,316 [INFO] IPUIPlugin:80 - create IPUIPlugin
2025-10-18 23:51:02,316 [INFO] PluginManager:220 - loadIPPluginJar : add i3c
2025-10-18 23:51:02,320 [INFO] IPUIPlugin:80 - create IPUIPlugin
2025-10-18 23:51:02,320 [INFO] PluginManager:220 - loadIPPluginJar : add ipddr
2025-10-18 23:51:02,326 [INFO] IPUIPlugin:80 - create IPUIPlugin
2025-10-18 23:51:02,326 [INFO] PluginManager:220 - loadIPPluginJar : add linkedlist
2025-10-18 23:51:02,327 [INFO] IPUIPlugin:80 - create IPUIPlugin
2025-10-18 23:51:02,328 [INFO] PluginManager:220 - loadIPPluginJar : add lorawan
2025-10-18 23:51:02,328 [INFO] IPUIPlugin:80 - create IPUIPlugin
2025-10-18 23:51:02,328 [INFO] PluginManager:220 - loadIPPluginJar : add ltdc
2025-10-18 23:51:02,332 [INFO] IPUIPlugin:80 - create IPUIPlugin
2025-10-18 23:51:02,332 [INFO] PluginManager:220 - loadIPPluginJar : add mdma
2025-10-18 23:51:02,336 [INFO] IPUIPlugin:80 - create IPUIPlugin
2025-10-18 23:51:02,336 [INFO] PluginManager:220 - loadIPPluginJar : add nvic
2025-10-18 23:51:02,338 [INFO] IPUIPlugin:80 - create IPUIPlugin
2025-10-18 23:51:02,338 [INFO] PluginManager:220 - loadIPPluginJar : add opamp
2025-10-18 23:51:02,342 [INFO] IPUIPlugin:80 - create IPUIPlugin
2025-10-18 23:51:02,342 [INFO] PluginManager:220 - loadIPPluginJar : add openamp
2025-10-18 23:51:02,345 [INFO] IPUIPlugin:80 - create IPUIPlugin
2025-10-18 23:51:02,345 [INFO] PluginManager:220 - loadIPPluginJar : add pdm2pcm
2025-10-18 23:51:02,349 [INFO] IPUIPlugin:80 - create IPUIPlugin
2025-10-18 23:51:02,351 [INFO] PluginManager:220 - loadIPPluginJar : add plateformsettings
2025-10-18 23:51:02,352 [INFO] IPUIPlugin:80 - create IPUIPlugin
2025-10-18 23:51:02,352 [INFO] PluginManager:220 - loadIPPluginJar : add quadspi
2025-10-18 23:51:02,355 [INFO] IPUIPlugin:80 - create IPUIPlugin
2025-10-18 23:51:02,355 [INFO] PluginManager:220 - loadIPPluginJar : add radio
2025-10-18 23:51:02,357 [INFO] IPUIPlugin:80 - create IPUIPlugin
2025-10-18 23:51:02,357 [INFO] PluginManager:220 - loadIPPluginJar : add resmgrutility
2025-10-18 23:51:02,359 [INFO] IPUIPlugin:80 - create IPUIPlugin
2025-10-18 23:51:02,359 [INFO] PluginManager:220 - loadIPPluginJar : add sai
2025-10-18 23:51:02,362 [INFO] IPUIPlugin:80 - create IPUIPlugin
2025-10-18 23:51:02,362 [INFO] PluginManager:220 - loadIPPluginJar : add spi
2025-10-18 23:51:02,370 [INFO] IPUIPlugin:80 - create IPUIPlugin
2025-10-18 23:51:02,370 [INFO] PluginManager:220 - loadIPPluginJar : add stm32_wpan
2025-10-18 23:51:02,372 [INFO] IPUIPlugin:80 - create IPUIPlugin
2025-10-18 23:51:02,372 [INFO] PluginManager:220 - loadIPPluginJar : add tim
2025-10-18 23:51:02,374 [INFO] IPUIPlugin:80 - create IPUIPlugin
2025-10-18 23:51:02,374 [INFO] PluginManager:220 - loadIPPluginJar : add touchsensing
2025-10-18 23:51:02,376 [INFO] IPUIPlugin:80 - create IPUIPlugin
2025-10-18 23:51:02,376 [INFO] PluginManager:220 - loadIPPluginJar : add tracer_emb
2025-10-18 23:51:02,378 [INFO] IPUIPlugin:80 - create IPUIPlugin
2025-10-18 23:51:02,379 [INFO] PluginManager:220 - loadIPPluginJar : add ts
2025-10-18 23:51:02,381 [INFO] IPUIPlugin:80 - create IPUIPlugin
2025-10-18 23:51:02,381 [INFO] PluginManager:220 - loadIPPluginJar : add tsc
2025-10-18 23:51:02,384 [INFO] IPUIPlugin:80 - create IPUIPlugin
2025-10-18 23:51:02,384 [INFO] PluginManager:220 - loadIPPluginJar : add ucpd
2025-10-18 23:51:02,388 [INFO] IPUIPlugin:80 - create IPUIPlugin
2025-10-18 23:51:02,388 [INFO] PluginManager:220 - loadIPPluginJar : add usart
2025-10-18 23:51:02,391 [INFO] IPUIPlugin:80 - create IPUIPlugin
2025-10-18 23:51:02,391 [INFO] PluginManager:220 - loadIPPluginJar : add usbx
2025-10-18 23:51:02,508 [FATAL] Updater:351 - Updater called before beeing initialized
2025-10-18 23:51:02,535 [INFO] RulesReader:64 - Compatibility file has been processed (317 Rules)
2025-10-18 23:51:02,543 [INFO] RulesReader:64 - Compatibility file has been processed (317 Rules)
2025-10-18 23:51:02,555 [INFO] CADModel:165 - CPN selected for project level
2025-10-18 23:51:02,555 [INFO] CADModel:114 - Register for checkConnection events
2025-10-18 23:51:02,555 [FATAL] Updater:351 - Updater called before beeing initialized
2025-10-18 23:51:02,555 [ERROR] CADModel:125 - Updater not yet initialized, retry later 
2025-10-18 23:51:02,727 [FATAL] Updater:351 - Updater called before beeing initialized
2025-10-18 23:51:02,728 [INFO] CADModel:165 - CPN selected for project level
2025-10-18 23:51:02,729 [INFO] CADModel:114 - Register for checkConnection events
2025-10-18 23:51:02,729 [FATAL] Updater:351 - Updater called before beeing initialized
2025-10-18 23:51:02,729 [ERROR] CADModel:125 - Updater not yet initialized, retry later 
2025-10-18 23:51:02,734 [FATAL] Updater:351 - Updater called before beeing initialized
2025-10-18 23:51:02,848 [FATAL] Updater:351 - Updater called before beeing initialized
2025-10-18 23:51:02,851 [INFO] DbMcusAds:53 - JSON generation date=Thu Oct 02 15:06:05 IST 2025 (1759397765645)
2025-10-18 23:51:02,851 [FATAL] Updater:351 - Updater called before beeing initialized
2025-10-18 23:51:02,877 [WARN] DetailPanel:346 - Failed to get advertising image, set to default
2025-10-18 23:51:02,937 [FATAL] Updater:351 - Updater called before beeing initialized
2025-10-18 23:51:02,939 [FATAL] Updater:351 - Updater called before beeing initialized
2025-10-18 23:51:02,939 [FATAL] Updater:351 - Updater called before beeing initialized
2025-10-18 23:51:02,939 [WARN] DetailPanel:346 - Failed to get advertising image, set to default
2025-10-18 23:51:02,940 [FATAL] Updater:351 - Updater called before beeing initialized
2025-10-18 23:51:02,974 [ERROR] Updater:1198 - MainUpdater not yet initialized. External WinMGr cannot be set.
2025-10-18 23:51:02,976 [INFO] Updater:1134 - Updater Version found : 6.15.0
2025-10-18 23:51:02,989 [INFO] ApplicationProperties:184 - Using Application install path: C:\ST\STM32CubeIDE_1.19.0\STM32CubeIDE\plugins\com.st.stm32cube.common.mx_6.15.0.202507011659
2025-10-18 23:51:04,558 [ERROR] LogOutputStream:75 - [STDERR_REDIRECT] Oct 18, 2025 11:51:04 PM java.util.prefs.WindowsPreferences <init>
2025-10-18 23:51:04,559 [ERROR] LogOutputStream:75 - [STDERR_REDIRECT] WARNING: Could not open/create prefs root node Software\JavaSoft\Prefs at root 0xffffffff80000002. Windows RegCreateKeyEx(...) returned error code 5.
2025-10-18 23:51:04,559 [ERROR] LogOutputStream:75 - [STDERR_REDIRECT] 
2025-10-18 23:51:04,674 [INFO] ThirdPartyUpdaterWithRetryManager:70 - Updater plugin not ready yet. [2/15]
2025-10-18 23:51:04,856 [INFO] MainUpdater:2872 - connection check result : 10
2025-10-18 23:51:04,856 [INFO] MainUpdater:289 - Updater Check For Update Now.
2025-10-18 23:51:04,856 [INFO] MicroXplorer:498 - Change Database Version : DB.6.0.150
2025-10-18 23:51:04,866 [INFO] McuFinderGlobals:63 - Set McuFinder mode to 2 (CubeIDE integrated)
2025-10-18 23:51:04,866 [INFO] UserAuth:171 - activating auth plugin
2025-10-18 23:51:04,873 [INFO] UserAuth:487 - Internet connection configuration mode: 1
2025-10-18 23:51:04,907 [INFO] JxBrowserEngine:152 - Initiate JxBrowser Engine with user profile folder
2025-10-18 23:51:05,031 [INFO] CheckServerUpdateThread:120 - End of CheckServer Thread
2025-10-18 23:51:05,704 [INFO] WebApp:169 - Instantiating new browser for Auth
2025-10-18 23:51:06,486 [INFO] WebApp:463 - Apply proxy settings
2025-10-18 23:51:06,486 [INFO] WebApp:548 - Chromium requires no authentication
2025-10-18 23:51:06,517 [INFO] WebApp:491 - Direct internet connection detected
2025-10-18 23:51:06,550 [INFO] WebApp:900 - Register for checkConnection events
2025-10-18 23:51:06,550 [INFO] WebApp:463 - Apply proxy settings
2025-10-18 23:51:06,551 [INFO] WebApp:548 - Chromium requires no authentication
2025-10-18 23:51:06,551 [INFO] WebApp:491 - Direct internet connection detected
2025-10-18 23:51:06,709 [INFO] WebApp:225 - Starting web application
2025-10-18 23:51:06,709 [INFO] WebApp:593 - Web application path used C:\ST\STM32CubeIDE_1.19.0\STM32CubeIDE\plugins\com.st.stm32cube.common.mx_6.15.0.202507011659\db\plugins\mcufinder\reactClient1\index.html
2025-10-18 23:51:06,883 [INFO] WebApp:191 - Connection restablished
2025-10-18 23:51:07,869 [WARN] PackLoader:240 - Cannot read IP mode file for STMicroelectronics.FP-SNS-MOTENVWB1.1.4.0
2025-10-18 23:51:07,878 [WARN] PackLoader:240 - Cannot read IP mode file for STMicroelectronics.FP-ATR-ASTRA1.2.0.2
2025-10-18 23:51:07,888 [WARN] PackLoader:240 - Cannot read IP mode file for STMicroelectronics.X-CUBE-SMBUS.2.1.0
2025-10-18 23:51:07,894 [WARN] PackLoader:240 - Cannot read IP mode file for STMicroelectronics.X-CUBE-ST60.1.0.0
2025-10-18 23:51:07,924 [WARN] PackLoader:240 - Cannot read IP mode file for STMicroelectronics.X-CUBE-AZRTOS-F7.1.1.0
2025-10-18 23:51:07,933 [WARN] PackLoader:240 - Cannot read IP mode file for Cesanta.I-CUBE-Mongoose.7.19.0
2025-10-18 23:51:07,943 [WARN] PackLoader:240 - Cannot read IP mode file for WES.I-CUBE-Cesium.1.4.0
2025-10-18 23:51:07,962 [WARN] PackLoader:240 - Cannot read IP mode file for Infineon.AIROC-Wi-Fi-Bluetooth-STM32.1.7.1
2025-10-18 23:51:07,986 [WARN] PackLoader:240 - Cannot read IP mode file for STMicroelectronics.X-CUBE-AZRTOS-H7.3.4.0
2025-10-18 23:51:07,998 [WARN] PackLoader:240 - Cannot read IP mode file for STMicroelectronics.X-CUBE-DISPLAY.3.0.0
2025-10-18 23:51:08,012 [WARN] PackLoader:240 - Cannot read IP mode file for STMicroelectronics.X-CUBE-NFC10.1.0.0
2025-10-18 23:51:08,021 [WARN] PackLoader:240 - Cannot read IP mode file for emotas.I-CUBE-CANOPEN.1.3.0
2025-10-18 23:51:08,028 [WARN] PackLoader:240 - Cannot read IP mode file for STMicroelectronics.FP-SNS-STBOX1.2.1.0
2025-10-18 23:51:08,045 [WARN] PackLoader:240 - Cannot read IP mode file for STMicroelectronics.FP-SNS-SMARTAG2.1.2.0
2025-10-18 23:51:08,050 [WARN] PackLoader:240 - Cannot read IP mode file for STMicroelectronics.FP-SNS-FLIGHT1.5.1.0
2025-10-18 23:51:08,058 [INFO] LogOutputStream:77 - [STDOUT_REDIRECT] 1 : Invalid condition id : UX_CORESTACK_Condition cause : null
2025-10-18 23:51:08,060 [INFO] LogOutputStream:77 - [STDOUT_REDIRECT] 1 : Invalid condition id : UX_CORESTACK_Condition cause : null
2025-10-18 23:51:08,060 [INFO] LogOutputStream:77 - [STDOUT_REDIRECT] 1 : Invalid condition id : UX_CORESTACK_Condition cause : null
2025-10-18 23:51:08,061 [INFO] LogOutputStream:77 - [STDOUT_REDIRECT] 1 : Invalid condition id : UX_CORESTACK_Condition cause : null
2025-10-18 23:51:08,062 [INFO] LogOutputStream:77 - [STDOUT_REDIRECT] 1 : Invalid condition id : UX_CORESTACK_Condition cause : null
2025-10-18 23:51:08,065 [WARN] PackLoader:240 - Cannot read IP mode file for STMicroelectronics.X-CUBE-AZRTOS-WL.2.0.0
2025-10-18 23:51:08,069 [WARN] PackLoader:240 - Cannot read IP mode file for STMicroelectronics.FP-SNS-MOTENV1.5.0.0
2025-10-18 23:51:08,075 [WARN] PackLoader:240 - Cannot read IP mode file for STMicroelectronics.X-CUBE-BLE2.3.3.0
2025-10-18 23:51:08,083 [WARN] PackLoader:240 - Cannot read IP mode file for STMicroelectronics.X-CUBE-NFC9.1.0.0
2025-10-18 23:51:08,089 [WARN] PackLoader:240 - Cannot read IP mode file for wolfSSL.I-CUBE-wolfSSL.5.8.2
2025-10-18 23:51:08,094 [WARN] PackLoader:240 - Cannot read IP mode file for STMicroelectronics.X-CUBE-BLE1.7.1.0
2025-10-18 23:51:08,098 [WARN] PackLoader:240 - Cannot read IP mode file for wolfSSL.I-CUBE-wolfMQTT.1.19.2
2025-10-18 23:51:08,104 [WARN] PackLoader:240 - Cannot read IP mode file for STMicroelectronics.X-CUBE-EEPRMA1.5.2.0
2025-10-18 23:51:08,111 [WARN] PackLoader:240 - Cannot read IP mode file for STMicroelectronics.X-CUBE-ST67W61.1.1.0
2025-10-18 23:51:08,124 [WARN] PackLoader:240 - Cannot read IP mode file for STMicroelectronics.X-CUBE-AZRTOS-G0.1.1.0
2025-10-18 23:51:08,131 [WARN] PackLoader:240 - Cannot read IP mode file for STMicroelectronics.X-CUBE-SAFEA1.1.2.2
2025-10-18 23:51:08,136 [WARN] PackLoader:240 - Cannot read IP mode file for STMicroelectronics.X-CUBE-NFC4.3.0.0
2025-10-18 23:51:08,143 [WARN] PackLoader:240 - Cannot read IP mode file for EmbeddedOffice.I-CUBE-FS-RTOS.1.0.1
2025-10-18 23:51:08,149 [WARN] PackLoader:240 - Cannot read IP mode file for STMicroelectronics.X-CUBE-WB05N.2.0.0
2025-10-18 23:51:08,152 [WARN] PackLoader:240 - Cannot read IP mode file for wolfSSL.I-CUBE-wolfTPM.3.8.0
2025-10-18 23:51:08,156 [WARN] PackLoader:240 - Cannot read IP mode file for STMicroelectronics.X-CUBE-TCPP.4.2.0
2025-10-18 23:51:08,160 [WARN] PackLoader:240 - Cannot read IP mode file for RealThread.X-CUBE-RT-Thread_Nano.4.1.1
2025-10-18 23:51:08,166 [WARN] PackLoader:240 - Cannot read IP mode file for STMicroelectronics.FP-ATR-SIGFOX1.3.2.0
2025-10-18 23:51:08,172 [WARN] PackLoader:240 - Cannot read IP mode file for ITTIA_DB.I-CUBE-ITTIADB.8.9.0
2025-10-18 23:51:08,177 [WARN] PackLoader:240 - Cannot read IP mode file for STMicroelectronics.X-CUBE-ST67W61.1.0.0
2025-10-18 23:51:08,183 [WARN] PackLoader:240 - Cannot read IP mode file for STMicroelectronics.X-CUBE-AI.10.2.0
2025-10-18 23:51:08,203 [WARN] PackLoader:240 - Cannot read IP mode file for SEGGER.I-CUBE-embOS.1.3.1
2025-10-18 23:51:08,232 [WARN] PackLoader:240 - Cannot read IP mode file for STMicroelectronics.X-CUBE-ALGOBUILD.1.4.0
2025-10-18 23:51:08,291 [WARN] PackLoader:240 - Cannot read IP mode file for STMicroelectronics.X-CUBE-MEMS1.11.3.0
2025-10-18 23:51:08,467 [WARN] PackLoader:240 - Cannot read IP mode file for STMicroelectronics.X-CUBE-PM33A1.1.0.0
2025-10-18 23:51:08,490 [WARN] PackLoader:240 - Cannot read IP mode file for STMicroelectronics.X-CUBE-AZRTOS-F4.1.1.0
2025-10-18 23:51:08,498 [WARN] PackLoader:240 - Cannot read IP mode file for STMicroelectronics.X-CUBE-ISPU.2.1.0
2025-10-18 23:51:08,513 [WARN] PackLoader:240 - Cannot read IP mode file for STMicroelectronics.X-CUBE-IPS.3.2.0
2025-10-18 23:51:08,528 [WARN] PackLoader:240 - Cannot read IP mode file for STMicroelectronics.X-CUBE-NFC12.1.0.0
2025-10-18 23:51:08,548 [WARN] PackLoader:240 - Cannot read IP mode file for STMicroelectronics.X-CUBE-AZRTOS-L5.2.0.0
2025-10-18 23:51:08,559 [WARN] PackLoader:240 - Cannot read IP mode file for STMicroelectronics.X-CUBE-NFC6.3.1.0
2025-10-18 23:51:08,567 [WARN] PackLoader:240 - Cannot read IP mode file for STMicroelectronics.X-CUBE-FREERTOS.1.3.1
2025-10-18 23:51:08,575 [WARN] PackLoader:240 - Cannot read IP mode file for STMicroelectronics.X-CUBE-TOUCHGFX.4.26.0
2025-10-18 23:51:08,582 [WARN] PackLoader:240 - Cannot read IP mode file for STMicroelectronics.FP-SNS-STAIOTCFT.1.0.0
2025-10-18 23:51:08,589 [WARN] PackLoader:240 - Cannot read IP mode file for STMicroelectronics.X-CUBE-DPower.1.3.0
2025-10-18 23:51:08,606 [WARN] ConditionMgr:438 - getConditionDescription Invalid condition id : LAN8742 Phy interface Condition cause : null
2025-10-18 23:51:08,607 [WARN] PackLoader:240 - Cannot read IP mode file for STMicroelectronics.X-CUBE-AZRTOS-L4.2.0.0
2025-10-18 23:51:08,609 [WARN] ConditionMgr:1044 - genDependencies : Invalid condition id : LAN8742 Phy interface Condition cause : null
2025-10-18 23:51:08,609 [WARN] ConditionMgr:1044 - genDependencies : Invalid condition id : LAN8742 Phy interface Condition cause : null
2025-10-18 23:51:08,610 [WARN] ConditionMgr:1044 - genDependencies : Invalid condition id : LAN8742 Phy interface Condition cause : null
2025-10-18 23:51:08,618 [WARN] PackLoader:240 - Cannot read IP mode file for STMicroelectronics.X-CUBE-SFXS2LP1.4.0.0
2025-10-18 23:51:08,626 [WARN] PackLoader:240 - Cannot read IP mode file for STMicroelectronics.X-CUBE-BLEMGR.4.1.0
2025-10-18 23:51:08,637 [WARN] ConditionMgr:438 - getConditionDescription Invalid condition id : UX DEVICE CLASS RTOS Condition cause : null
2025-10-18 23:51:08,637 [WARN] ConditionMgr:438 - getConditionDescription Invalid condition id : UX DEVICE CLASS RTOS Condition cause : null
2025-10-18 23:51:08,638 [WARN] PackLoader:240 - Cannot read IP mode file for STMicroelectronics.X-CUBE-AZRTOS-WB.2.0.0
2025-10-18 23:51:08,639 [WARN] ConditionMgr:1044 - genDependencies : Invalid condition id : UX DEVICE CLASS RTOS Condition cause : null
2025-10-18 23:51:08,639 [WARN] ConditionMgr:1044 - genDependencies : Invalid condition id : UX DEVICE CLASS RTOS Condition cause : null
2025-10-18 23:51:08,639 [WARN] ConditionMgr:1044 - genDependencies : Invalid condition id : UX DEVICE CLASS RTOS Condition cause : null
2025-10-18 23:51:08,639 [WARN] ConditionMgr:1044 - genDependencies : Invalid condition id : UX DEVICE CLASS RTOS Condition cause : null
2025-10-18 23:51:08,639 [WARN] ConditionMgr:1044 - genDependencies : Invalid condition id : UX DEVICE CLASS RTOS Condition cause : null
2025-10-18 23:51:08,647 [WARN] PackLoader:240 - Cannot read IP mode file for STMicroelectronics.X-CUBE-GNSS1.7.0.1
2025-10-18 23:51:08,652 [WARN] ConditionMgr:438 - getConditionDescription Invalid condition id : Cortex-A Device cause : null
2025-10-18 23:51:08,666 [WARN] ConditionMgr:1044 - genDependencies : Invalid condition id : Cortex-A Device cause : null
2025-10-18 23:51:08,666 [WARN] ConditionMgr:1044 - genDependencies : Invalid condition id : Cortex-A Device cause : null
2025-10-18 23:51:08,666 [WARN] ConditionMgr:1044 - genDependencies : Invalid condition id : Cortex-A Device cause : null
2025-10-18 23:51:08,676 [WARN] PackLoader:240 - Cannot read IP mode file for STMicroelectronics.X-CUBE-SUBG2.5.0.0
2025-10-18 23:51:08,697 [WARN] PackLoader:240 - Cannot read IP mode file for STMicroelectronics.X-CUBE-AZRTOS-H7RS.1.1.0
2025-10-18 23:51:08,709 [WARN] PackLoader:240 - Cannot read IP mode file for STMicroelectronics.X-CUBE-AZRTOS-G4.2.0.0
2025-10-18 23:51:08,716 [WARN] PackLoader:240 - Cannot read IP mode file for wolfSSL.I-CUBE-wolfSSH.1.4.20
2025-10-18 23:51:08,721 [WARN] PackLoader:240 - Cannot read IP mode file for STMicroelectronics.X-CUBE-NFC7.2.0.0
2025-10-18 23:51:08,725 [WARN] PackLoader:240 - Cannot read IP mode file for STMicroelectronics.X-CUBE-ALS.1.0.2
2025-10-18 23:51:08,733 [WARN] PackLoader:240 - Cannot read IP mode file for STMicroelectronics.X-CUBE-STSE01.1.0.0
2025-10-18 23:51:08,744 [WARN] PackLoader:240 - Cannot read IP mode file for STMicroelectronics.X-CUBE-TOF1.3.4.3
2025-10-18 23:51:08,756 [INFO] ThirdParty:978 - Integrity check success = true
2025-10-18 23:51:08,756 [INFO] IntegrityCheckThread:100 - exiting critical section [integrity check]
2025-10-18 23:51:08,757 [INFO] IntegrityCheckThread:103 - End integrity checks thread
2025-10-18 23:51:40,573 [ERROR] LogOutputStream:75 - [STDERR_REDIRECT] 
